Copyright 1986-2018 Xilinx, Inc. All Rights Reserved.
--------------------------------------------------------------------------------------------
| Tool Version : Vivado v.2018.2 (lin64) Build 2258646 Thu Jun 14 20:02:38 MDT 2018
| Date         : Sun Dec  2 13:45:02 2018
| Host         : Linux-Laptop running 64-bit unknown
| Command      : report_control_sets -verbose -file vending_machine_control_sets_placed.rpt
| Design       : vending_machine
| Device       : xc7a35t
--------------------------------------------------------------------------------------------

Control Set Information

Table of Contents
-----------------
1. Summary
2. Histogram
3. Flip-Flop Distribution
4. Detailed Control Set Information

1. Summary
----------

+----------------------------------------------------------+-------+
|                          Status                          | Count |
+----------------------------------------------------------+-------+
| Number of unique control sets                            |   244 |
| Unused register locations in slices containing registers |  1416 |
+----------------------------------------------------------+-------+


2. Histogram
------------

+--------+--------------+
| Fanout | Control Sets |
+--------+--------------+
|      2 |          235 |
|     14 |            1 |
|    16+ |            8 |
+--------+--------------+


3. Flip-Flop Distribution
-------------------------

+--------------+-----------------------+------------------------+-----------------+--------------+
| Clock Enable | Synchronous Set/Reset | Asynchronous Set/Reset | Total Registers | Total Slices |
+--------------+-----------------------+------------------------+-----------------+--------------+
| No           | No                    | No                     |              68 |           16 |
| No           | No                    | Yes                    |             214 |          107 |
| No           | Yes                   | No                     |             488 |          118 |
| Yes          | No                    | No                     |              14 |            7 |
| Yes          | No                    | Yes                    |              88 |           44 |
| Yes          | Yes                   | No                     |               0 |            0 |
+--------------+-----------------------+------------------------+-----------------+--------------+


4. Detailed Control Set Information
-----------------------------------

+----------------------------------+----------------------------------+-----------------------------------+------------------+----------------+
|           Clock Signal           |           Enable Signal          |          Set/Reset Signal         | Slice Load Count | Bel Load Count |
+----------------------------------+----------------------------------+-----------------------------------+------------------+----------------+
| ~coinsDisp_BUFG                  |                                  | toDisp/dispAN0_reg[4]_C_0         |                1 |              2 |
| ~coinsDisp_BUFG                  |                                  | toDisp/dispAN3_reg[2]_C_0         |                1 |              2 |
| ~coinsDisp_BUFG                  |                                  | toDisp/dispAN3_reg[3]_C_0         |                1 |              2 |
| ~coinsDisp_BUFG                  |                                  | toDisp/dispAN3_reg[4]_C_0         |                1 |              2 |
| ~coinsDisp_BUFG                  |                                  | toDisp/dispAN3_reg[5]_C_0         |                1 |              2 |
| ~coinsDisp_BUFG                  |                                  | nickelSW/select_reg[0]_C          |                1 |              2 |
| ~coinsDisp_BUFG                  |                                  | nickelSW/select_reg[1]_C          |                1 |              2 |
| ~coinsDisp_BUFG                  |                                  | nickelSW/num_reg[8]_C             |                1 |              2 |
| ~coinsDisp_BUFG                  |                                  | toDisp/dispAN3_reg[1]_C_0         |                1 |              2 |
| ~coinsDisp_BUFG                  |                                  | quarterSW/totalMoney_reg[5]_C     |                1 |              2 |
| ~coinsDisp_BUFG                  |                                  | quarterSW/totalMoney_reg[5]_P     |                1 |              2 |
| ~coinsDisp_BUFG                  |                                  | quarterSW/totalMoney_reg[7]_P_2   |                1 |              2 |
| ~coinsDisp_BUFG                  |                                  | toDisp/dispAN1_reg[4]_C_0         |                1 |              2 |
| ~coinsDisp_BUFG                  |                                  | toDisp/dispAN0_reg[1]_C_0         |                1 |              2 |
| ~coinsDisp_BUFG                  |                                  | toDisp/dispAN0_reg[2]_C_0         |                1 |              2 |
| ~coinsDisp_BUFG                  |                                  | toDisp/dispAN0_reg[3]_C_0         |                1 |              2 |
| ~coinsDisp_BUFG                  |                                  | toDisp/dispAN2_reg[5]_C_0         |                1 |              2 |
| ~coinsDisp_BUFG                  |                                  | toDisp/dispAN0_reg[5]_C_0         |                1 |              2 |
| ~coinsDisp_BUFG                  |                                  | toDisp/dispAN0_reg[6]_C_0         |                1 |              2 |
| ~coinsDisp_BUFG                  |                                  | toDisp/dispAN1_reg[0]_C_0         |                1 |              2 |
| ~coinsDisp_BUFG                  |                                  | toDisp/dispAN1_reg[1]_C_0         |                1 |              2 |
| ~coinsDisp_BUFG                  |                                  | toDisp/dispAN1_reg[2]_C_0         |                1 |              2 |
| ~coinsDisp_BUFG                  |                                  | toDisp/dispAN1_reg[3]_C_0         |                1 |              2 |
| ~coinsDisp_BUFG                  |                                  | toDisp/dispAN1_reg[5]_C_0         |                1 |              2 |
| ~coinsDisp_BUFG                  |                                  | nickelSW/totalMoney_reg[0]_P_0    |                1 |              2 |
| ~coinsDisp_BUFG                  |                                  | change_reg[0]_LDC_i_1_n_0         |                1 |              2 |
| ~coinsDisp_BUFG                  |                                  | change_reg[1]_LDC_i_1_n_0         |                1 |              2 |
| ~coinsDisp_BUFG                  |                                  | change_reg[2]_LDC_i_1_n_0         |                1 |              2 |
| ~coinsDisp_BUFG                  |                                  | change_reg[3]_LDC_i_1_n_0         |                1 |              2 |
| ~coinsDisp_BUFG                  |                                  | change_reg[4]_LDC_i_1_n_0         |                1 |              2 |
| ~coinsDisp_BUFG                  |                                  | change_reg[5]_LDC_i_1_n_0         |                1 |              2 |
| ~coinsDisp_BUFG                  |                                  | nickelSW/dispAN3_reg[7]_C         |                1 |              2 |
| ~coinsDisp_BUFG                  |                                  | nickelSW/coins_reg[7]_P           |                1 |              2 |
| ~coinsDisp_BUFG                  |                                  | nickelSW/coins_reg[8]_C           |                1 |              2 |
| ~coinsDisp_BUFG                  |                                  | nickelSW/coins_reg[8]_P           |                1 |              2 |
| ~coinsDisp_BUFG                  |                                  | nickelSW/change_reg[0]_C          |                1 |              2 |
| ~coinsDisp_BUFG                  |                                  | nickelSW/change_reg[2]_C          |                1 |              2 |
| ~coinsDisp_BUFG                  |                                  | nickelSW/change_reg[4]_C          |                1 |              2 |
| ~coinsDisp_BUFG                  |                                  | nickelSW/num_reg[6]_C             |                1 |              2 |
| ~coinsDisp_BUFG                  |                                  | toDisp/dispAN1_reg[6]_C_0         |                1 |              2 |
| ~coinsDisp_BUFG                  |                                  | nickelSW/dispAN0_reg[0]_C         |                1 |              2 |
| ~coinsDisp_BUFG                  |                                  | nickelSW/dispAN0_reg[7]_C         |                1 |              2 |
| ~coinsDisp_BUFG                  |                                  | nickelSW/dispAN1_reg[7]_C         |                1 |              2 |
| ~coinsDisp_BUFG                  |                                  | nickelSW/dispAN2_reg[0]_C_0       |                1 |              2 |
| ~coinsDisp_BUFG                  |                                  | nickelSW/dispAN2_reg[7]_C         |                1 |              2 |
| ~coinsDisp_BUFG                  |                                  | nickelSW/dispAN3_reg[0]_C         |                1 |              2 |
| ~coinsDisp_BUFG                  |                                  | change_reg[6]_LDC_i_1_n_0         |                1 |              2 |
| ~coinsDisp_BUFG                  |                                  | nickelSW/num_reg[0]_C             |                1 |              2 |
| ~coinsDisp_BUFG                  |                                  | nickelSW/num_reg[1]_C             |                1 |              2 |
| ~coinsDisp_BUFG                  |                                  | nickelSW/num_reg[2]_C             |                1 |              2 |
| ~coinsDisp_BUFG                  |                                  | nickelSW/num_reg[3]_C             |                1 |              2 |
| ~coinsDisp_BUFG                  |                                  | nickelSW/num_reg[4]_C             |                1 |              2 |
| ~coinsDisp_BUFG                  |                                  | nickelSW/num_reg[5]_C             |                1 |              2 |
| ~coinsDisp_BUFG                  |                                  | nickelSW/totalMoney_reg[8]_C      |                1 |              2 |
| ~coinsDisp_BUFG                  |                                  | toDisp/dispAN2_reg[1]_C_0         |                1 |              2 |
| ~coinsDisp_BUFG                  |                                  | toDisp/dispAN2_reg[6]_C_0         |                1 |              2 |
| ~coinsDisp_BUFG                  |                                  | toDisp/dispAN3_reg[6]_C_0         |                1 |              2 |
| ~coinsDisp_BUFG                  |                                  | nickelSW/select_reg[7]_C          |                1 |              2 |
| ~coinsDisp_BUFG                  |                                  | toDisp/dispAN2_reg[2]_C_0         |                1 |              2 |
| ~coinsDisp_BUFG                  |                                  | toDisp/dispAN2_reg[3]_C_0         |                1 |              2 |
| ~coinsDisp_BUFG                  |                                  | toDisp/dispAN2_reg[4]_C_0         |                1 |              2 |
| ~coinsDisp_BUFG                  | coinsDispSW/p_2_in               | toDisp/dispAN1_reg[2]_P           |                1 |              2 |
| ~coinsDisp_BUFG                  | coinsDispSW/p_2_in               | toDisp/dispAN3_reg[7]_P           |                1 |              2 |
| ~coinsDisp_BUFG                  | coinsDispSW/p_2_in               | toDisp/dispAN3_reg[2]_P           |                1 |              2 |
| ~coinsDisp_BUFG                  | coinsDispSW/p_2_in               | toDisp/dispAN3_reg[3]_P           |                1 |              2 |
| ~coinsDisp_BUFG                  | coinsDispSW/p_2_in               | nickelSW/num_reg[5]_P             |                1 |              2 |
| ~coinsDisp_BUFG                  | coinsDispSW/p_2_in               | nickelSW/num_reg[7]_P             |                1 |              2 |
| ~coinsDisp_BUFG                  | coinsDispSW/p_2_in               | toDisp/dispAN0_reg[0]_P           |                1 |              2 |
| ~coinsDisp_BUFG                  | coinsDispSW/p_2_in               | toDisp/dispAN0_reg[1]_P           |                1 |              2 |
| ~coinsDisp_BUFG                  | coinsDispSW/p_2_in               | toDisp/dispAN0_reg[2]_P           |                1 |              2 |
| ~coinsDisp_BUFG                  | coinsDispSW/p_2_in               | toDisp/dispAN0_reg[3]_P           |                1 |              2 |
| ~coinsDisp_BUFG                  | coinsDispSW/p_2_in               | toDisp/dispAN0_reg[4]_P           |                1 |              2 |
| ~coinsDisp_BUFG                  | coinsDispSW/p_2_in               | toDisp/dispAN0_reg[5]_P_1         |                1 |              2 |
| ~coinsDisp_BUFG                  | coinsDispSW/p_2_in               | toDisp/dispAN0_reg[6]_P           |                1 |              2 |
| ~coinsDisp_BUFG                  | coinsDispSW/p_2_in               | toDisp/dispAN0_reg[7]_P           |                1 |              2 |
| ~coinsDisp_BUFG                  | coinsDispSW/p_2_in               | toDisp/dispAN1_reg[0]_P           |                1 |              2 |
| ~coinsDisp_BUFG                  | coinsDispSW/p_2_in               | toDisp/dispAN1_reg[1]_P           |                1 |              2 |
| ~coinsDisp_BUFG                  | coinsDispSW/p_2_in               | toDisp/dispAN3_reg[6]_P           |                1 |              2 |
| ~coinsDisp_BUFG                  | coinsDispSW/p_2_in               | toDisp/dispAN1_reg[3]_P           |                1 |              2 |
| ~coinsDisp_BUFG                  | coinsDispSW/p_2_in               | toDisp/dispAN1_reg[4]_P           |                1 |              2 |
| ~coinsDisp_BUFG                  | coinsDispSW/p_2_in               | toDisp/dispAN1_reg[5]_P           |                1 |              2 |
| ~coinsDisp_BUFG                  | coinsDispSW/p_2_in               | nickelSW/decimal_reg              |                1 |              2 |
| ~coinsDisp_BUFG                  | coinsDispSW/p_2_in               | negative_reg_LDC_i_1_n_0          |                1 |              2 |
| ~coinsDisp_BUFG                  | coinsDispSW/p_2_in               | num_reg[9]_LDC_i_1_n_0            |                1 |              2 |
|  negative_reg_LDC_i_1_n_0        |                                  | nickelSW/dispAN3_reg[5]_P         |                1 |              2 |
|  num_reg[9]_LDC_i_1_n_0          |                                  | nickelSW/dispAN2_reg[5]_P         |                1 |              2 |
|  select_reg[0]_LDC_i_1_n_0       |                                  | nickelSW/select_reg[0]_C          |                1 |              2 |
|  select_reg[1]_LDC_i_1_n_0       |                                  | nickelSW/select_reg[1]_C          |                1 |              2 |
|  select_reg[4]_LDC_i_1_n_0       |                                  | nickelSW/select_reg[4]_C          |                1 |              2 |
|  select_reg[5]_LDC_i_1_n_0       |                                  | nickelSW/select_reg[5]_C          |                1 |              2 |
|  select_reg[6]_LDC_i_1_n_0       |                                  | nickelSW/select_reg[6]_C          |                1 |              2 |
|  select_reg[7]_LDC_i_1_n_0       |                                  | nickelSW/select_reg[7]_C          |                1 |              2 |
| ~coinsDisp_BUFG                  | coinsDispSW/p_2_in               | toDisp/dispAN1_reg[6]_P           |                1 |              2 |
| ~coinsDisp_BUFG                  |                                  | change_reg[7]_LDC_i_1_n_0         |                1 |              2 |
| ~coinsDisp_BUFG                  |                                  | change_reg[8]_LDC_i_1_n_0         |                1 |              2 |
| ~coinsDisp_BUFG                  |                                  | select_reg[0]_LDC_i_1_n_0         |                1 |              2 |
| ~coinsDisp_BUFG                  |                                  | select_reg[1]_LDC_i_1_n_0         |                1 |              2 |
| ~coinsDisp_BUFG                  |                                  | select_reg[4]_LDC_i_1_n_0         |                1 |              2 |
| ~coinsDisp_BUFG                  |                                  | select_reg[5]_LDC_i_1_n_0         |                1 |              2 |
| ~coinsDisp_BUFG                  |                                  | select_reg[6]_LDC_i_1_n_0         |                1 |              2 |
| ~coinsDisp_BUFG                  |                                  | select_reg[7]_LDC_i_1_n_0         |                1 |              2 |
| ~coinsDisp_BUFG                  | coinsDispSW/p_2_in               | nickelSW/num_reg[2]_P             |                1 |              2 |
| ~coinsDisp_BUFG                  | coinsDispSW/p_2_in               | nickelSW/num_reg[6]_P             |                1 |              2 |
| ~coinsDisp_BUFG                  | coinsDispSW/p_2_in               | toDisp/dispAN3_reg[1]_P           |                1 |              2 |
| ~coinsDisp_BUFG                  | coinsDispSW/p_2_in               | dimeSW/num_reg[8]_P_0             |                1 |              2 |
| ~coinsDisp_BUFG                  | coinsDispSW/p_2_in               | toDisp/dispAN3_reg[0]_P           |                1 |              2 |
| ~coinsDisp_BUFG                  | coinsDispSW/p_2_in               | quarterSW/num_reg[1]_P            |                1 |              2 |
| ~coinsDisp_BUFG                  |                                  | nickelSW/coins_reg[7]_C           |                1 |              2 |
| ~coinsDisp_BUFG                  | coinsDispSW/p_2_in               | toDisp/dispAN1_reg[7]_P           |                1 |              2 |
| ~coinsDisp_BUFG                  | coinsDispSW/p_2_in               | nickelSW/num_reg[0]_P             |                1 |              2 |
| ~coinsDisp_BUFG                  | coinsDispSW/p_2_in               | nickelSW/num_reg[3]_P             |                1 |              2 |
| ~coinsDisp_BUFG                  | coinsDispSW/p_2_in               | nickelSW/num_reg[4]_P             |                1 |              2 |
| ~coinsDisp_BUFG                  | coinsDispSW/p_2_in               | toDisp/dispAN2_reg[0]_P           |                1 |              2 |
| ~coinsDisp_BUFG                  | coinsDispSW/p_2_in               | toDisp/dispAN2_reg[1]_P           |                1 |              2 |
| ~coinsDisp_BUFG                  | coinsDispSW/p_2_in               | toDisp/dispAN2_reg[2]_P           |                1 |              2 |
| ~coinsDisp_BUFG                  | coinsDispSW/p_2_in               | toDisp/dispAN2_reg[3]_P           |                1 |              2 |
| ~coinsDisp_BUFG                  | coinsDispSW/p_2_in               | toDisp/dispAN2_reg[4]_P           |                1 |              2 |
| ~coinsDisp_BUFG                  | coinsDispSW/p_2_in               | toDisp/dispAN2_reg[5]_P           |                1 |              2 |
| ~coinsDisp_BUFG                  | coinsDispSW/p_2_in               | toDisp/dispAN2_reg[6]_P           |                1 |              2 |
| ~coinsDisp_BUFG                  | coinsDispSW/p_2_in               | toDisp/dispAN2_reg[7]_P           |                1 |              2 |
| ~coinsDisp_BUFG                  | coinsDispSW/p_2_in               | toDisp/dispAN3_reg[4]_P           |                1 |              2 |
| ~coinsDisp_BUFG                  | coinsDispSW/p_2_in               | toDisp/dispAN3_reg[5]_P_2         |                1 |              2 |
|  toDisp/dispAN0_reg[1]_P         |                                  | toDisp/dispAN0_reg[1]_C_0         |                1 |              2 |
|  toDisp/dispAN2_reg[4]_P         |                                  | toDisp/dispAN2_reg[4]_C_0         |                1 |              2 |
|  toDisp/dispAN2_reg[5]_P         |                                  | toDisp/dispAN2_reg[5]_C_0         |                1 |              2 |
|  toDisp/dispAN2_reg[6]_P         |                                  | toDisp/dispAN2_reg[6]_C_0         |                1 |              2 |
|  toDisp/dispAN2_reg[7]_P         |                                  | nickelSW/dispAN2_reg[7]_C         |                1 |              2 |
|  toDisp/dispAN3_reg[4]_P         |                                  | toDisp/dispAN3_reg[4]_C_0         |                1 |              2 |
|  toDisp/dispAN3_reg[5]_P_2       |                                  | toDisp/dispAN3_reg[5]_C_0         |                1 |              2 |
|  toDisp/dispAN3_reg[6]_P         |                                  | toDisp/dispAN3_reg[6]_C_0         |                1 |              2 |
|  toDisp/dispAN3_reg[7]_P         |                                  | nickelSW/dispAN3_reg[7]_C         |                1 |              2 |
|  toDisp/dispAN3_reg[2]_P         |                                  | toDisp/dispAN3_reg[2]_C_0         |                1 |              2 |
|  toDisp/dispAN3_reg[3]_P         |                                  | toDisp/dispAN3_reg[3]_C_0         |                1 |              2 |
|  nickelSW/num_reg[5]_P           |                                  | nickelSW/num_reg[5]_C             |                1 |              2 |
|  nickelSW/num_reg[7]_P           |                                  | nickelSW/num_reg[7]_C             |                1 |              2 |
|  quarterSW/totalMoney_reg[5]_P   |                                  | quarterSW/totalMoney_reg[5]_C     |                1 |              2 |
|  quarterSW/totalMoney_reg[7]_P_2 |                                  | nickelSW/totalMoney_reg[7]_C      |                1 |              2 |
|  toDisp/dispAN0_reg[0]_P         |                                  | nickelSW/dispAN0_reg[0]_C         |                1 |              2 |
|  toDisp/dispAN2_reg[3]_P         |                                  | toDisp/dispAN2_reg[3]_C_0         |                1 |              2 |
|  toDisp/dispAN0_reg[2]_P         |                                  | toDisp/dispAN0_reg[2]_C_0         |                1 |              2 |
|  toDisp/dispAN0_reg[3]_P         |                                  | toDisp/dispAN0_reg[3]_C_0         |                1 |              2 |
|  toDisp/dispAN0_reg[4]_P         |                                  | toDisp/dispAN0_reg[4]_C_0         |                1 |              2 |
|  toDisp/dispAN0_reg[5]_P_1       |                                  | toDisp/dispAN0_reg[5]_C_0         |                1 |              2 |
|  toDisp/dispAN0_reg[6]_P         |                                  | toDisp/dispAN0_reg[6]_C_0         |                1 |              2 |
|  toDisp/dispAN0_reg[7]_P         |                                  | nickelSW/dispAN0_reg[7]_C         |                1 |              2 |
|  toDisp/dispAN1_reg[0]_P         |                                  | toDisp/dispAN1_reg[0]_C_0         |                1 |              2 |
|  toDisp/dispAN1_reg[1]_P         |                                  | toDisp/dispAN1_reg[1]_C_0         |                1 |              2 |
|  toDisp/dispAN1_reg[2]_P         |                                  | toDisp/dispAN1_reg[2]_C_0         |                1 |              2 |
|  toDisp/dispAN1_reg[3]_P         |                                  | toDisp/dispAN1_reg[3]_C_0         |                1 |              2 |
|  toDisp/dispAN1_reg[4]_P         |                                  | toDisp/dispAN1_reg[4]_C_0         |                1 |              2 |
|  toDisp/dispAN1_reg[5]_P         |                                  | toDisp/dispAN1_reg[5]_C_0         |                1 |              2 |
|  nickelSW/totalMoney_reg[0]_P_0  |                                  | nickelSW/totalMoney_reg[0]_C      |                1 |              2 |
|  nickelSW/coins_reg[0]_P         |                                  | nickelSW/coins_reg[0]_C_0         |                1 |              2 |
|  nickelSW/coins_reg[3]_P         |                                  | nickelSW/coins_reg[3]_C           |                1 |              2 |
|  nickelSW/num_reg[2]_P           |                                  | nickelSW/num_reg[2]_C             |                1 |              2 |
|  nickelSW/num_reg[6]_P           |                                  | nickelSW/num_reg[6]_C             |                1 |              2 |
|  nickelSW/totalMoney_reg[1]_P    |                                  | nickelSW/totalMoney_reg[1]_C      |                1 |              2 |
|  toDisp/dispAN3_reg[1]_P         |                                  | toDisp/dispAN3_reg[1]_C_0         |                1 |              2 |
|  nickelSW/totalMoney_reg[2]_P    |                                  | nickelSW/totalMoney_reg[2]_C      |                1 |              2 |
|  nickelSW/totalMoney_reg[3]_P    |                                  | nickelSW/totalMoney_reg[3]_C      |                1 |              2 |
|  dimeSW/num_reg[8]_P_0           |                                  | nickelSW/num_reg[8]_C             |                1 |              2 |
|  dimeSW/totalMoney_reg[4]_P      |                                  | dimeSW/totalMoney_reg[4]_C        |                1 |              2 |
|  dimeSW/totalMoney_reg[6]_P      |                                  | dimeSW/totalMoney_reg[6]_C        |                1 |              2 |
|  toDisp/dispAN3_reg[0]_P         |                                  | nickelSW/dispAN3_reg[0]_C         |                1 |              2 |
|  nickelSW/totalMoney_reg[8]_P    |                                  | nickelSW/totalMoney_reg[8]_C      |                1 |              2 |
|  quarterSW/num_reg[1]_P          |                                  | nickelSW/num_reg[1]_C             |                1 |              2 |
|  toDisp/sseg_reg[0]_i_2_n_0      |                                  |                                   |                1 |              2 |
|  nickelSW/coins_reg[2]_P         |                                  | nickelSW/coins_reg[2]_C           |                1 |              2 |
|  change_reg[0]_LDC_i_1_n_0       |                                  | nickelSW/change_reg[0]_C          |                1 |              2 |
|  nickelSW/coins_reg[4]_P         |                                  | nickelSW/coins_reg[4]_C           |                1 |              2 |
|  nickelSW/coins_reg[5]_P         |                                  | nickelSW/coins_reg[5]_C           |                1 |              2 |
|  nickelSW/coins_reg[1]_P         |                                  | nickelSW/coins_reg[1]_C           |                1 |              2 |
|  nickelSW/coins_reg[6]_P         |                                  | nickelSW/coins_reg[6]_C           |                1 |              2 |
|  nickelSW/coins_reg[7]_P         |                                  | nickelSW/coins_reg[7]_C           |                1 |              2 |
|  nickelSW/coins_reg[8]_P         |                                  | nickelSW/coins_reg[8]_C           |                1 |              2 |
|  toDisp/dispAN1_reg[6]_P         |                                  | toDisp/dispAN1_reg[6]_C_0         |                1 |              2 |
|  toDisp/dispAN1_reg[7]_P         |                                  | nickelSW/dispAN1_reg[7]_C         |                1 |              2 |
|  nickelSW/num_reg[0]_P           |                                  | nickelSW/num_reg[0]_C             |                1 |              2 |
|  nickelSW/num_reg[3]_P           |                                  | nickelSW/num_reg[3]_C             |                1 |              2 |
|  nickelSW/num_reg[4]_P           |                                  | nickelSW/num_reg[4]_C             |                1 |              2 |
|  toDisp/dispAN2_reg[0]_P         |                                  | nickelSW/dispAN2_reg[0]_C_0       |                1 |              2 |
|  toDisp/dispAN2_reg[1]_P         |                                  | toDisp/dispAN2_reg[1]_C_0         |                1 |              2 |
|  toDisp/dispAN2_reg[2]_P         |                                  | toDisp/dispAN2_reg[2]_C_0         |                1 |              2 |
| ~coinsDisp_BUFG                  |                                  | nickelSW/totalMoney_reg[8]_P      |                1 |              2 |
| ~coinsDisp_BUFG                  |                                  | nickelSW/coins_reg[0]_P           |                1 |              2 |
| ~coinsDisp_BUFG                  |                                  | nickelSW/change_reg[1]_C          |                1 |              2 |
| ~coinsDisp_BUFG                  |                                  | nickelSW/totalMoney_reg[1]_C      |                1 |              2 |
| ~coinsDisp_BUFG                  |                                  | nickelSW/totalMoney_reg[1]_P      |                1 |              2 |
| ~coinsDisp_BUFG                  |                                  | nickelSW/num_reg[7]_C             |                1 |              2 |
| ~coinsDisp_BUFG                  |                                  | nickelSW/totalMoney_reg[2]_C      |                1 |              2 |
| ~coinsDisp_BUFG                  |                                  | nickelSW/totalMoney_reg[3]_C      |                1 |              2 |
| ~coinsDisp_BUFG                  |                                  | nickelSW/totalMoney_reg[7]_C      |                1 |              2 |
| ~coinsDisp_BUFG                  |                                  | nickelSW/totalMoney_reg[2]_P      |                1 |              2 |
| ~coinsDisp_BUFG                  |                                  | nickelSW/totalMoney_reg[3]_P      |                1 |              2 |
| ~coinsDisp_BUFG                  |                                  | dimeSW/totalMoney_reg[4]_C        |                1 |              2 |
| ~coinsDisp_BUFG                  |                                  | dimeSW/totalMoney_reg[4]_P        |                1 |              2 |
| ~coinsDisp_BUFG                  |                                  | dimeSW/totalMoney_reg[6]_C        |                1 |              2 |
| ~coinsDisp_BUFG                  |                                  | dimeSW/totalMoney_reg[6]_P        |                1 |              2 |
| ~coinsDisp_BUFG                  |                                  | nickelSW/coins_reg[0]_C_0         |                1 |              2 |
| ~coinsDisp_BUFG                  |                                  | nickelSW/select_reg[4]_C          |                1 |              2 |
| ~coinsDisp_BUFG                  |                                  | nickelSW/select_reg[5]_C          |                1 |              2 |
| ~coinsDisp_BUFG                  |                                  | nickelSW/select_reg[6]_C          |                1 |              2 |
| ~coinsDisp_BUFG                  |                                  | nickelSW/coins_reg[2]_C           |                1 |              2 |
| ~coinsDisp_BUFG                  |                                  | nickelSW/coins_reg[2]_P           |                1 |              2 |
| ~coinsDisp_BUFG                  |                                  | nickelSW/coins_reg[3]_C           |                1 |              2 |
| ~coinsDisp_BUFG                  |                                  | nickelSW/coins_reg[3]_P           |                1 |              2 |
| ~coinsDisp_BUFG                  |                                  | nickelSW/coins_reg[4]_C           |                1 |              2 |
| ~coinsDisp_BUFG                  |                                  | nickelSW/coins_reg[4]_P           |                1 |              2 |
| ~coinsDisp_BUFG                  |                                  | nickelSW/coins_reg[5]_C           |                1 |              2 |
| ~coinsDisp_BUFG                  |                                  | nickelSW/coins_reg[5]_P           |                1 |              2 |
| ~coinsDisp_BUFG                  |                                  | nickelSW/coins_reg[1]_P           |                1 |              2 |
| ~coinsDisp_BUFG                  |                                  | nickelSW/coins_reg[6]_C           |                1 |              2 |
| ~coinsDisp_BUFG                  |                                  | nickelSW/coins_reg[6]_P           |                1 |              2 |
| ~coinsDisp_BUFG                  |                                  | nickelSW/change_reg[8]_C          |                1 |              2 |
|  change_reg[2]_LDC_i_1_n_0       |                                  | nickelSW/change_reg[2]_C          |                1 |              2 |
|  change_reg[3]_LDC_i_1_n_0       |                                  | nickelSW/change_reg[3]_C          |                1 |              2 |
|  change_reg[4]_LDC_i_1_n_0       |                                  | nickelSW/change_reg[4]_C          |                1 |              2 |
|  change_reg[5]_LDC_i_1_n_0       |                                  | nickelSW/change_reg[5]_C          |                1 |              2 |
|  change_reg[6]_LDC_i_1_n_0       |                                  | nickelSW/change_reg[6]_C          |                1 |              2 |
|  change_reg[7]_LDC_i_1_n_0       |                                  | nickelSW/change_reg[7]_C          |                1 |              2 |
|  change_reg[8]_LDC_i_1_n_0       |                                  | nickelSW/change_reg[8]_C          |                1 |              2 |
|  clk_IBUF_BUFG                   | fiveSW/debounced_i_1__4_n_0      |                                   |                1 |              2 |
|  clk_IBUF_BUFG                   | coinsDispSW/debounced_i_1__5_n_0 |                                   |                1 |              2 |
|  clk_IBUF_BUFG                   | dimeSW/debounced_i_1__0_n_0      |                                   |                1 |              2 |
|  clk_IBUF_BUFG                   | quarterSW/debounced_i_1__1_n_0   |                                   |                1 |              2 |
|  change_reg[1]_LDC_i_1_n_0       |                                  | nickelSW/change_reg[1]_C          |                1 |              2 |
| ~coinsDisp_BUFG                  |                                  | nickelSW/change_reg[7]_C          |                1 |              2 |
| ~coinsDisp_BUFG                  |                                  | nickelSW/change_reg[6]_C          |                1 |              2 |
| ~coinsDisp_BUFG                  |                                  | nickelSW/change_reg[5]_C          |                1 |              2 |
| ~coinsDisp_BUFG                  |                                  | nickelSW/change_reg[3]_C          |                1 |              2 |
| ~coinsDisp_BUFG                  |                                  | nickelSW/coins_reg[1]_C           |                1 |              2 |
| ~coinsDisp_BUFG                  |                                  | nickelSW/totalMoney_reg[0]_C      |                1 |              2 |
|  clk_IBUF_BUFG                   | fiftySW/debounced_i_1__2_n_0     |                                   |                1 |              2 |
|  clk_IBUF_BUFG                   | nickelSW/debounced_i_1_n_0       |                                   |                1 |              2 |
|  clk_IBUF_BUFG                   | dollarSW/debounced_i_1__3_n_0    |                                   |                1 |              2 |
|  toDisp/sseg_reg[7]_i_2_n_0      |                                  |                                   |                3 |             14 |
|  clk_IBUF_BUFG                   |                                  | dollarSW/counter[0]_i_1__3_n_0    |                6 |             48 |
|  clk_IBUF_BUFG                   |                                  | dimeSW/counter[0]_i_1__0_n_0      |                6 |             48 |
|  clk_IBUF_BUFG                   |                                  | fiftySW/counter[0]_i_1__2_n_0     |                6 |             48 |
|  clk_IBUF_BUFG                   |                                  | fiveSW/counter[0]_i_1__4_n_0      |                6 |             48 |
|  clk_IBUF_BUFG                   |                                  | quarterSW/counter[0]_i_1__1_n_0   |                6 |             48 |
|  clk_IBUF_BUFG                   |                                  | nickelSW/counter[0]_i_1_n_0       |                6 |             48 |
|  clk_IBUF_BUFG                   |                                  | coinsDispSW/counter[0]_i_1__5_n_0 |                6 |             48 |
|  clk_IBUF_BUFG                   |                                  |                                   |               12 |             52 |
+----------------------------------+----------------------------------+-----------------------------------+------------------+----------------+


