Copyright 1986-2018 Xilinx, Inc. All Rights Reserved.
-----------------------------------------------------------------------------------------------------------------------------------------------------------------------------------
| Tool Version : Vivado v.2018.2 (lin64) Build 2258646 Thu Jun 14 20:02:38 MDT 2018
| Date         : Sun Dec  2 16:35:00 2018
| Host         : Linux-Laptop running 64-bit unknown
| Command      : report_methodology -file vending_machine_methodology_drc_routed.rpt -pb vending_machine_methodology_drc_routed.pb -rpx vending_machine_methodology_drc_routed.rpx
| Design       : vending_machine
| Device       : xc7a35tcpg236-1
| Speed File   : -1
| Design State : Routed
-----------------------------------------------------------------------------------------------------------------------------------------------------------------------------------

Report Methodology

Table of Contents
-----------------
1. REPORT SUMMARY
2. REPORT DETAILS

1. REPORT SUMMARY
-----------------
            Netlist: netlist
          Floorplan: design_1
      Design limits: <entire design considered>
             Max violations: <unlimited>
             Violations found: 209
+-----------+----------+------------------------------------------------------+------------+
| Rule      | Severity | Description                                          | Violations |
+-----------+----------+------------------------------------------------------+------------+
| LUTAR-1   | Warning  | LUT drives async reset alert                         | 71         |
| TIMING-17 | Warning  | Non-clocked sequential cell                          | 72         |
| TIMING-18 | Warning  | Missing input or output delay                        | 29         |
| TIMING-20 | Warning  | Non-clocked latch                                    | 35         |
| XDCC-4    | Warning  | User Clock constraint overwritten with the same name | 1          |
| XDCC-8    | Warning  | User Clock constraint overwritten on the same source | 1          |
+-----------+----------+------------------------------------------------------+------------+

2. REPORT DETAILS
-----------------
LUTAR-1#1 Warning
LUT drives async reset alert  
LUT cell swA1/num_reg[1]_LDC_i_2, with 2 or more inputs, drives asynchronous preset/clear pin(s) num_reg[1]_C/CLR, num_reg[1]_LDC/CLR. The LUT may glitch and trigger an unexpected reset, even if it is a properly timed path.
Related violations: <none>

LUTAR-1#2 Warning
LUT drives async reset alert  
LUT cell swA2/num_reg[2]_LDC_i_2, with 2 or more inputs, drives asynchronous preset/clear pin(s) num_reg[2]_C/CLR, num_reg[2]_LDC/CLR. The LUT may glitch and trigger an unexpected reset, even if it is a properly timed path.
Related violations: <none>

LUTAR-1#3 Warning
LUT drives async reset alert  
LUT cell swA2/num_reg[5]_LDC_i_1, with 2 or more inputs, drives asynchronous preset/clear pin(s) num_reg[5]_P/PRE. The LUT may glitch and trigger an unexpected reset, even if it is a properly timed path.
Related violations: <none>

LUTAR-1#4 Warning
LUT drives async reset alert  
LUT cell swA2/num_reg[6]_LDC_i_2, with 2 or more inputs, drives asynchronous preset/clear pin(s) num_reg[6]_C/CLR, num_reg[6]_LDC/CLR. The LUT may glitch and trigger an unexpected reset, even if it is a properly timed path.
Related violations: <none>

LUTAR-1#5 Warning
LUT drives async reset alert  
LUT cell swA3/num_reg[2]_LDC_i_1, with 2 or more inputs, drives asynchronous preset/clear pin(s) num_reg[2]_P/PRE. The LUT may glitch and trigger an unexpected reset, even if it is a properly timed path.
Related violations: <none>

LUTAR-1#6 Warning
LUT drives async reset alert  
LUT cell swA3/num_reg[6]_LDC_i_1, with 2 or more inputs, drives asynchronous preset/clear pin(s) num_reg[6]_P/PRE. The LUT may glitch and trigger an unexpected reset, even if it is a properly timed path.
Related violations: <none>

LUTAR-1#7 Warning
LUT drives async reset alert  
LUT cell swB1/num_reg[3]_LDC_i_1, with 2 or more inputs, drives asynchronous preset/clear pin(s) num_reg[3]_P/PRE. The LUT may glitch and trigger an unexpected reset, even if it is a properly timed path.
Related violations: <none>

LUTAR-1#8 Warning
LUT drives async reset alert  
LUT cell swB1/num_reg[3]_LDC_i_2, with 2 or more inputs, drives asynchronous preset/clear pin(s) num_reg[3]_C/CLR, num_reg[3]_LDC/CLR. The LUT may glitch and trigger an unexpected reset, even if it is a properly timed path.
Related violations: <none>

LUTAR-1#9 Warning
LUT drives async reset alert  
LUT cell swB3/num_reg[7]_LDC_i_1, with 2 or more inputs, drives asynchronous preset/clear pin(s) num_reg[7]_P/PRE. The LUT may glitch and trigger an unexpected reset, even if it is a properly timed path.
Related violations: <none>

LUTAR-1#10 Warning
LUT drives async reset alert  
LUT cell swB3/num_reg[7]_LDC_i_2, with 2 or more inputs, drives asynchronous preset/clear pin(s) num_reg[7]_C/CLR, num_reg[7]_LDC/CLR. The LUT may glitch and trigger an unexpected reset, even if it is a properly timed path.
Related violations: <none>

LUTAR-1#11 Warning
LUT drives async reset alert  
LUT cell swB3/num_reg[8]_LDC_i_2, with 2 or more inputs, drives asynchronous preset/clear pin(s) num_reg[8]_C/CLR, num_reg[8]_LDC/CLR. The LUT may glitch and trigger an unexpected reset, even if it is a properly timed path.
Related violations: <none>

LUTAR-1#12 Warning
LUT drives async reset alert  
LUT cell swC1/num_reg[0]_LDC_i_2, with 2 or more inputs, drives asynchronous preset/clear pin(s) num_reg[0]_C/CLR, num_reg[0]_LDC/CLR. The LUT may glitch and trigger an unexpected reset, even if it is a properly timed path.
Related violations: <none>

LUTAR-1#13 Warning
LUT drives async reset alert  
LUT cell swC1/num_reg[5]_LDC_i_2, with 2 or more inputs, drives asynchronous preset/clear pin(s) num_reg[5]_C/CLR, num_reg[5]_LDC/CLR. The LUT may glitch and trigger an unexpected reset, even if it is a properly timed path.
Related violations: <none>

LUTAR-1#14 Warning
LUT drives async reset alert  
LUT cell swC2/dispAN2_reg[0]_LDC_i_1, with 2 or more inputs, drives asynchronous preset/clear pin(s) dispAN2_reg[0]_P/PRE. The LUT may glitch and trigger an unexpected reset, even if it is a properly timed path.
Related violations: <none>

LUTAR-1#15 Warning
LUT drives async reset alert  
LUT cell swC2/dispAN2_reg[0]_LDC_i_2, with 2 or more inputs, drives asynchronous preset/clear pin(s) dispAN2_reg[0]_C/CLR, dispAN2_reg[0]_LDC/CLR. The LUT may glitch and trigger an unexpected reset, even if it is a properly timed path.
Related violations: <none>

LUTAR-1#16 Warning
LUT drives async reset alert  
LUT cell swC2/dispAN2_reg[1]_LDC_i_1, with 2 or more inputs, drives asynchronous preset/clear pin(s) dispAN2_reg[1]_P/PRE. The LUT may glitch and trigger an unexpected reset, even if it is a properly timed path.
Related violations: <none>

LUTAR-1#17 Warning
LUT drives async reset alert  
LUT cell swC2/dispAN2_reg[1]_LDC_i_2, with 2 or more inputs, drives asynchronous preset/clear pin(s) dispAN2_reg[1]_C/CLR, dispAN2_reg[1]_LDC/CLR. The LUT may glitch and trigger an unexpected reset, even if it is a properly timed path.
Related violations: <none>

LUTAR-1#18 Warning
LUT drives async reset alert  
LUT cell swC2/dispAN2_reg[2]_LDC_i_1, with 2 or more inputs, drives asynchronous preset/clear pin(s) dispAN2_reg[2]_P/PRE. The LUT may glitch and trigger an unexpected reset, even if it is a properly timed path.
Related violations: <none>

LUTAR-1#19 Warning
LUT drives async reset alert  
LUT cell swC2/dispAN2_reg[2]_LDC_i_2, with 2 or more inputs, drives asynchronous preset/clear pin(s) dispAN2_reg[2]_C/CLR, dispAN2_reg[2]_LDC/CLR. The LUT may glitch and trigger an unexpected reset, even if it is a properly timed path.
Related violations: <none>

LUTAR-1#20 Warning
LUT drives async reset alert  
LUT cell swC2/dispAN2_reg[3]_LDC_i_1, with 2 or more inputs, drives asynchronous preset/clear pin(s) dispAN2_reg[3]_P/PRE. The LUT may glitch and trigger an unexpected reset, even if it is a properly timed path.
Related violations: <none>

LUTAR-1#21 Warning
LUT drives async reset alert  
LUT cell swC2/dispAN2_reg[3]_LDC_i_2, with 2 or more inputs, drives asynchronous preset/clear pin(s) dispAN2_reg[3]_C/CLR, dispAN2_reg[3]_LDC/CLR. The LUT may glitch and trigger an unexpected reset, even if it is a properly timed path.
Related violations: <none>

LUTAR-1#22 Warning
LUT drives async reset alert  
LUT cell swC2/dispAN2_reg[4]_LDC_i_1, with 2 or more inputs, drives asynchronous preset/clear pin(s) dispAN2_reg[4]_P/PRE. The LUT may glitch and trigger an unexpected reset, even if it is a properly timed path.
Related violations: <none>

LUTAR-1#23 Warning
LUT drives async reset alert  
LUT cell swC2/dispAN2_reg[4]_LDC_i_2, with 2 or more inputs, drives asynchronous preset/clear pin(s) dispAN2_reg[4]_C/CLR, dispAN2_reg[4]_LDC/CLR. The LUT may glitch and trigger an unexpected reset, even if it is a properly timed path.
Related violations: <none>

LUTAR-1#24 Warning
LUT drives async reset alert  
LUT cell swC2/dispAN2_reg[5]_LDC_i_1, with 2 or more inputs, drives asynchronous preset/clear pin(s) dispAN2_reg[5]_P/PRE. The LUT may glitch and trigger an unexpected reset, even if it is a properly timed path.
Related violations: <none>

LUTAR-1#25 Warning
LUT drives async reset alert  
LUT cell swC2/dispAN2_reg[5]_LDC_i_2, with 2 or more inputs, drives asynchronous preset/clear pin(s) dispAN2_reg[5]_C/CLR, dispAN2_reg[5]_LDC/CLR. The LUT may glitch and trigger an unexpected reset, even if it is a properly timed path.
Related violations: <none>

LUTAR-1#26 Warning
LUT drives async reset alert  
LUT cell swC2/dispAN2_reg[6]_LDC_i_1, with 2 or more inputs, drives asynchronous preset/clear pin(s) dispAN2_reg[6]_P/PRE. The LUT may glitch and trigger an unexpected reset, even if it is a properly timed path.
Related violations: <none>

LUTAR-1#27 Warning
LUT drives async reset alert  
LUT cell swC2/dispAN2_reg[6]_LDC_i_2, with 2 or more inputs, drives asynchronous preset/clear pin(s) dispAN2_reg[6]_C/CLR, dispAN2_reg[6]_LDC/CLR. The LUT may glitch and trigger an unexpected reset, even if it is a properly timed path.
Related violations: <none>

LUTAR-1#28 Warning
LUT drives async reset alert  
LUT cell swC2/dispAN2_reg[7]_LDC_i_1, with 2 or more inputs, drives asynchronous preset/clear pin(s) dispAN2_reg[7]_P/PRE. The LUT may glitch and trigger an unexpected reset, even if it is a properly timed path.
Related violations: <none>

LUTAR-1#29 Warning
LUT drives async reset alert  
LUT cell swC2/dispAN2_reg[7]_LDC_i_2, with 2 or more inputs, drives asynchronous preset/clear pin(s) dispAN2_reg[7]_C/CLR, dispAN2_reg[7]_LDC/CLR. The LUT may glitch and trigger an unexpected reset, even if it is a properly timed path.
Related violations: <none>

LUTAR-1#30 Warning
LUT drives async reset alert  
LUT cell swC2/dispAN3_reg[6]_LDC_i_1, with 2 or more inputs, drives asynchronous preset/clear pin(s) dispAN3_reg[6]_P/PRE. The LUT may glitch and trigger an unexpected reset, even if it is a properly timed path.
Related violations: <none>

LUTAR-1#31 Warning
LUT drives async reset alert  
LUT cell swC2/dispAN3_reg[6]_LDC_i_2, with 2 or more inputs, drives asynchronous preset/clear pin(s) dispAN3_reg[6]_C/CLR, dispAN3_reg[6]_LDC/CLR. The LUT may glitch and trigger an unexpected reset, even if it is a properly timed path.
Related violations: <none>

LUTAR-1#32 Warning
LUT drives async reset alert  
LUT cell swC2/dispAN3_reg[7]_LDC_i_1, with 2 or more inputs, drives asynchronous preset/clear pin(s) dispAN3_reg[7]_P/PRE. The LUT may glitch and trigger an unexpected reset, even if it is a properly timed path.
Related violations: <none>

LUTAR-1#33 Warning
LUT drives async reset alert  
LUT cell swC2/dispAN3_reg[7]_LDC_i_2, with 2 or more inputs, drives asynchronous preset/clear pin(s) dispAN3_reg[7]_C/CLR, dispAN3_reg[7]_LDC/CLR. The LUT may glitch and trigger an unexpected reset, even if it is a properly timed path.
Related violations: <none>

LUTAR-1#34 Warning
LUT drives async reset alert  
LUT cell swC2/dispAN3_reg[7]_LDC_i_4, with 2 or more inputs, drives asynchronous preset/clear pin(s) negative_reg/CLR, decimal_reg/PRE. The LUT may glitch and trigger an unexpected reset, even if it is a properly timed path.
Related violations: <none>

LUTAR-1#35 Warning
LUT drives async reset alert  
LUT cell swC2/num_reg[0]_LDC_i_1, with 2 or more inputs, drives asynchronous preset/clear pin(s) num_reg[0]_P/PRE. The LUT may glitch and trigger an unexpected reset, even if it is a properly timed path.
Related violations: <none>

LUTAR-1#36 Warning
LUT drives async reset alert  
LUT cell swC2/num_reg[1]_LDC_i_1, with 2 or more inputs, drives asynchronous preset/clear pin(s) num_reg[1]_P/PRE. The LUT may glitch and trigger an unexpected reset, even if it is a properly timed path.
Related violations: <none>

LUTAR-1#37 Warning
LUT drives async reset alert  
LUT cell swC2/num_reg[4]_LDC_i_1, with 2 or more inputs, drives asynchronous preset/clear pin(s) num_reg[4]_P/PRE. The LUT may glitch and trigger an unexpected reset, even if it is a properly timed path.
Related violations: <none>

LUTAR-1#38 Warning
LUT drives async reset alert  
LUT cell swC2/num_reg[4]_LDC_i_2, with 2 or more inputs, drives asynchronous preset/clear pin(s) num_reg[4]_C/CLR, num_reg[4]_LDC/CLR. The LUT may glitch and trigger an unexpected reset, even if it is a properly timed path.
Related violations: <none>

LUTAR-1#39 Warning
LUT drives async reset alert  
LUT cell swC2/num_reg[8]_LDC_i_1, with 2 or more inputs, drives asynchronous preset/clear pin(s) num_reg[8]_P/PRE. The LUT may glitch and trigger an unexpected reset, even if it is a properly timed path.
Related violations: <none>

LUTAR-1#40 Warning
LUT drives async reset alert  
LUT cell toDisp/dispAN0_reg[0]_LDC_i_1, with 2 or more inputs, drives asynchronous preset/clear pin(s) dispAN0_reg[0]_P/PRE. The LUT may glitch and trigger an unexpected reset, even if it is a properly timed path.
Related violations: <none>

LUTAR-1#41 Warning
LUT drives async reset alert  
LUT cell toDisp/dispAN0_reg[0]_LDC_i_2, with 2 or more inputs, drives asynchronous preset/clear pin(s) dispAN0_reg[0]_C/CLR, dispAN0_reg[0]_LDC/CLR. The LUT may glitch and trigger an unexpected reset, even if it is a properly timed path.
Related violations: <none>

LUTAR-1#42 Warning
LUT drives async reset alert  
LUT cell toDisp/dispAN0_reg[1]_LDC_i_1, with 2 or more inputs, drives asynchronous preset/clear pin(s) dispAN0_reg[1]_P/PRE. The LUT may glitch and trigger an unexpected reset, even if it is a properly timed path.
Related violations: <none>

LUTAR-1#43 Warning
LUT drives async reset alert  
LUT cell toDisp/dispAN0_reg[1]_LDC_i_2, with 2 or more inputs, drives asynchronous preset/clear pin(s) dispAN0_reg[1]_C/CLR, dispAN0_reg[1]_LDC/CLR. The LUT may glitch and trigger an unexpected reset, even if it is a properly timed path.
Related violations: <none>

LUTAR-1#44 Warning
LUT drives async reset alert  
LUT cell toDisp/dispAN0_reg[2]_LDC_i_1, with 2 or more inputs, drives asynchronous preset/clear pin(s) dispAN0_reg[2]_P/PRE. The LUT may glitch and trigger an unexpected reset, even if it is a properly timed path.
Related violations: <none>

LUTAR-1#45 Warning
LUT drives async reset alert  
LUT cell toDisp/dispAN0_reg[2]_LDC_i_2, with 2 or more inputs, drives asynchronous preset/clear pin(s) dispAN0_reg[2]_C/CLR, dispAN0_reg[2]_LDC/CLR. The LUT may glitch and trigger an unexpected reset, even if it is a properly timed path.
Related violations: <none>

LUTAR-1#46 Warning
LUT drives async reset alert  
LUT cell toDisp/dispAN0_reg[3]_LDC_i_1, with 2 or more inputs, drives asynchronous preset/clear pin(s) dispAN0_reg[3]_P/PRE. The LUT may glitch and trigger an unexpected reset, even if it is a properly timed path.
Related violations: <none>

LUTAR-1#47 Warning
LUT drives async reset alert  
LUT cell toDisp/dispAN0_reg[3]_LDC_i_2, with 2 or more inputs, drives asynchronous preset/clear pin(s) dispAN0_reg[3]_C/CLR, dispAN0_reg[3]_LDC/CLR. The LUT may glitch and trigger an unexpected reset, even if it is a properly timed path.
Related violations: <none>

LUTAR-1#48 Warning
LUT drives async reset alert  
LUT cell toDisp/dispAN0_reg[4]_LDC_i_1, with 2 or more inputs, drives asynchronous preset/clear pin(s) dispAN0_reg[4]_P/PRE. The LUT may glitch and trigger an unexpected reset, even if it is a properly timed path.
Related violations: <none>

LUTAR-1#49 Warning
LUT drives async reset alert  
LUT cell toDisp/dispAN0_reg[4]_LDC_i_2, with 2 or more inputs, drives asynchronous preset/clear pin(s) dispAN0_reg[4]_C/CLR, dispAN0_reg[4]_LDC/CLR. The LUT may glitch and trigger an unexpected reset, even if it is a properly timed path.
Related violations: <none>

LUTAR-1#50 Warning
LUT drives async reset alert  
LUT cell toDisp/dispAN0_reg[5]_LDC_i_1, with 2 or more inputs, drives asynchronous preset/clear pin(s) dispAN0_reg[5]_P/PRE. The LUT may glitch and trigger an unexpected reset, even if it is a properly timed path.
Related violations: <none>

LUTAR-1#51 Warning
LUT drives async reset alert  
LUT cell toDisp/dispAN0_reg[5]_LDC_i_2, with 2 or more inputs, drives asynchronous preset/clear pin(s) dispAN0_reg[5]_C/CLR, dispAN0_reg[5]_LDC/CLR. The LUT may glitch and trigger an unexpected reset, even if it is a properly timed path.
Related violations: <none>

LUTAR-1#52 Warning
LUT drives async reset alert  
LUT cell toDisp/dispAN0_reg[6]_LDC_i_1, with 2 or more inputs, drives asynchronous preset/clear pin(s) dispAN0_reg[6]_P/PRE. The LUT may glitch and trigger an unexpected reset, even if it is a properly timed path.
Related violations: <none>

LUTAR-1#53 Warning
LUT drives async reset alert  
LUT cell toDisp/dispAN0_reg[6]_LDC_i_2, with 2 or more inputs, drives asynchronous preset/clear pin(s) dispAN0_reg[6]_C/CLR, dispAN0_reg[6]_LDC/CLR. The LUT may glitch and trigger an unexpected reset, even if it is a properly timed path.
Related violations: <none>

LUTAR-1#54 Warning
LUT drives async reset alert  
LUT cell toDisp/dispAN0_reg[7]_LDC_i_1, with 2 or more inputs, drives asynchronous preset/clear pin(s) dispAN0_reg[7]_P/PRE. The LUT may glitch and trigger an unexpected reset, even if it is a properly timed path.
Related violations: <none>

LUTAR-1#55 Warning
LUT drives async reset alert  
LUT cell toDisp/dispAN0_reg[7]_LDC_i_2, with 2 or more inputs, drives asynchronous preset/clear pin(s) dispAN0_reg[7]_C/CLR, dispAN0_reg[7]_LDC/CLR. The LUT may glitch and trigger an unexpected reset, even if it is a properly timed path.
Related violations: <none>

LUTAR-1#56 Warning
LUT drives async reset alert  
LUT cell toDisp/dispAN1_reg[0]_LDC_i_1, with 2 or more inputs, drives asynchronous preset/clear pin(s) dispAN1_reg[0]_P/PRE. The LUT may glitch and trigger an unexpected reset, even if it is a properly timed path.
Related violations: <none>

LUTAR-1#57 Warning
LUT drives async reset alert  
LUT cell toDisp/dispAN1_reg[0]_LDC_i_2, with 2 or more inputs, drives asynchronous preset/clear pin(s) dispAN1_reg[0]_C/CLR, dispAN1_reg[0]_LDC/CLR. The LUT may glitch and trigger an unexpected reset, even if it is a properly timed path.
Related violations: <none>

LUTAR-1#58 Warning
LUT drives async reset alert  
LUT cell toDisp/dispAN1_reg[1]_LDC_i_1, with 2 or more inputs, drives asynchronous preset/clear pin(s) dispAN1_reg[1]_P/PRE. The LUT may glitch and trigger an unexpected reset, even if it is a properly timed path.
Related violations: <none>

LUTAR-1#59 Warning
LUT drives async reset alert  
LUT cell toDisp/dispAN1_reg[1]_LDC_i_2, with 2 or more inputs, drives asynchronous preset/clear pin(s) dispAN1_reg[1]_C/CLR, dispAN1_reg[1]_LDC/CLR. The LUT may glitch and trigger an unexpected reset, even if it is a properly timed path.
Related violations: <none>

LUTAR-1#60 Warning
LUT drives async reset alert  
LUT cell toDisp/dispAN1_reg[2]_LDC_i_1, with 2 or more inputs, drives asynchronous preset/clear pin(s) dispAN1_reg[2]_P/PRE. The LUT may glitch and trigger an unexpected reset, even if it is a properly timed path.
Related violations: <none>

LUTAR-1#61 Warning
LUT drives async reset alert  
LUT cell toDisp/dispAN1_reg[2]_LDC_i_2, with 2 or more inputs, drives asynchronous preset/clear pin(s) dispAN1_reg[2]_C/CLR, dispAN1_reg[2]_LDC/CLR. The LUT may glitch and trigger an unexpected reset, even if it is a properly timed path.
Related violations: <none>

LUTAR-1#62 Warning
LUT drives async reset alert  
LUT cell toDisp/dispAN1_reg[3]_LDC_i_1, with 2 or more inputs, drives asynchronous preset/clear pin(s) dispAN1_reg[3]_P/PRE. The LUT may glitch and trigger an unexpected reset, even if it is a properly timed path.
Related violations: <none>

LUTAR-1#63 Warning
LUT drives async reset alert  
LUT cell toDisp/dispAN1_reg[3]_LDC_i_2, with 2 or more inputs, drives asynchronous preset/clear pin(s) dispAN1_reg[3]_C/CLR, dispAN1_reg[3]_LDC/CLR. The LUT may glitch and trigger an unexpected reset, even if it is a properly timed path.
Related violations: <none>

LUTAR-1#64 Warning
LUT drives async reset alert  
LUT cell toDisp/dispAN1_reg[4]_LDC_i_1, with 2 or more inputs, drives asynchronous preset/clear pin(s) dispAN1_reg[4]_P/PRE. The LUT may glitch and trigger an unexpected reset, even if it is a properly timed path.
Related violations: <none>

LUTAR-1#65 Warning
LUT drives async reset alert  
LUT cell toDisp/dispAN1_reg[4]_LDC_i_2, with 2 or more inputs, drives asynchronous preset/clear pin(s) dispAN1_reg[4]_C/CLR, dispAN1_reg[4]_LDC/CLR. The LUT may glitch and trigger an unexpected reset, even if it is a properly timed path.
Related violations: <none>

LUTAR-1#66 Warning
LUT drives async reset alert  
LUT cell toDisp/dispAN1_reg[5]_LDC_i_1, with 2 or more inputs, drives asynchronous preset/clear pin(s) dispAN1_reg[5]_P/PRE. The LUT may glitch and trigger an unexpected reset, even if it is a properly timed path.
Related violations: <none>

LUTAR-1#67 Warning
LUT drives async reset alert  
LUT cell toDisp/dispAN1_reg[5]_LDC_i_2, with 2 or more inputs, drives asynchronous preset/clear pin(s) dispAN1_reg[5]_C/CLR, dispAN1_reg[5]_LDC/CLR. The LUT may glitch and trigger an unexpected reset, even if it is a properly timed path.
Related violations: <none>

LUTAR-1#68 Warning
LUT drives async reset alert  
LUT cell toDisp/dispAN1_reg[6]_LDC_i_1, with 2 or more inputs, drives asynchronous preset/clear pin(s) dispAN1_reg[6]_P/PRE. The LUT may glitch and trigger an unexpected reset, even if it is a properly timed path.
Related violations: <none>

LUTAR-1#69 Warning
LUT drives async reset alert  
LUT cell toDisp/dispAN1_reg[6]_LDC_i_2, with 2 or more inputs, drives asynchronous preset/clear pin(s) dispAN1_reg[6]_C/CLR, dispAN1_reg[6]_LDC/CLR. The LUT may glitch and trigger an unexpected reset, even if it is a properly timed path.
Related violations: <none>

LUTAR-1#70 Warning
LUT drives async reset alert  
LUT cell toDisp/dispAN1_reg[7]_LDC_i_1, with 2 or more inputs, drives asynchronous preset/clear pin(s) dispAN1_reg[7]_P/PRE. The LUT may glitch and trigger an unexpected reset, even if it is a properly timed path.
Related violations: <none>

LUTAR-1#71 Warning
LUT drives async reset alert  
LUT cell toDisp/dispAN1_reg[7]_LDC_i_2, with 2 or more inputs, drives asynchronous preset/clear pin(s) dispAN1_reg[7]_C/CLR, dispAN1_reg[7]_LDC/CLR. The LUT may glitch and trigger an unexpected reset, even if it is a properly timed path.
Related violations: <none>

TIMING-17#1 Warning
Non-clocked sequential cell  
The clock pin decimal_reg/C is not reached by a timing clock
Related violations: <none>

TIMING-17#2 Warning
Non-clocked sequential cell  
The clock pin dispAN0_reg[0]_C/C is not reached by a timing clock
Related violations: <none>

TIMING-17#3 Warning
Non-clocked sequential cell  
The clock pin dispAN0_reg[0]_P/C is not reached by a timing clock
Related violations: <none>

TIMING-17#4 Warning
Non-clocked sequential cell  
The clock pin dispAN0_reg[1]_C/C is not reached by a timing clock
Related violations: <none>

TIMING-17#5 Warning
Non-clocked sequential cell  
The clock pin dispAN0_reg[1]_P/C is not reached by a timing clock
Related violations: <none>

TIMING-17#6 Warning
Non-clocked sequential cell  
The clock pin dispAN0_reg[2]_C/C is not reached by a timing clock
Related violations: <none>

TIMING-17#7 Warning
Non-clocked sequential cell  
The clock pin dispAN0_reg[2]_P/C is not reached by a timing clock
Related violations: <none>

TIMING-17#8 Warning
Non-clocked sequential cell  
The clock pin dispAN0_reg[3]_C/C is not reached by a timing clock
Related violations: <none>

TIMING-17#9 Warning
Non-clocked sequential cell  
The clock pin dispAN0_reg[3]_P/C is not reached by a timing clock
Related violations: <none>

TIMING-17#10 Warning
Non-clocked sequential cell  
The clock pin dispAN0_reg[4]_C/C is not reached by a timing clock
Related violations: <none>

TIMING-17#11 Warning
Non-clocked sequential cell  
The clock pin dispAN0_reg[4]_P/C is not reached by a timing clock
Related violations: <none>

TIMING-17#12 Warning
Non-clocked sequential cell  
The clock pin dispAN0_reg[5]_C/C is not reached by a timing clock
Related violations: <none>

TIMING-17#13 Warning
Non-clocked sequential cell  
The clock pin dispAN0_reg[5]_P/C is not reached by a timing clock
Related violations: <none>

TIMING-17#14 Warning
Non-clocked sequential cell  
The clock pin dispAN0_reg[6]_C/C is not reached by a timing clock
Related violations: <none>

TIMING-17#15 Warning
Non-clocked sequential cell  
The clock pin dispAN0_reg[6]_P/C is not reached by a timing clock
Related violations: <none>

TIMING-17#16 Warning
Non-clocked sequential cell  
The clock pin dispAN0_reg[7]_C/C is not reached by a timing clock
Related violations: <none>

TIMING-17#17 Warning
Non-clocked sequential cell  
The clock pin dispAN0_reg[7]_P/C is not reached by a timing clock
Related violations: <none>

TIMING-17#18 Warning
Non-clocked sequential cell  
The clock pin dispAN1_reg[0]_C/C is not reached by a timing clock
Related violations: <none>

TIMING-17#19 Warning
Non-clocked sequential cell  
The clock pin dispAN1_reg[0]_P/C is not reached by a timing clock
Related violations: <none>

TIMING-17#20 Warning
Non-clocked sequential cell  
The clock pin dispAN1_reg[1]_C/C is not reached by a timing clock
Related violations: <none>

TIMING-17#21 Warning
Non-clocked sequential cell  
The clock pin dispAN1_reg[1]_P/C is not reached by a timing clock
Related violations: <none>

TIMING-17#22 Warning
Non-clocked sequential cell  
The clock pin dispAN1_reg[2]_C/C is not reached by a timing clock
Related violations: <none>

TIMING-17#23 Warning
Non-clocked sequential cell  
The clock pin dispAN1_reg[2]_P/C is not reached by a timing clock
Related violations: <none>

TIMING-17#24 Warning
Non-clocked sequential cell  
The clock pin dispAN1_reg[3]_C/C is not reached by a timing clock
Related violations: <none>

TIMING-17#25 Warning
Non-clocked sequential cell  
The clock pin dispAN1_reg[3]_P/C is not reached by a timing clock
Related violations: <none>

TIMING-17#26 Warning
Non-clocked sequential cell  
The clock pin dispAN1_reg[4]_C/C is not reached by a timing clock
Related violations: <none>

TIMING-17#27 Warning
Non-clocked sequential cell  
The clock pin dispAN1_reg[4]_P/C is not reached by a timing clock
Related violations: <none>

TIMING-17#28 Warning
Non-clocked sequential cell  
The clock pin dispAN1_reg[5]_C/C is not reached by a timing clock
Related violations: <none>

TIMING-17#29 Warning
Non-clocked sequential cell  
The clock pin dispAN1_reg[5]_P/C is not reached by a timing clock
Related violations: <none>

TIMING-17#30 Warning
Non-clocked sequential cell  
The clock pin dispAN1_reg[6]_C/C is not reached by a timing clock
Related violations: <none>

TIMING-17#31 Warning
Non-clocked sequential cell  
The clock pin dispAN1_reg[6]_P/C is not reached by a timing clock
Related violations: <none>

TIMING-17#32 Warning
Non-clocked sequential cell  
The clock pin dispAN1_reg[7]_C/C is not reached by a timing clock
Related violations: <none>

TIMING-17#33 Warning
Non-clocked sequential cell  
The clock pin dispAN1_reg[7]_P/C is not reached by a timing clock
Related violations: <none>

TIMING-17#34 Warning
Non-clocked sequential cell  
The clock pin dispAN2_reg[0]_C/C is not reached by a timing clock
Related violations: <none>

TIMING-17#35 Warning
Non-clocked sequential cell  
The clock pin dispAN2_reg[0]_P/C is not reached by a timing clock
Related violations: <none>

TIMING-17#36 Warning
Non-clocked sequential cell  
The clock pin dispAN2_reg[1]_C/C is not reached by a timing clock
Related violations: <none>

TIMING-17#37 Warning
Non-clocked sequential cell  
The clock pin dispAN2_reg[1]_P/C is not reached by a timing clock
Related violations: <none>

TIMING-17#38 Warning
Non-clocked sequential cell  
The clock pin dispAN2_reg[2]_C/C is not reached by a timing clock
Related violations: <none>

TIMING-17#39 Warning
Non-clocked sequential cell  
The clock pin dispAN2_reg[2]_P/C is not reached by a timing clock
Related violations: <none>

TIMING-17#40 Warning
Non-clocked sequential cell  
The clock pin dispAN2_reg[3]_C/C is not reached by a timing clock
Related violations: <none>

TIMING-17#41 Warning
Non-clocked sequential cell  
The clock pin dispAN2_reg[3]_P/C is not reached by a timing clock
Related violations: <none>

TIMING-17#42 Warning
Non-clocked sequential cell  
The clock pin dispAN2_reg[4]_C/C is not reached by a timing clock
Related violations: <none>

TIMING-17#43 Warning
Non-clocked sequential cell  
The clock pin dispAN2_reg[4]_P/C is not reached by a timing clock
Related violations: <none>

TIMING-17#44 Warning
Non-clocked sequential cell  
The clock pin dispAN2_reg[5]_C/C is not reached by a timing clock
Related violations: <none>

TIMING-17#45 Warning
Non-clocked sequential cell  
The clock pin dispAN2_reg[5]_P/C is not reached by a timing clock
Related violations: <none>

TIMING-17#46 Warning
Non-clocked sequential cell  
The clock pin dispAN2_reg[6]_C/C is not reached by a timing clock
Related violations: <none>

TIMING-17#47 Warning
Non-clocked sequential cell  
The clock pin dispAN2_reg[6]_P/C is not reached by a timing clock
Related violations: <none>

TIMING-17#48 Warning
Non-clocked sequential cell  
The clock pin dispAN2_reg[7]_C/C is not reached by a timing clock
Related violations: <none>

TIMING-17#49 Warning
Non-clocked sequential cell  
The clock pin dispAN2_reg[7]_P/C is not reached by a timing clock
Related violations: <none>

TIMING-17#50 Warning
Non-clocked sequential cell  
The clock pin dispAN3_reg[6]_C/C is not reached by a timing clock
Related violations: <none>

TIMING-17#51 Warning
Non-clocked sequential cell  
The clock pin dispAN3_reg[6]_P/C is not reached by a timing clock
Related violations: <none>

TIMING-17#52 Warning
Non-clocked sequential cell  
The clock pin dispAN3_reg[7]_C/C is not reached by a timing clock
Related violations: <none>

TIMING-17#53 Warning
Non-clocked sequential cell  
The clock pin dispAN3_reg[7]_P/C is not reached by a timing clock
Related violations: <none>

TIMING-17#54 Warning
Non-clocked sequential cell  
The clock pin negative_reg/C is not reached by a timing clock
Related violations: <none>

TIMING-17#55 Warning
Non-clocked sequential cell  
The clock pin num_reg[0]_C/C is not reached by a timing clock
Related violations: <none>

TIMING-17#56 Warning
Non-clocked sequential cell  
The clock pin num_reg[0]_P/C is not reached by a timing clock
Related violations: <none>

TIMING-17#57 Warning
Non-clocked sequential cell  
The clock pin num_reg[1]_C/C is not reached by a timing clock
Related violations: <none>

TIMING-17#58 Warning
Non-clocked sequential cell  
The clock pin num_reg[1]_P/C is not reached by a timing clock
Related violations: <none>

TIMING-17#59 Warning
Non-clocked sequential cell  
The clock pin num_reg[2]_C/C is not reached by a timing clock
Related violations: <none>

TIMING-17#60 Warning
Non-clocked sequential cell  
The clock pin num_reg[2]_P/C is not reached by a timing clock
Related violations: <none>

TIMING-17#61 Warning
Non-clocked sequential cell  
The clock pin num_reg[3]_C/C is not reached by a timing clock
Related violations: <none>

TIMING-17#62 Warning
Non-clocked sequential cell  
The clock pin num_reg[3]_P/C is not reached by a timing clock
Related violations: <none>

TIMING-17#63 Warning
Non-clocked sequential cell  
The clock pin num_reg[4]_C/C is not reached by a timing clock
Related violations: <none>

TIMING-17#64 Warning
Non-clocked sequential cell  
The clock pin num_reg[4]_P/C is not reached by a timing clock
Related violations: <none>

TIMING-17#65 Warning
Non-clocked sequential cell  
The clock pin num_reg[5]_C/C is not reached by a timing clock
Related violations: <none>

TIMING-17#66 Warning
Non-clocked sequential cell  
The clock pin num_reg[5]_P/C is not reached by a timing clock
Related violations: <none>

TIMING-17#67 Warning
Non-clocked sequential cell  
The clock pin num_reg[6]_C/C is not reached by a timing clock
Related violations: <none>

TIMING-17#68 Warning
Non-clocked sequential cell  
The clock pin num_reg[6]_P/C is not reached by a timing clock
Related violations: <none>

TIMING-17#69 Warning
Non-clocked sequential cell  
The clock pin num_reg[7]_C/C is not reached by a timing clock
Related violations: <none>

TIMING-17#70 Warning
Non-clocked sequential cell  
The clock pin num_reg[7]_P/C is not reached by a timing clock
Related violations: <none>

TIMING-17#71 Warning
Non-clocked sequential cell  
The clock pin num_reg[8]_C/C is not reached by a timing clock
Related violations: <none>

TIMING-17#72 Warning
Non-clocked sequential cell  
The clock pin num_reg[8]_P/C is not reached by a timing clock
Related violations: <none>

TIMING-18#1 Warning
Missing input or output delay  
An input delay is missing on A1_n relative to clock(s) external_clock
Related violations: <none>

TIMING-18#2 Warning
Missing input or output delay  
An input delay is missing on A2_n relative to clock(s) external_clock
Related violations: <none>

TIMING-18#3 Warning
Missing input or output delay  
An input delay is missing on A3_n relative to clock(s) external_clock
Related violations: <none>

TIMING-18#4 Warning
Missing input or output delay  
An input delay is missing on B1_n relative to clock(s) external_clock
Related violations: <none>

TIMING-18#5 Warning
Missing input or output delay  
An input delay is missing on B2_n relative to clock(s) external_clock
Related violations: <none>

TIMING-18#6 Warning
Missing input or output delay  
An input delay is missing on B3_n relative to clock(s) external_clock
Related violations: <none>

TIMING-18#7 Warning
Missing input or output delay  
An input delay is missing on C1_n relative to clock(s) external_clock
Related violations: <none>

TIMING-18#8 Warning
Missing input or output delay  
An input delay is missing on C2_n relative to clock(s) external_clock
Related violations: <none>

TIMING-18#9 Warning
Missing input or output delay  
An input delay is missing on C3_n relative to clock(s) external_clock
Related violations: <none>

TIMING-18#10 Warning
Missing input or output delay  
An input delay is missing on cancelReset_n relative to clock(s) external_clock
Related violations: <none>

TIMING-18#11 Warning
Missing input or output delay  
An input delay is missing on coinsDisp_n relative to clock(s) external_clock
Related violations: <none>

TIMING-18#12 Warning
Missing input or output delay  
An input delay is missing on dime_n relative to clock(s) external_clock
Related violations: <none>

TIMING-18#13 Warning
Missing input or output delay  
An input delay is missing on dollar_n relative to clock(s) external_clock
Related violations: <none>

TIMING-18#14 Warning
Missing input or output delay  
An input delay is missing on fifty_n relative to clock(s) external_clock
Related violations: <none>

TIMING-18#15 Warning
Missing input or output delay  
An input delay is missing on five_n relative to clock(s) external_clock
Related violations: <none>

TIMING-18#16 Warning
Missing input or output delay  
An input delay is missing on nickel_n relative to clock(s) external_clock
Related violations: <none>

TIMING-18#17 Warning
Missing input or output delay  
An input delay is missing on quarter_n relative to clock(s) external_clock
Related violations: <none>

TIMING-18#18 Warning
Missing input or output delay  
An output delay is missing on anx[0] relative to clock(s) external_clock
Related violations: <none>

TIMING-18#19 Warning
Missing input or output delay  
An output delay is missing on anx[1] relative to clock(s) external_clock
Related violations: <none>

TIMING-18#20 Warning
Missing input or output delay  
An output delay is missing on anx[2] relative to clock(s) external_clock
Related violations: <none>

TIMING-18#21 Warning
Missing input or output delay  
An output delay is missing on anx[3] relative to clock(s) external_clock
Related violations: <none>

TIMING-18#22 Warning
Missing input or output delay  
An output delay is missing on value[0] relative to clock(s) external_clock
Related violations: <none>

TIMING-18#23 Warning
Missing input or output delay  
An output delay is missing on value[1] relative to clock(s) external_clock
Related violations: <none>

TIMING-18#24 Warning
Missing input or output delay  
An output delay is missing on value[2] relative to clock(s) external_clock
Related violations: <none>

TIMING-18#25 Warning
Missing input or output delay  
An output delay is missing on value[3] relative to clock(s) external_clock
Related violations: <none>

TIMING-18#26 Warning
Missing input or output delay  
An output delay is missing on value[4] relative to clock(s) external_clock
Related violations: <none>

TIMING-18#27 Warning
Missing input or output delay  
An output delay is missing on value[5] relative to clock(s) external_clock
Related violations: <none>

TIMING-18#28 Warning
Missing input or output delay  
An output delay is missing on value[6] relative to clock(s) external_clock
Related violations: <none>

TIMING-18#29 Warning
Missing input or output delay  
An output delay is missing on value[7] relative to clock(s) external_clock
Related violations: <none>

TIMING-20#1 Warning
Non-clocked latch  
The latch dispAN0_reg[0]_LDC cannot be properly analyzed as its control pin dispAN0_reg[0]_LDC/G is not reached by a timing clock
Related violations: <none>

TIMING-20#2 Warning
Non-clocked latch  
The latch dispAN0_reg[1]_LDC cannot be properly analyzed as its control pin dispAN0_reg[1]_LDC/G is not reached by a timing clock
Related violations: <none>

TIMING-20#3 Warning
Non-clocked latch  
The latch dispAN0_reg[2]_LDC cannot be properly analyzed as its control pin dispAN0_reg[2]_LDC/G is not reached by a timing clock
Related violations: <none>

TIMING-20#4 Warning
Non-clocked latch  
The latch dispAN0_reg[3]_LDC cannot be properly analyzed as its control pin dispAN0_reg[3]_LDC/G is not reached by a timing clock
Related violations: <none>

TIMING-20#5 Warning
Non-clocked latch  
The latch dispAN0_reg[4]_LDC cannot be properly analyzed as its control pin dispAN0_reg[4]_LDC/G is not reached by a timing clock
Related violations: <none>

TIMING-20#6 Warning
Non-clocked latch  
The latch dispAN0_reg[5]_LDC cannot be properly analyzed as its control pin dispAN0_reg[5]_LDC/G is not reached by a timing clock
Related violations: <none>

TIMING-20#7 Warning
Non-clocked latch  
The latch dispAN0_reg[6]_LDC cannot be properly analyzed as its control pin dispAN0_reg[6]_LDC/G is not reached by a timing clock
Related violations: <none>

TIMING-20#8 Warning
Non-clocked latch  
The latch dispAN0_reg[7]_LDC cannot be properly analyzed as its control pin dispAN0_reg[7]_LDC/G is not reached by a timing clock
Related violations: <none>

TIMING-20#9 Warning
Non-clocked latch  
The latch dispAN1_reg[0]_LDC cannot be properly analyzed as its control pin dispAN1_reg[0]_LDC/G is not reached by a timing clock
Related violations: <none>

TIMING-20#10 Warning
Non-clocked latch  
The latch dispAN1_reg[1]_LDC cannot be properly analyzed as its control pin dispAN1_reg[1]_LDC/G is not reached by a timing clock
Related violations: <none>

TIMING-20#11 Warning
Non-clocked latch  
The latch dispAN1_reg[2]_LDC cannot be properly analyzed as its control pin dispAN1_reg[2]_LDC/G is not reached by a timing clock
Related violations: <none>

TIMING-20#12 Warning
Non-clocked latch  
The latch dispAN1_reg[3]_LDC cannot be properly analyzed as its control pin dispAN1_reg[3]_LDC/G is not reached by a timing clock
Related violations: <none>

TIMING-20#13 Warning
Non-clocked latch  
The latch dispAN1_reg[4]_LDC cannot be properly analyzed as its control pin dispAN1_reg[4]_LDC/G is not reached by a timing clock
Related violations: <none>

TIMING-20#14 Warning
Non-clocked latch  
The latch dispAN1_reg[5]_LDC cannot be properly analyzed as its control pin dispAN1_reg[5]_LDC/G is not reached by a timing clock
Related violations: <none>

TIMING-20#15 Warning
Non-clocked latch  
The latch dispAN1_reg[6]_LDC cannot be properly analyzed as its control pin dispAN1_reg[6]_LDC/G is not reached by a timing clock
Related violations: <none>

TIMING-20#16 Warning
Non-clocked latch  
The latch dispAN1_reg[7]_LDC cannot be properly analyzed as its control pin dispAN1_reg[7]_LDC/G is not reached by a timing clock
Related violations: <none>

TIMING-20#17 Warning
Non-clocked latch  
The latch dispAN2_reg[0]_LDC cannot be properly analyzed as its control pin dispAN2_reg[0]_LDC/G is not reached by a timing clock
Related violations: <none>

TIMING-20#18 Warning
Non-clocked latch  
The latch dispAN2_reg[1]_LDC cannot be properly analyzed as its control pin dispAN2_reg[1]_LDC/G is not reached by a timing clock
Related violations: <none>

TIMING-20#19 Warning
Non-clocked latch  
The latch dispAN2_reg[2]_LDC cannot be properly analyzed as its control pin dispAN2_reg[2]_LDC/G is not reached by a timing clock
Related violations: <none>

TIMING-20#20 Warning
Non-clocked latch  
The latch dispAN2_reg[3]_LDC cannot be properly analyzed as its control pin dispAN2_reg[3]_LDC/G is not reached by a timing clock
Related violations: <none>

TIMING-20#21 Warning
Non-clocked latch  
The latch dispAN2_reg[4]_LDC cannot be properly analyzed as its control pin dispAN2_reg[4]_LDC/G is not reached by a timing clock
Related violations: <none>

TIMING-20#22 Warning
Non-clocked latch  
The latch dispAN2_reg[5]_LDC cannot be properly analyzed as its control pin dispAN2_reg[5]_LDC/G is not reached by a timing clock
Related violations: <none>

TIMING-20#23 Warning
Non-clocked latch  
The latch dispAN2_reg[6]_LDC cannot be properly analyzed as its control pin dispAN2_reg[6]_LDC/G is not reached by a timing clock
Related violations: <none>

TIMING-20#24 Warning
Non-clocked latch  
The latch dispAN2_reg[7]_LDC cannot be properly analyzed as its control pin dispAN2_reg[7]_LDC/G is not reached by a timing clock
Related violations: <none>

TIMING-20#25 Warning
Non-clocked latch  
The latch dispAN3_reg[6]_LDC cannot be properly analyzed as its control pin dispAN3_reg[6]_LDC/G is not reached by a timing clock
Related violations: <none>

TIMING-20#26 Warning
Non-clocked latch  
The latch dispAN3_reg[7]_LDC cannot be properly analyzed as its control pin dispAN3_reg[7]_LDC/G is not reached by a timing clock
Related violations: <none>

TIMING-20#27 Warning
Non-clocked latch  
The latch num_reg[0]_LDC cannot be properly analyzed as its control pin num_reg[0]_LDC/G is not reached by a timing clock
Related violations: <none>

TIMING-20#28 Warning
Non-clocked latch  
The latch num_reg[1]_LDC cannot be properly analyzed as its control pin num_reg[1]_LDC/G is not reached by a timing clock
Related violations: <none>

TIMING-20#29 Warning
Non-clocked latch  
The latch num_reg[2]_LDC cannot be properly analyzed as its control pin num_reg[2]_LDC/G is not reached by a timing clock
Related violations: <none>

TIMING-20#30 Warning
Non-clocked latch  
The latch num_reg[3]_LDC cannot be properly analyzed as its control pin num_reg[3]_LDC/G is not reached by a timing clock
Related violations: <none>

TIMING-20#31 Warning
Non-clocked latch  
The latch num_reg[4]_LDC cannot be properly analyzed as its control pin num_reg[4]_LDC/G is not reached by a timing clock
Related violations: <none>

TIMING-20#32 Warning
Non-clocked latch  
The latch num_reg[5]_LDC cannot be properly analyzed as its control pin num_reg[5]_LDC/G is not reached by a timing clock
Related violations: <none>

TIMING-20#33 Warning
Non-clocked latch  
The latch num_reg[6]_LDC cannot be properly analyzed as its control pin num_reg[6]_LDC/G is not reached by a timing clock
Related violations: <none>

TIMING-20#34 Warning
Non-clocked latch  
The latch num_reg[7]_LDC cannot be properly analyzed as its control pin num_reg[7]_LDC/G is not reached by a timing clock
Related violations: <none>

TIMING-20#35 Warning
Non-clocked latch  
The latch num_reg[8]_LDC cannot be properly analyzed as its control pin num_reg[8]_LDC/G is not reached by a timing clock
Related violations: <none>

XDCC-4#1 Warning
User Clock constraint overwritten with the same name  
A new clock constraint create_clock overrides a previous user clock constraint with the same name.
New: create_clock -period 10.000 -name external_clock [get_ports clk] (Source: /home/yellowsnow4free/Documents/GitHub/TheVendingMachine/Vivado/src/xdc/board_io.xdc (Line: 158))
Previous: create_clock -period 10.000 -name external_clock [get_ports clk] (Source: /home/yellowsnow4free/Documents/GitHub/TheVendingMachine/Vivado/src/xdc/board_io.xdc (Line: 60))
Related violations: <none>

XDCC-8#1 Warning
User Clock constraint overwritten on the same source  
A new clock constraint create_clock overrides a previous user clock constraint defined on the same source.
New: create_clock -period 10.000 -name external_clock [get_ports clk] (Source: /home/yellowsnow4free/Documents/GitHub/TheVendingMachine/Vivado/src/xdc/board_io.xdc (Line: 158))
Previous: create_clock -period 10.000 -name external_clock [get_ports clk] (Source: /home/yellowsnow4free/Documents/GitHub/TheVendingMachine/Vivado/src/xdc/board_io.xdc (Line: 60))
Related violations: <none>


