#! /usr/bin/vvp
:ivl_version "10.2 (stable)" "(v10_2)";
:ivl_delay_selection "TYPICAL";
:vpi_time_precision - 12;
:vpi_module "system";
:vpi_module "vhdl_sys";
:vpi_module "v2005_math";
:vpi_module "va_math";
S_0x55b022ec4340 .scope module, "vending_machine_tb" "vending_machine_tb" 2 5;
 .timescale -9 -12;
v0x55b022fba2b0_0 .var "A1", 0 0;
v0x55b022fba3a0_0 .var "A2", 0 0;
v0x55b022fba470_0 .var "A3", 0 0;
v0x55b022fba570_0 .var "B1", 0 0;
v0x55b022fba640_0 .var "B2", 0 0;
v0x55b022fba730_0 .var "B3", 0 0;
v0x55b022fba800_0 .var "C1", 0 0;
v0x55b022fba8d0_0 .var "C2", 0 0;
v0x55b022fba9a0_0 .var "C3", 0 0;
v0x55b022fbaa70_0 .net "anx", 3 0, L_0x55b022fd78e0;  1 drivers
v0x55b022fbab40_0 .var "cancelReset", 0 0;
v0x55b022fbac10_0 .var "clk", 0 0;
v0x55b022fbace0_0 .var "coinsDisp", 0 0;
v0x55b022fbadb0_0 .net "dLEDA1", 0 0, L_0x55b022fd4930;  1 drivers
v0x55b022fbae80_0 .net "dLEDA2", 0 0, L_0x55b022fd4e70;  1 drivers
v0x55b022fbaf50_0 .net "dLEDA3", 0 0, L_0x55b022fd5370;  1 drivers
v0x55b022fbb020_0 .net "dLEDB1", 0 0, L_0x55b022fd5830;  1 drivers
v0x55b022fbb0f0_0 .net "dLEDB2", 0 0, L_0x55b022fd5d50;  1 drivers
v0x55b022fbb1c0_0 .net "dLEDB3", 0 0, L_0x55b022fd6280;  1 drivers
v0x55b022fbb290_0 .net "dLEDC1", 0 0, L_0x55b022fd67c0;  1 drivers
v0x55b022fbb360_0 .net "dLEDC2", 0 0, L_0x55b022fd6d10;  1 drivers
v0x55b022fbb430_0 .net "dLEDC3", 0 0, L_0x55b022fd7270;  1 drivers
v0x55b022fbb500_0 .var "dime", 0 0;
v0x55b022fbb5d0_0 .var "dollar", 0 0;
v0x55b022fbb6a0_0 .var "fifty", 0 0;
v0x55b022fbb770_0 .var "five", 0 0;
v0x55b022fbb840_0 .net "gLEDA1", 0 0, L_0x55b022fccdf0;  1 drivers
v0x55b022fbb910_0 .net "gLEDA2", 0 0, L_0x55b022fcd4a0;  1 drivers
v0x55b022fbb9e0_0 .net "gLEDA3", 0 0, L_0x55b022fcda50;  1 drivers
v0x55b022fbbab0_0 .net "gLEDB1", 0 0, L_0x55b022fce090;  1 drivers
v0x55b022fbbb80_0 .net "gLEDB2", 0 0, L_0x55b022fce7d0;  1 drivers
v0x55b022fbbc50_0 .net "gLEDB3", 0 0, L_0x55b022fceef0;  1 drivers
v0x55b022fbbd20_0 .net "gLEDC1", 0 0, L_0x55b022fcf6b0;  1 drivers
v0x55b022fbbdf0_0 .net "gLEDC2", 0 0, L_0x55b022fd0010;  1 drivers
v0x55b022fbbec0_0 .net "gLEDC3", 0 0, L_0x55b022fd0a60;  1 drivers
v0x55b022fbbf90_0 .var "nickel", 0 0;
v0x55b022fbc060_0 .var "quarter", 0 0;
v0x55b022fbc130_0 .net "rLEDA1", 0 0, L_0x55b022fd0ff0;  1 drivers
v0x55b022fbc200_0 .net "rLEDA2", 0 0, L_0x55b022fd1550;  1 drivers
v0x55b022fbc2d0_0 .net "rLEDA3", 0 0, L_0x55b022fd1c30;  1 drivers
v0x55b022fbc3a0_0 .net "rLEDB1", 0 0, L_0x55b022fd21c0;  1 drivers
v0x55b022fbc470_0 .net "rLEDB2", 0 0, L_0x55b022fd2900;  1 drivers
v0x55b022fbc540_0 .net "rLEDB3", 0 0, L_0x55b022fd2ec0;  1 drivers
v0x55b022fbc610_0 .net "rLEDC1", 0 0, L_0x55b022fd3660;  1 drivers
v0x55b022fbc6e0_0 .net "rLEDC2", 0 0, L_0x55b022fd3c50;  1 drivers
v0x55b022fbc7b0_0 .net "rLEDC3", 0 0, L_0x55b022fd4450;  1 drivers
v0x55b022fbc880_0 .net "value", 7 0, L_0x55b022fd7950;  1 drivers
S_0x55b022f36ab0 .scope module, "machine" "vending_machine" 2 56, 3 3 0, S_0x55b022ec4340;
 .timescale -9 -12;
    .port_info 0 /INPUT 1 "A1"
    .port_info 1 /INPUT 1 "A2"
    .port_info 2 /INPUT 1 "A3"
    .port_info 3 /INPUT 1 "B1"
    .port_info 4 /INPUT 1 "B2"
    .port_info 5 /INPUT 1 "B3"
    .port_info 6 /INPUT 1 "C1"
    .port_info 7 /INPUT 1 "C2"
    .port_info 8 /INPUT 1 "C3"
    .port_info 9 /INPUT 1 "nickel"
    .port_info 10 /INPUT 1 "dime"
    .port_info 11 /INPUT 1 "quarter"
    .port_info 12 /INPUT 1 "fifty"
    .port_info 13 /INPUT 1 "dollar"
    .port_info 14 /INPUT 1 "five"
    .port_info 15 /INPUT 1 "cancelReset"
    .port_info 16 /INPUT 1 "coinsDisp"
    .port_info 17 /INPUT 1 "clk"
    .port_info 18 /OUTPUT 1 "gLEDA1"
    .port_info 19 /OUTPUT 1 "rLEDA1"
    .port_info 20 /OUTPUT 1 "dLEDA1"
    .port_info 21 /OUTPUT 1 "gLEDA2"
    .port_info 22 /OUTPUT 1 "rLEDA2"
    .port_info 23 /OUTPUT 1 "dLEDA2"
    .port_info 24 /OUTPUT 1 "gLEDA3"
    .port_info 25 /OUTPUT 1 "rLEDA3"
    .port_info 26 /OUTPUT 1 "dLEDA3"
    .port_info 27 /OUTPUT 1 "gLEDB1"
    .port_info 28 /OUTPUT 1 "rLEDB1"
    .port_info 29 /OUTPUT 1 "dLEDB1"
    .port_info 30 /OUTPUT 1 "gLEDB2"
    .port_info 31 /OUTPUT 1 "rLEDB2"
    .port_info 32 /OUTPUT 1 "dLEDB2"
    .port_info 33 /OUTPUT 1 "gLEDB3"
    .port_info 34 /OUTPUT 1 "rLEDB3"
    .port_info 35 /OUTPUT 1 "dLEDB3"
    .port_info 36 /OUTPUT 1 "gLEDC1"
    .port_info 37 /OUTPUT 1 "rLEDC1"
    .port_info 38 /OUTPUT 1 "dLEDC1"
    .port_info 39 /OUTPUT 1 "gLEDC2"
    .port_info 40 /OUTPUT 1 "rLEDC2"
    .port_info 41 /OUTPUT 1 "dLEDC2"
    .port_info 42 /OUTPUT 1 "gLEDC3"
    .port_info 43 /OUTPUT 1 "rLEDC3"
    .port_info 44 /OUTPUT 1 "dLEDC3"
    .port_info 45 /OUTPUT 4 "anx"
    .port_info 46 /OUTPUT 8 "value"
P_0x55b022f6f150 .param/l "N" 0 3 128, +C4<00000000000000000000000000000000>;
L_0x55b022ed4980 .functor AND 1, L_0x55b022fbc950, L_0x55b022fccbe0, C4<1>, C4<1>;
L_0x55b022f58280 .functor AND 1, L_0x55b022fcd000, L_0x55b022fcd2c0, C4<1>, C4<1>;
L_0x55b022f89130 .functor AND 1, L_0x55b022fcd6d0, L_0x55b022fcd8c0, C4<1>, C4<1>;
L_0x55b022fcdaf0 .functor AND 1, L_0x55b022fcdca0, L_0x55b022fcdeb0, C4<1>, C4<1>;
L_0x55b022fce6c0 .functor AND 1, L_0x55b022fce300, L_0x55b022fce580, C4<1>, C4<1>;
L_0x55b022fceda0 .functor AND 1, L_0x55b022fce490, L_0x55b022fcec60, C4<1>, C4<1>;
L_0x55b022fcf5a0 .functor AND 1, L_0x55b022fcf1a0, L_0x55b022fcf460, C4<1>, C4<1>;
L_0x55b022fcfeb0 .functor AND 1, L_0x55b022fcf980, L_0x55b022fcfd70, C4<1>, C4<1>;
L_0x55b022fd0950 .functor AND 1, L_0x55b022fd0300, L_0x55b022fd0810, C4<1>, C4<1>;
L_0x55b022fd7810 .functor BUFZ 2, v0x55b022fb6c30_0, C4<00>, C4<00>, C4<00>;
L_0x55b022fd78e0 .functor BUFZ 4, v0x55b022fb7950_0, C4<0000>, C4<0000>, C4<0000>;
L_0x55b022fd7950 .functor BUFZ 8, v0x55b022fb9a70_0, C4<00000000>, C4<00000000>, C4<00000000>;
v0x55b022fac5e0_0 .net "A1", 0 0, v0x55b022fba2b0_0;  1 drivers
v0x55b022fac6c0_0 .net "A2", 0 0, v0x55b022fba3a0_0;  1 drivers
v0x55b022fac780_0 .net "A3", 0 0, v0x55b022fba470_0;  1 drivers
v0x55b022fac820_0 .net "B1", 0 0, v0x55b022fba570_0;  1 drivers
v0x55b022fac8e0_0 .net "B2", 0 0, v0x55b022fba640_0;  1 drivers
v0x55b022fac9a0_0 .net "B3", 0 0, v0x55b022fba730_0;  1 drivers
v0x55b022faca60_0 .net "C1", 0 0, v0x55b022fba800_0;  1 drivers
v0x55b022facb20_0 .net "C2", 0 0, v0x55b022fba8d0_0;  1 drivers
v0x55b022facbe0_0 .net "C3", 0 0, v0x55b022fba9a0_0;  1 drivers
v0x55b022facca0_0 .net *"_s0", 0 0, L_0x55b022fbc950;  1 drivers
v0x55b022facd60_0 .net *"_s10", 0 0, L_0x55b022ed4980;  1 drivers
v0x55b022face20_0 .net *"_s100", 0 0, L_0x55b022fceda0;  1 drivers
L_0x7f1d8337a648 .functor BUFT 1, C4<1>, C4<0>, C4<0>, C4<0>;
v0x55b022facee0_0 .net/2u *"_s102", 0 0, L_0x7f1d8337a648;  1 drivers
L_0x7f1d8337a690 .functor BUFT 1, C4<0>, C4<0>, C4<0>, C4<0>;
v0x55b022facfc0_0 .net/2u *"_s104", 0 0, L_0x7f1d8337a690;  1 drivers
v0x55b022fad0a0_0 .net *"_s108", 0 0, L_0x55b022fcf1a0;  1 drivers
v0x55b022fad160_0 .net *"_s110", 31 0, L_0x55b022fcf240;  1 drivers
L_0x7f1d8337a6d8 .functor BUFT 1, C4<00000000000000000000000>, C4<0>, C4<0>, C4<0>;
v0x55b022fad240_0 .net *"_s113", 22 0, L_0x7f1d8337a6d8;  1 drivers
L_0x7f1d8337a720 .functor BUFT 1, C4<00000000000000000000000000000000>, C4<0>, C4<0>, C4<0>;
v0x55b022fad320_0 .net/2u *"_s114", 31 0, L_0x7f1d8337a720;  1 drivers
v0x55b022fad400_0 .net *"_s116", 0 0, L_0x55b022fcf460;  1 drivers
v0x55b022fad4c0_0 .net *"_s118", 0 0, L_0x55b022fcf5a0;  1 drivers
L_0x7f1d8337a0a8 .functor BUFT 1, C4<1>, C4<0>, C4<0>, C4<0>;
v0x55b022fad580_0 .net/2u *"_s12", 0 0, L_0x7f1d8337a0a8;  1 drivers
L_0x7f1d8337a768 .functor BUFT 1, C4<1>, C4<0>, C4<0>, C4<0>;
v0x55b022fad660_0 .net/2u *"_s120", 0 0, L_0x7f1d8337a768;  1 drivers
L_0x7f1d8337a7b0 .functor BUFT 1, C4<0>, C4<0>, C4<0>, C4<0>;
v0x55b022fad740_0 .net/2u *"_s122", 0 0, L_0x7f1d8337a7b0;  1 drivers
v0x55b022fad820_0 .net *"_s126", 0 0, L_0x55b022fcf980;  1 drivers
v0x55b022fad8e0_0 .net *"_s128", 31 0, L_0x55b022fcfb30;  1 drivers
L_0x7f1d8337a7f8 .functor BUFT 1, C4<00000000000000000000000>, C4<0>, C4<0>, C4<0>;
v0x55b022fad9c0_0 .net *"_s131", 22 0, L_0x7f1d8337a7f8;  1 drivers
L_0x7f1d8337a840 .functor BUFT 1, C4<00000000000000000000000000000000>, C4<0>, C4<0>, C4<0>;
v0x55b022fadaa0_0 .net/2u *"_s132", 31 0, L_0x7f1d8337a840;  1 drivers
v0x55b022fadb80_0 .net *"_s134", 0 0, L_0x55b022fcfd70;  1 drivers
v0x55b022fadc40_0 .net *"_s136", 0 0, L_0x55b022fcfeb0;  1 drivers
L_0x7f1d8337a888 .functor BUFT 1, C4<1>, C4<0>, C4<0>, C4<0>;
v0x55b022fadd00_0 .net/2u *"_s138", 0 0, L_0x7f1d8337a888;  1 drivers
L_0x7f1d8337a0f0 .functor BUFT 1, C4<0>, C4<0>, C4<0>, C4<0>;
v0x55b022fadde0_0 .net/2u *"_s14", 0 0, L_0x7f1d8337a0f0;  1 drivers
L_0x7f1d8337a8d0 .functor BUFT 1, C4<0>, C4<0>, C4<0>, C4<0>;
v0x55b022fadec0_0 .net/2u *"_s140", 0 0, L_0x7f1d8337a8d0;  1 drivers
v0x55b022fadfa0_0 .net *"_s144", 0 0, L_0x55b022fd0300;  1 drivers
v0x55b022fae270_0 .net *"_s146", 31 0, L_0x55b022fd03a0;  1 drivers
L_0x7f1d8337a918 .functor BUFT 1, C4<00000000000000000000000>, C4<0>, C4<0>, C4<0>;
v0x55b022fae350_0 .net *"_s149", 22 0, L_0x7f1d8337a918;  1 drivers
L_0x7f1d8337a960 .functor BUFT 1, C4<00000000000000000000000000000000>, C4<0>, C4<0>, C4<0>;
v0x55b022fae430_0 .net/2u *"_s150", 31 0, L_0x7f1d8337a960;  1 drivers
v0x55b022fae510_0 .net *"_s152", 0 0, L_0x55b022fd0810;  1 drivers
v0x55b022fae5d0_0 .net *"_s154", 0 0, L_0x55b022fd0950;  1 drivers
L_0x7f1d8337a9a8 .functor BUFT 1, C4<1>, C4<0>, C4<0>, C4<0>;
v0x55b022fae690_0 .net/2u *"_s156", 0 0, L_0x7f1d8337a9a8;  1 drivers
L_0x7f1d8337a9f0 .functor BUFT 1, C4<0>, C4<0>, C4<0>, C4<0>;
v0x55b022fae770_0 .net/2u *"_s158", 0 0, L_0x7f1d8337a9f0;  1 drivers
v0x55b022fae850_0 .net *"_s162", 31 0, L_0x55b022fd0c80;  1 drivers
L_0x7f1d8337aa38 .functor BUFT 1, C4<00000000000000000000000>, C4<0>, C4<0>, C4<0>;
v0x55b022fae930_0 .net *"_s165", 22 0, L_0x7f1d8337aa38;  1 drivers
L_0x7f1d8337aa80 .functor BUFT 1, C4<00000000000000000000000000000000>, C4<0>, C4<0>, C4<0>;
v0x55b022faea10_0 .net/2u *"_s166", 31 0, L_0x7f1d8337aa80;  1 drivers
v0x55b022faeaf0_0 .net *"_s168", 0 0, L_0x55b022fd0d70;  1 drivers
L_0x7f1d8337aac8 .functor BUFT 1, C4<1>, C4<0>, C4<0>, C4<0>;
v0x55b022faebb0_0 .net/2u *"_s170", 0 0, L_0x7f1d8337aac8;  1 drivers
L_0x7f1d8337ab10 .functor BUFT 1, C4<0>, C4<0>, C4<0>, C4<0>;
v0x55b022faec90_0 .net/2u *"_s172", 0 0, L_0x7f1d8337ab10;  1 drivers
v0x55b022faed70_0 .net *"_s176", 31 0, L_0x55b022fd11d0;  1 drivers
L_0x7f1d8337ab58 .functor BUFT 1, C4<00000000000000000000000>, C4<0>, C4<0>, C4<0>;
v0x55b022faee50_0 .net *"_s179", 22 0, L_0x7f1d8337ab58;  1 drivers
v0x55b022faef30_0 .net *"_s18", 0 0, L_0x55b022fcd000;  1 drivers
L_0x7f1d8337aba0 .functor BUFT 1, C4<00000000000000000000000000000000>, C4<0>, C4<0>, C4<0>;
v0x55b022faeff0_0 .net/2u *"_s180", 31 0, L_0x7f1d8337aba0;  1 drivers
v0x55b022faf0d0_0 .net *"_s182", 0 0, L_0x55b022fd1410;  1 drivers
L_0x7f1d8337abe8 .functor BUFT 1, C4<1>, C4<0>, C4<0>, C4<0>;
v0x55b022faf190_0 .net/2u *"_s184", 0 0, L_0x7f1d8337abe8;  1 drivers
L_0x7f1d8337ac30 .functor BUFT 1, C4<0>, C4<0>, C4<0>, C4<0>;
v0x55b022faf270_0 .net/2u *"_s186", 0 0, L_0x7f1d8337ac30;  1 drivers
v0x55b022faf350_0 .net *"_s190", 31 0, L_0x55b022fd1890;  1 drivers
L_0x7f1d8337ac78 .functor BUFT 1, C4<00000000000000000000000>, C4<0>, C4<0>, C4<0>;
v0x55b022faf430_0 .net *"_s193", 22 0, L_0x7f1d8337ac78;  1 drivers
L_0x7f1d8337acc0 .functor BUFT 1, C4<00000000000000000000000000000000>, C4<0>, C4<0>, C4<0>;
v0x55b022faf510_0 .net/2u *"_s194", 31 0, L_0x7f1d8337acc0;  1 drivers
v0x55b022faf5f0_0 .net *"_s196", 0 0, L_0x55b022fd1980;  1 drivers
L_0x7f1d8337ad08 .functor BUFT 1, C4<1>, C4<0>, C4<0>, C4<0>;
v0x55b022faf6b0_0 .net/2u *"_s198", 0 0, L_0x7f1d8337ad08;  1 drivers
v0x55b022faf790_0 .net *"_s2", 31 0, L_0x55b022fbca80;  1 drivers
v0x55b022faf870_0 .net *"_s20", 31 0, L_0x55b022fcd0f0;  1 drivers
L_0x7f1d8337ad50 .functor BUFT 1, C4<0>, C4<0>, C4<0>, C4<0>;
v0x55b022faf950_0 .net/2u *"_s200", 0 0, L_0x7f1d8337ad50;  1 drivers
v0x55b022fafa30_0 .net *"_s204", 31 0, L_0x55b022fd1e10;  1 drivers
L_0x7f1d8337ad98 .functor BUFT 1, C4<00000000000000000000000>, C4<0>, C4<0>, C4<0>;
v0x55b022fafb10_0 .net *"_s207", 22 0, L_0x7f1d8337ad98;  1 drivers
L_0x7f1d8337ade0 .functor BUFT 1, C4<00000000000000000000000000000000>, C4<0>, C4<0>, C4<0>;
v0x55b022fafbf0_0 .net/2u *"_s208", 31 0, L_0x7f1d8337ade0;  1 drivers
v0x55b022fafcd0_0 .net *"_s210", 0 0, L_0x55b022fd2080;  1 drivers
L_0x7f1d8337ae28 .functor BUFT 1, C4<1>, C4<0>, C4<0>, C4<0>;
v0x55b022fb01a0_0 .net/2u *"_s212", 0 0, L_0x7f1d8337ae28;  1 drivers
L_0x7f1d8337ae70 .functor BUFT 1, C4<0>, C4<0>, C4<0>, C4<0>;
v0x55b022fb0280_0 .net/2u *"_s214", 0 0, L_0x7f1d8337ae70;  1 drivers
v0x55b022fb0360_0 .net *"_s218", 31 0, L_0x55b022fd2530;  1 drivers
L_0x7f1d8337aeb8 .functor BUFT 1, C4<00000000000000000000000>, C4<0>, C4<0>, C4<0>;
v0x55b022fb0440_0 .net *"_s221", 22 0, L_0x7f1d8337aeb8;  1 drivers
L_0x7f1d8337af00 .functor BUFT 1, C4<00000000000000000000000000000000>, C4<0>, C4<0>, C4<0>;
v0x55b022fb0520_0 .net/2u *"_s222", 31 0, L_0x7f1d8337af00;  1 drivers
v0x55b022fb0600_0 .net *"_s224", 0 0, L_0x55b022fd2620;  1 drivers
L_0x7f1d8337af48 .functor BUFT 1, C4<1>, C4<0>, C4<0>, C4<0>;
v0x55b022fb06c0_0 .net/2u *"_s226", 0 0, L_0x7f1d8337af48;  1 drivers
L_0x7f1d8337af90 .functor BUFT 1, C4<0>, C4<0>, C4<0>, C4<0>;
v0x55b022fb07a0_0 .net/2u *"_s228", 0 0, L_0x7f1d8337af90;  1 drivers
L_0x7f1d8337a138 .functor BUFT 1, C4<00000000000000000000000>, C4<0>, C4<0>, C4<0>;
v0x55b022fb0880_0 .net *"_s23", 22 0, L_0x7f1d8337a138;  1 drivers
v0x55b022fb0960_0 .net *"_s232", 31 0, L_0x55b022fd2ae0;  1 drivers
L_0x7f1d8337afd8 .functor BUFT 1, C4<00000000000000000000000>, C4<0>, C4<0>, C4<0>;
v0x55b022fb0a40_0 .net *"_s235", 22 0, L_0x7f1d8337afd8;  1 drivers
L_0x7f1d8337b020 .functor BUFT 1, C4<00000000000000000000000000000000>, C4<0>, C4<0>, C4<0>;
v0x55b022fb0b20_0 .net/2u *"_s236", 31 0, L_0x7f1d8337b020;  1 drivers
v0x55b022fb0c00_0 .net *"_s238", 0 0, L_0x55b022fd2d80;  1 drivers
L_0x7f1d8337a180 .functor BUFT 1, C4<00000000000000000000000000000000>, C4<0>, C4<0>, C4<0>;
v0x55b022fb0cc0_0 .net/2u *"_s24", 31 0, L_0x7f1d8337a180;  1 drivers
L_0x7f1d8337b068 .functor BUFT 1, C4<1>, C4<0>, C4<0>, C4<0>;
v0x55b022fb0da0_0 .net/2u *"_s240", 0 0, L_0x7f1d8337b068;  1 drivers
L_0x7f1d8337b0b0 .functor BUFT 1, C4<0>, C4<0>, C4<0>, C4<0>;
v0x55b022fb0e80_0 .net/2u *"_s242", 0 0, L_0x7f1d8337b0b0;  1 drivers
v0x55b022fb0f60_0 .net *"_s246", 31 0, L_0x55b022fd3260;  1 drivers
L_0x7f1d8337b0f8 .functor BUFT 1, C4<00000000000000000000000>, C4<0>, C4<0>, C4<0>;
v0x55b022fb1040_0 .net *"_s249", 22 0, L_0x7f1d8337b0f8;  1 drivers
L_0x7f1d8337b140 .functor BUFT 1, C4<00000000000000000000000000000000>, C4<0>, C4<0>, C4<0>;
v0x55b022fb1120_0 .net/2u *"_s250", 31 0, L_0x7f1d8337b140;  1 drivers
v0x55b022fb1200_0 .net *"_s252", 0 0, L_0x55b022fd3350;  1 drivers
L_0x7f1d8337b188 .functor BUFT 1, C4<1>, C4<0>, C4<0>, C4<0>;
v0x55b022fb12c0_0 .net/2u *"_s254", 0 0, L_0x7f1d8337b188;  1 drivers
L_0x7f1d8337b1d0 .functor BUFT 1, C4<0>, C4<0>, C4<0>, C4<0>;
v0x55b022fb13a0_0 .net/2u *"_s256", 0 0, L_0x7f1d8337b1d0;  1 drivers
v0x55b022fb1480_0 .net *"_s26", 0 0, L_0x55b022fcd2c0;  1 drivers
v0x55b022fb1540_0 .net *"_s260", 31 0, L_0x55b022fd3840;  1 drivers
L_0x7f1d8337b218 .functor BUFT 1, C4<00000000000000000000000>, C4<0>, C4<0>, C4<0>;
v0x55b022fb1620_0 .net *"_s263", 22 0, L_0x7f1d8337b218;  1 drivers
L_0x7f1d8337b260 .functor BUFT 1, C4<00000000000000000000000000000000>, C4<0>, C4<0>, C4<0>;
v0x55b022fb1700_0 .net/2u *"_s264", 31 0, L_0x7f1d8337b260;  1 drivers
v0x55b022fb17e0_0 .net *"_s266", 0 0, L_0x55b022fd3b10;  1 drivers
L_0x7f1d8337b2a8 .functor BUFT 1, C4<1>, C4<0>, C4<0>, C4<0>;
v0x55b022fb18a0_0 .net/2u *"_s268", 0 0, L_0x7f1d8337b2a8;  1 drivers
L_0x7f1d8337b2f0 .functor BUFT 1, C4<0>, C4<0>, C4<0>, C4<0>;
v0x55b022fb1980_0 .net/2u *"_s270", 0 0, L_0x7f1d8337b2f0;  1 drivers
v0x55b022fb1a60_0 .net *"_s274", 31 0, L_0x55b022fd4020;  1 drivers
L_0x7f1d8337b338 .functor BUFT 1, C4<00000000000000000000000>, C4<0>, C4<0>, C4<0>;
v0x55b022fb1b40_0 .net *"_s277", 22 0, L_0x7f1d8337b338;  1 drivers
L_0x7f1d8337b380 .functor BUFT 1, C4<00000000000000000000000000000000>, C4<0>, C4<0>, C4<0>;
v0x55b022fb1c20_0 .net/2u *"_s278", 31 0, L_0x7f1d8337b380;  1 drivers
v0x55b022fb1d00_0 .net *"_s28", 0 0, L_0x55b022f58280;  1 drivers
v0x55b022fb1dc0_0 .net *"_s280", 0 0, L_0x55b022fd4110;  1 drivers
L_0x7f1d8337b3c8 .functor BUFT 1, C4<1>, C4<0>, C4<0>, C4<0>;
v0x55b022fb1e80_0 .net/2u *"_s282", 0 0, L_0x7f1d8337b3c8;  1 drivers
L_0x7f1d8337b410 .functor BUFT 1, C4<0>, C4<0>, C4<0>, C4<0>;
v0x55b022fb1f60_0 .net/2u *"_s284", 0 0, L_0x7f1d8337b410;  1 drivers
L_0x7f1d8337b458 .functor BUFT 1, C4<10100001>, C4<0>, C4<0>, C4<0>;
v0x55b022fb2040_0 .net/2u *"_s288", 7 0, L_0x7f1d8337b458;  1 drivers
v0x55b022fb2120_0 .net *"_s290", 0 0, L_0x55b022fd4630;  1 drivers
L_0x7f1d8337b4a0 .functor BUFT 1, C4<1>, C4<0>, C4<0>, C4<0>;
v0x55b022fb21e0_0 .net/2u *"_s292", 0 0, L_0x7f1d8337b4a0;  1 drivers
L_0x7f1d8337b4e8 .functor BUFT 1, C4<0>, C4<0>, C4<0>, C4<0>;
v0x55b022fb22c0_0 .net/2u *"_s294", 0 0, L_0x7f1d8337b4e8;  1 drivers
L_0x7f1d8337b530 .functor BUFT 1, C4<10100010>, C4<0>, C4<0>, C4<0>;
v0x55b022fb23a0_0 .net/2u *"_s298", 7 0, L_0x7f1d8337b530;  1 drivers
L_0x7f1d8337a1c8 .functor BUFT 1, C4<1>, C4<0>, C4<0>, C4<0>;
v0x55b022fb2480_0 .net/2u *"_s30", 0 0, L_0x7f1d8337a1c8;  1 drivers
v0x55b022fb2560_0 .net *"_s300", 0 0, L_0x55b022fd4b10;  1 drivers
L_0x7f1d8337b578 .functor BUFT 1, C4<1>, C4<0>, C4<0>, C4<0>;
v0x55b022fb2620_0 .net/2u *"_s302", 0 0, L_0x7f1d8337b578;  1 drivers
L_0x7f1d8337b5c0 .functor BUFT 1, C4<0>, C4<0>, C4<0>, C4<0>;
v0x55b022fb2700_0 .net/2u *"_s304", 0 0, L_0x7f1d8337b5c0;  1 drivers
L_0x7f1d8337b608 .functor BUFT 1, C4<10100011>, C4<0>, C4<0>, C4<0>;
v0x55b022fb27e0_0 .net/2u *"_s308", 7 0, L_0x7f1d8337b608;  1 drivers
v0x55b022fb28c0_0 .net *"_s310", 0 0, L_0x55b022fd5050;  1 drivers
L_0x7f1d8337b650 .functor BUFT 1, C4<1>, C4<0>, C4<0>, C4<0>;
v0x55b022fb2980_0 .net/2u *"_s312", 0 0, L_0x7f1d8337b650;  1 drivers
L_0x7f1d8337b698 .functor BUFT 1, C4<0>, C4<0>, C4<0>, C4<0>;
v0x55b022fb2a60_0 .net/2u *"_s314", 0 0, L_0x7f1d8337b698;  1 drivers
L_0x7f1d8337b6e0 .functor BUFT 1, C4<10110001>, C4<0>, C4<0>, C4<0>;
v0x55b022fb2b40_0 .net/2u *"_s318", 7 0, L_0x7f1d8337b6e0;  1 drivers
L_0x7f1d8337a210 .functor BUFT 1, C4<0>, C4<0>, C4<0>, C4<0>;
v0x55b022fb2c20_0 .net/2u *"_s32", 0 0, L_0x7f1d8337a210;  1 drivers
v0x55b022fb2d00_0 .net *"_s320", 0 0, L_0x55b022fd5550;  1 drivers
L_0x7f1d8337b728 .functor BUFT 1, C4<1>, C4<0>, C4<0>, C4<0>;
v0x55b022fb2dc0_0 .net/2u *"_s322", 0 0, L_0x7f1d8337b728;  1 drivers
L_0x7f1d8337b770 .functor BUFT 1, C4<0>, C4<0>, C4<0>, C4<0>;
v0x55b022fb2ea0_0 .net/2u *"_s324", 0 0, L_0x7f1d8337b770;  1 drivers
L_0x7f1d8337b7b8 .functor BUFT 1, C4<10110010>, C4<0>, C4<0>, C4<0>;
v0x55b022fb2f80_0 .net/2u *"_s328", 7 0, L_0x7f1d8337b7b8;  1 drivers
v0x55b022fb3060_0 .net *"_s330", 0 0, L_0x55b022fd5a10;  1 drivers
L_0x7f1d8337b800 .functor BUFT 1, C4<1>, C4<0>, C4<0>, C4<0>;
v0x55b022fb3120_0 .net/2u *"_s332", 0 0, L_0x7f1d8337b800;  1 drivers
L_0x7f1d8337b848 .functor BUFT 1, C4<0>, C4<0>, C4<0>, C4<0>;
v0x55b022fb3200_0 .net/2u *"_s334", 0 0, L_0x7f1d8337b848;  1 drivers
L_0x7f1d8337b890 .functor BUFT 1, C4<10110011>, C4<0>, C4<0>, C4<0>;
v0x55b022fb32e0_0 .net/2u *"_s338", 7 0, L_0x7f1d8337b890;  1 drivers
v0x55b022fb33c0_0 .net *"_s340", 0 0, L_0x55b022fd5f30;  1 drivers
L_0x7f1d8337b8d8 .functor BUFT 1, C4<1>, C4<0>, C4<0>, C4<0>;
v0x55b022fb3480_0 .net/2u *"_s342", 0 0, L_0x7f1d8337b8d8;  1 drivers
L_0x7f1d8337b920 .functor BUFT 1, C4<0>, C4<0>, C4<0>, C4<0>;
v0x55b022fb3560_0 .net/2u *"_s344", 0 0, L_0x7f1d8337b920;  1 drivers
L_0x7f1d8337b968 .functor BUFT 1, C4<11000001>, C4<0>, C4<0>, C4<0>;
v0x55b022fb3640_0 .net/2u *"_s348", 7 0, L_0x7f1d8337b968;  1 drivers
v0x55b022fb3720_0 .net *"_s350", 0 0, L_0x55b022fd6460;  1 drivers
L_0x7f1d8337b9b0 .functor BUFT 1, C4<1>, C4<0>, C4<0>, C4<0>;
v0x55b022fb3ff0_0 .net/2u *"_s352", 0 0, L_0x7f1d8337b9b0;  1 drivers
L_0x7f1d8337b9f8 .functor BUFT 1, C4<0>, C4<0>, C4<0>, C4<0>;
v0x55b022fb40d0_0 .net/2u *"_s354", 0 0, L_0x7f1d8337b9f8;  1 drivers
L_0x7f1d8337ba40 .functor BUFT 1, C4<11000010>, C4<0>, C4<0>, C4<0>;
v0x55b022fb41b0_0 .net/2u *"_s358", 7 0, L_0x7f1d8337ba40;  1 drivers
v0x55b022fb4290_0 .net *"_s36", 0 0, L_0x55b022fcd6d0;  1 drivers
v0x55b022fb4350_0 .net *"_s360", 0 0, L_0x55b022fd69a0;  1 drivers
L_0x7f1d8337ba88 .functor BUFT 1, C4<1>, C4<0>, C4<0>, C4<0>;
v0x55b022fb4410_0 .net/2u *"_s362", 0 0, L_0x7f1d8337ba88;  1 drivers
L_0x7f1d8337bad0 .functor BUFT 1, C4<0>, C4<0>, C4<0>, C4<0>;
v0x55b022fb44f0_0 .net/2u *"_s364", 0 0, L_0x7f1d8337bad0;  1 drivers
L_0x7f1d8337bb18 .functor BUFT 1, C4<11000011>, C4<0>, C4<0>, C4<0>;
v0x55b022fb45d0_0 .net/2u *"_s368", 7 0, L_0x7f1d8337bb18;  1 drivers
v0x55b022fb46b0_0 .net *"_s370", 0 0, L_0x55b022fd6ef0;  1 drivers
L_0x7f1d8337bb60 .functor BUFT 1, C4<1>, C4<0>, C4<0>, C4<0>;
v0x55b022fb4770_0 .net/2u *"_s372", 0 0, L_0x7f1d8337bb60;  1 drivers
L_0x7f1d8337bba8 .functor BUFT 1, C4<0>, C4<0>, C4<0>, C4<0>;
v0x55b022fb4850_0 .net/2u *"_s374", 0 0, L_0x7f1d8337bba8;  1 drivers
v0x55b022fb4930_0 .net *"_s38", 31 0, L_0x55b022fcd770;  1 drivers
L_0x7f1d8337a258 .functor BUFT 1, C4<00000000000000000000000>, C4<0>, C4<0>, C4<0>;
v0x55b022fb4a10_0 .net *"_s41", 22 0, L_0x7f1d8337a258;  1 drivers
L_0x7f1d8337a2a0 .functor BUFT 1, C4<00000000000000000000000000000000>, C4<0>, C4<0>, C4<0>;
v0x55b022fb4af0_0 .net/2u *"_s42", 31 0, L_0x7f1d8337a2a0;  1 drivers
v0x55b022fb4bd0_0 .net *"_s44", 0 0, L_0x55b022fcd8c0;  1 drivers
v0x55b022fb4c90_0 .net *"_s46", 0 0, L_0x55b022f89130;  1 drivers
L_0x7f1d8337a2e8 .functor BUFT 1, C4<1>, C4<0>, C4<0>, C4<0>;
v0x55b022fb4d50_0 .net/2u *"_s48", 0 0, L_0x7f1d8337a2e8;  1 drivers
L_0x7f1d8337a018 .functor BUFT 1, C4<00000000000000000000000>, C4<0>, C4<0>, C4<0>;
v0x55b022fb4e30_0 .net *"_s5", 22 0, L_0x7f1d8337a018;  1 drivers
L_0x7f1d8337a330 .functor BUFT 1, C4<0>, C4<0>, C4<0>, C4<0>;
v0x55b022fb4f10_0 .net/2u *"_s50", 0 0, L_0x7f1d8337a330;  1 drivers
v0x55b022fb4ff0_0 .net *"_s54", 0 0, L_0x55b022fcdca0;  1 drivers
v0x55b022fb50b0_0 .net *"_s56", 31 0, L_0x55b022fcdd40;  1 drivers
L_0x7f1d8337a378 .functor BUFT 1, C4<00000000000000000000000>, C4<0>, C4<0>, C4<0>;
v0x55b022fb5190_0 .net *"_s59", 22 0, L_0x7f1d8337a378;  1 drivers
L_0x7f1d8337a060 .functor BUFT 1, C4<00000000000000000000000000000000>, C4<0>, C4<0>, C4<0>;
v0x55b022fb5270_0 .net/2u *"_s6", 31 0, L_0x7f1d8337a060;  1 drivers
L_0x7f1d8337a3c0 .functor BUFT 1, C4<00000000000000000000000000000000>, C4<0>, C4<0>, C4<0>;
v0x55b022fb5350_0 .net/2u *"_s60", 31 0, L_0x7f1d8337a3c0;  1 drivers
v0x55b022fb5430_0 .net *"_s62", 0 0, L_0x55b022fcdeb0;  1 drivers
v0x55b022fb54f0_0 .net *"_s64", 0 0, L_0x55b022fcdaf0;  1 drivers
L_0x7f1d8337a408 .functor BUFT 1, C4<1>, C4<0>, C4<0>, C4<0>;
v0x55b022fb55b0_0 .net/2u *"_s66", 0 0, L_0x7f1d8337a408;  1 drivers
L_0x7f1d8337a450 .functor BUFT 1, C4<0>, C4<0>, C4<0>, C4<0>;
v0x55b022fb5690_0 .net/2u *"_s68", 0 0, L_0x7f1d8337a450;  1 drivers
v0x55b022fb5770_0 .net *"_s72", 0 0, L_0x55b022fce300;  1 drivers
v0x55b022fb5830_0 .net *"_s74", 31 0, L_0x55b022fce3a0;  1 drivers
L_0x7f1d8337a498 .functor BUFT 1, C4<00000000000000000000000>, C4<0>, C4<0>, C4<0>;
v0x55b022fb5910_0 .net *"_s77", 22 0, L_0x7f1d8337a498;  1 drivers
L_0x7f1d8337a4e0 .functor BUFT 1, C4<00000000000000000000000000000000>, C4<0>, C4<0>, C4<0>;
v0x55b022fb59f0_0 .net/2u *"_s78", 31 0, L_0x7f1d8337a4e0;  1 drivers
v0x55b022fb5ad0_0 .net *"_s8", 0 0, L_0x55b022fccbe0;  1 drivers
v0x55b022fb5b90_0 .net *"_s80", 0 0, L_0x55b022fce580;  1 drivers
v0x55b022fb5c50_0 .net *"_s82", 0 0, L_0x55b022fce6c0;  1 drivers
L_0x7f1d8337a528 .functor BUFT 1, C4<1>, C4<0>, C4<0>, C4<0>;
v0x55b022fb5d10_0 .net/2u *"_s84", 0 0, L_0x7f1d8337a528;  1 drivers
L_0x7f1d8337a570 .functor BUFT 1, C4<0>, C4<0>, C4<0>, C4<0>;
v0x55b022fb5df0_0 .net/2u *"_s86", 0 0, L_0x7f1d8337a570;  1 drivers
v0x55b022fb5ed0_0 .net *"_s90", 0 0, L_0x55b022fce490;  1 drivers
v0x55b022fb5f90_0 .net *"_s92", 31 0, L_0x55b022fcea60;  1 drivers
L_0x7f1d8337a5b8 .functor BUFT 1, C4<00000000000000000000000>, C4<0>, C4<0>, C4<0>;
v0x55b022fb6070_0 .net *"_s95", 22 0, L_0x7f1d8337a5b8;  1 drivers
L_0x7f1d8337a600 .functor BUFT 1, C4<00000000000000000000000000000000>, C4<0>, C4<0>, C4<0>;
v0x55b022fb6150_0 .net/2u *"_s96", 31 0, L_0x7f1d8337a600;  1 drivers
v0x55b022fb6230_0 .net *"_s98", 0 0, L_0x55b022fcec60;  1 drivers
v0x55b022fb62f0_0 .net "anx", 3 0, L_0x55b022fd78e0;  alias, 1 drivers
v0x55b022fb63d0_0 .net "cancelReset", 0 0, v0x55b022fbab40_0;  1 drivers
v0x55b022fb6490_0 .var "change", 8 0;
v0x55b022fb6570_0 .net "clk", 0 0, v0x55b022fbac10_0;  1 drivers
v0x55b022fb6630_0 .net "clkdiv", 1 0, L_0x55b022fd7810;  1 drivers
v0x55b022fb6710_0 .var "coins", 8 0;
v0x55b022fb67f0_0 .net "coinsDisp", 0 0, v0x55b022fbace0_0;  1 drivers
v0x55b022fb68b0_0 .var "coinsDispTmpAN0", 7 0;
v0x55b022fb6990_0 .var "coinsDispTmpAN1", 7 0;
v0x55b022fb6a70_0 .var "coinsDispTmpAN2", 7 0;
v0x55b022fb6b50_0 .var "coinsDispTmpAN3", 7 0;
v0x55b022fb6c30_0 .var "counter", 1 0;
v0x55b022fb6d10_0 .net "dLEDA1", 0 0, L_0x55b022fd4930;  alias, 1 drivers
v0x55b022fb6dd0_0 .net "dLEDA2", 0 0, L_0x55b022fd4e70;  alias, 1 drivers
v0x55b022fb6e90_0 .net "dLEDA3", 0 0, L_0x55b022fd5370;  alias, 1 drivers
v0x55b022fb6f50_0 .net "dLEDB1", 0 0, L_0x55b022fd5830;  alias, 1 drivers
v0x55b022fb7010_0 .net "dLEDB2", 0 0, L_0x55b022fd5d50;  alias, 1 drivers
v0x55b022fb70d0_0 .net "dLEDB3", 0 0, L_0x55b022fd6280;  alias, 1 drivers
v0x55b022fb7190_0 .net "dLEDC1", 0 0, L_0x55b022fd67c0;  alias, 1 drivers
v0x55b022fb7250_0 .net "dLEDC2", 0 0, L_0x55b022fd6d10;  alias, 1 drivers
v0x55b022fb7310_0 .net "dLEDC3", 0 0, L_0x55b022fd7270;  alias, 1 drivers
v0x55b022fb73d0_0 .var "decimal", 0 0;
v0x55b022fb7470_0 .net "dime", 0 0, v0x55b022fbb500_0;  1 drivers
v0x55b022fb7510_0 .var "dispAN0", 7 0;
v0x55b022fb75f0_0 .var "dispAN1", 7 0;
v0x55b022fb76d0_0 .var "dispAN2", 7 0;
v0x55b022fb77b0_0 .var "dispAN3", 7 0;
v0x55b022fb7890_0 .net "dollar", 0 0, v0x55b022fbb5d0_0;  1 drivers
v0x55b022fb7950_0 .var "en_an", 3 0;
v0x55b022fb7a30_0 .net "fifty", 0 0, v0x55b022fbb6a0_0;  1 drivers
v0x55b022fb7af0_0 .net "five", 0 0, v0x55b022fbb770_0;  1 drivers
v0x55b022fb7bb0_0 .net "gLEDA1", 0 0, L_0x55b022fccdf0;  alias, 1 drivers
v0x55b022fb7c70_0 .net "gLEDA2", 0 0, L_0x55b022fcd4a0;  alias, 1 drivers
v0x55b022fb7d30_0 .net "gLEDA3", 0 0, L_0x55b022fcda50;  alias, 1 drivers
v0x55b022fb7df0_0 .net "gLEDB1", 0 0, L_0x55b022fce090;  alias, 1 drivers
v0x55b022fb7eb0_0 .net "gLEDB2", 0 0, L_0x55b022fce7d0;  alias, 1 drivers
v0x55b022fb7f70_0 .net "gLEDB3", 0 0, L_0x55b022fceef0;  alias, 1 drivers
v0x55b022fb8030_0 .net "gLEDC1", 0 0, L_0x55b022fcf6b0;  alias, 1 drivers
v0x55b022fb80f0_0 .net "gLEDC2", 0 0, L_0x55b022fd0010;  alias, 1 drivers
v0x55b022fb81b0_0 .net "gLEDC3", 0 0, L_0x55b022fd0a60;  alias, 1 drivers
v0x55b022fb8270_0 .var "maxMoney", 8 0;
v0x55b022fb8350_0 .var "negative", 0 0;
v0x55b022fb83f0_0 .net "nickel", 0 0, v0x55b022fbbf90_0;  1 drivers
v0x55b022fb8490_0 .var "num", 13 0;
v0x55b022fb8550_0 .var "priceA1", 8 0;
v0x55b022fb8630_0 .var "priceA2", 8 0;
v0x55b022fb8710_0 .var "priceA3", 8 0;
v0x55b022fb87f0_0 .var "priceB1", 8 0;
v0x55b022fb88d0_0 .var "priceB2", 8 0;
v0x55b022fb89b0_0 .var "priceB3", 8 0;
v0x55b022fb8a90_0 .var "priceC1", 8 0;
v0x55b022fb8b70_0 .var "priceC2", 8 0;
v0x55b022fb8c50_0 .var "priceC3", 8 0;
v0x55b022fb8d30_0 .net "quarter", 0 0, v0x55b022fbc060_0;  1 drivers
v0x55b022fb8df0_0 .net "rLEDA1", 0 0, L_0x55b022fd0ff0;  alias, 1 drivers
v0x55b022fb8eb0_0 .net "rLEDA2", 0 0, L_0x55b022fd1550;  alias, 1 drivers
v0x55b022fb8f70_0 .net "rLEDA3", 0 0, L_0x55b022fd1c30;  alias, 1 drivers
v0x55b022fb9030_0 .net "rLEDB1", 0 0, L_0x55b022fd21c0;  alias, 1 drivers
v0x55b022fb90f0_0 .net "rLEDB2", 0 0, L_0x55b022fd2900;  alias, 1 drivers
v0x55b022fb91b0_0 .net "rLEDB3", 0 0, L_0x55b022fd2ec0;  alias, 1 drivers
v0x55b022fb9270_0 .net "rLEDC1", 0 0, L_0x55b022fd3660;  alias, 1 drivers
v0x55b022fb9330_0 .net "rLEDC2", 0 0, L_0x55b022fd3c50;  alias, 1 drivers
v0x55b022fb93f0_0 .net "rLEDC3", 0 0, L_0x55b022fd4450;  alias, 1 drivers
v0x55b022fb94b0_0 .var "select", 7 0;
v0x55b022fb9590_0 .net "tmpCoins", 13 0, L_0x55b022fd7750;  1 drivers
v0x55b022fb9650_0 .net "tmpDispAN0", 7 0, L_0x55b022fd7450;  1 drivers
v0x55b022fb96f0_0 .net "tmpDispAN1", 7 0, L_0x55b022fd7510;  1 drivers
v0x55b022fb9790_0 .net "tmpDispAN2", 7 0, L_0x55b022fd75d0;  1 drivers
v0x55b022fb9830_0 .net "tmpDispAN3", 7 0, L_0x55b022fd7690;  1 drivers
v0x55b022fb98d0_0 .var "totalMoney", 8 0;
v0x55b022fb9990_0 .net "value", 7 0, L_0x55b022fd7950;  alias, 1 drivers
v0x55b022fb9a70_0 .var "valx", 7 0;
E_0x55b022f053d0/0 .event posedge, v0x55b022fb67f0_0, v0x55b022fb63d0_0, v0x55b022fb7af0_0, v0x55b022fb7890_0;
E_0x55b022f053d0/1 .event posedge, v0x55b022fb7a30_0, v0x55b022fb8d30_0, v0x55b022fb7470_0, v0x55b022fb83f0_0;
E_0x55b022f053d0/2 .event posedge, v0x55b022facbe0_0, v0x55b022facb20_0, v0x55b022faca60_0, v0x55b022fac9a0_0;
E_0x55b022f053d0/3 .event posedge, v0x55b022fac8e0_0, v0x55b022fac820_0, v0x55b022fac780_0, v0x55b022fac6c0_0;
E_0x55b022f053d0/4 .event posedge, v0x55b022fac5e0_0;
E_0x55b022f053d0 .event/or E_0x55b022f053d0/0, E_0x55b022f053d0/1, E_0x55b022f053d0/2, E_0x55b022f053d0/3, E_0x55b022f053d0/4;
E_0x55b022f04df0 .event edge, v0x55b022fb77b0_0, v0x55b022fb76d0_0, v0x55b022fb75f0_0, v0x55b022fb7510_0;
E_0x55b022f04810/0 .event edge, v0x55b022fb6630_0, v0x55b022fb7510_0, v0x55b022fb75f0_0, v0x55b022fb76d0_0;
E_0x55b022f04810/1 .event edge, v0x55b022fb77b0_0;
E_0x55b022f04810 .event/or E_0x55b022f04810/0, E_0x55b022f04810/1;
E_0x55b022f04280 .event posedge, v0x55b022fb6570_0;
L_0x55b022fbc950 .cmp/ge 9, v0x55b022fb98d0_0, v0x55b022fb8550_0;
L_0x55b022fbca80 .concat [ 9 23 0 0], v0x55b022fb8550_0, L_0x7f1d8337a018;
L_0x55b022fccbe0 .cmp/ne 32, L_0x55b022fbca80, L_0x7f1d8337a060;
L_0x55b022fccdf0 .functor MUXZ 1, L_0x7f1d8337a0f0, L_0x7f1d8337a0a8, L_0x55b022ed4980, C4<>;
L_0x55b022fcd000 .cmp/ge 9, v0x55b022fb98d0_0, v0x55b022fb8630_0;
L_0x55b022fcd0f0 .concat [ 9 23 0 0], v0x55b022fb8630_0, L_0x7f1d8337a138;
L_0x55b022fcd2c0 .cmp/ne 32, L_0x55b022fcd0f0, L_0x7f1d8337a180;
L_0x55b022fcd4a0 .functor MUXZ 1, L_0x7f1d8337a210, L_0x7f1d8337a1c8, L_0x55b022f58280, C4<>;
L_0x55b022fcd6d0 .cmp/ge 9, v0x55b022fb98d0_0, v0x55b022fb8710_0;
L_0x55b022fcd770 .concat [ 9 23 0 0], v0x55b022fb8710_0, L_0x7f1d8337a258;
L_0x55b022fcd8c0 .cmp/ne 32, L_0x55b022fcd770, L_0x7f1d8337a2a0;
L_0x55b022fcda50 .functor MUXZ 1, L_0x7f1d8337a330, L_0x7f1d8337a2e8, L_0x55b022f89130, C4<>;
L_0x55b022fcdca0 .cmp/ge 9, v0x55b022fb98d0_0, v0x55b022fb87f0_0;
L_0x55b022fcdd40 .concat [ 9 23 0 0], v0x55b022fb87f0_0, L_0x7f1d8337a378;
L_0x55b022fcdeb0 .cmp/ne 32, L_0x55b022fcdd40, L_0x7f1d8337a3c0;
L_0x55b022fce090 .functor MUXZ 1, L_0x7f1d8337a450, L_0x7f1d8337a408, L_0x55b022fcdaf0, C4<>;
L_0x55b022fce300 .cmp/ge 9, v0x55b022fb98d0_0, v0x55b022fb88d0_0;
L_0x55b022fce3a0 .concat [ 9 23 0 0], v0x55b022fb88d0_0, L_0x7f1d8337a498;
L_0x55b022fce580 .cmp/ne 32, L_0x55b022fce3a0, L_0x7f1d8337a4e0;
L_0x55b022fce7d0 .functor MUXZ 1, L_0x7f1d8337a570, L_0x7f1d8337a528, L_0x55b022fce6c0, C4<>;
L_0x55b022fce490 .cmp/ge 9, v0x55b022fb98d0_0, v0x55b022fb89b0_0;
L_0x55b022fcea60 .concat [ 9 23 0 0], v0x55b022fb89b0_0, L_0x7f1d8337a5b8;
L_0x55b022fcec60 .cmp/ne 32, L_0x55b022fcea60, L_0x7f1d8337a600;
L_0x55b022fceef0 .functor MUXZ 1, L_0x7f1d8337a690, L_0x7f1d8337a648, L_0x55b022fceda0, C4<>;
L_0x55b022fcf1a0 .cmp/ge 9, v0x55b022fb98d0_0, v0x55b022fb8a90_0;
L_0x55b022fcf240 .concat [ 9 23 0 0], v0x55b022fb8a90_0, L_0x7f1d8337a6d8;
L_0x55b022fcf460 .cmp/ne 32, L_0x55b022fcf240, L_0x7f1d8337a720;
L_0x55b022fcf6b0 .functor MUXZ 1, L_0x7f1d8337a7b0, L_0x7f1d8337a768, L_0x55b022fcf5a0, C4<>;
L_0x55b022fcf980 .cmp/ge 9, v0x55b022fb98d0_0, v0x55b022fb8b70_0;
L_0x55b022fcfb30 .concat [ 9 23 0 0], v0x55b022fb8b70_0, L_0x7f1d8337a7f8;
L_0x55b022fcfd70 .cmp/ne 32, L_0x55b022fcfb30, L_0x7f1d8337a840;
L_0x55b022fd0010 .functor MUXZ 1, L_0x7f1d8337a8d0, L_0x7f1d8337a888, L_0x55b022fcfeb0, C4<>;
L_0x55b022fd0300 .cmp/ge 9, v0x55b022fb98d0_0, v0x55b022fb8c50_0;
L_0x55b022fd03a0 .concat [ 9 23 0 0], v0x55b022fb8c50_0, L_0x7f1d8337a918;
L_0x55b022fd0810 .cmp/ne 32, L_0x55b022fd03a0, L_0x7f1d8337a960;
L_0x55b022fd0a60 .functor MUXZ 1, L_0x7f1d8337a9f0, L_0x7f1d8337a9a8, L_0x55b022fd0950, C4<>;
L_0x55b022fd0c80 .concat [ 9 23 0 0], v0x55b022fb8550_0, L_0x7f1d8337aa38;
L_0x55b022fd0d70 .cmp/eq 32, L_0x55b022fd0c80, L_0x7f1d8337aa80;
L_0x55b022fd0ff0 .functor MUXZ 1, L_0x7f1d8337ab10, L_0x7f1d8337aac8, L_0x55b022fd0d70, C4<>;
L_0x55b022fd11d0 .concat [ 9 23 0 0], v0x55b022fb8630_0, L_0x7f1d8337ab58;
L_0x55b022fd1410 .cmp/eq 32, L_0x55b022fd11d0, L_0x7f1d8337aba0;
L_0x55b022fd1550 .functor MUXZ 1, L_0x7f1d8337ac30, L_0x7f1d8337abe8, L_0x55b022fd1410, C4<>;
L_0x55b022fd1890 .concat [ 9 23 0 0], v0x55b022fb8710_0, L_0x7f1d8337ac78;
L_0x55b022fd1980 .cmp/eq 32, L_0x55b022fd1890, L_0x7f1d8337acc0;
L_0x55b022fd1c30 .functor MUXZ 1, L_0x7f1d8337ad50, L_0x7f1d8337ad08, L_0x55b022fd1980, C4<>;
L_0x55b022fd1e10 .concat [ 9 23 0 0], v0x55b022fb87f0_0, L_0x7f1d8337ad98;
L_0x55b022fd2080 .cmp/eq 32, L_0x55b022fd1e10, L_0x7f1d8337ade0;
L_0x55b022fd21c0 .functor MUXZ 1, L_0x7f1d8337ae70, L_0x7f1d8337ae28, L_0x55b022fd2080, C4<>;
L_0x55b022fd2530 .concat [ 9 23 0 0], v0x55b022fb88d0_0, L_0x7f1d8337aeb8;
L_0x55b022fd2620 .cmp/eq 32, L_0x55b022fd2530, L_0x7f1d8337af00;
L_0x55b022fd2900 .functor MUXZ 1, L_0x7f1d8337af90, L_0x7f1d8337af48, L_0x55b022fd2620, C4<>;
L_0x55b022fd2ae0 .concat [ 9 23 0 0], v0x55b022fb89b0_0, L_0x7f1d8337afd8;
L_0x55b022fd2d80 .cmp/eq 32, L_0x55b022fd2ae0, L_0x7f1d8337b020;
L_0x55b022fd2ec0 .functor MUXZ 1, L_0x7f1d8337b0b0, L_0x7f1d8337b068, L_0x55b022fd2d80, C4<>;
L_0x55b022fd3260 .concat [ 9 23 0 0], v0x55b022fb8a90_0, L_0x7f1d8337b0f8;
L_0x55b022fd3350 .cmp/eq 32, L_0x55b022fd3260, L_0x7f1d8337b140;
L_0x55b022fd3660 .functor MUXZ 1, L_0x7f1d8337b1d0, L_0x7f1d8337b188, L_0x55b022fd3350, C4<>;
L_0x55b022fd3840 .concat [ 9 23 0 0], v0x55b022fb8b70_0, L_0x7f1d8337b218;
L_0x55b022fd3b10 .cmp/eq 32, L_0x55b022fd3840, L_0x7f1d8337b260;
L_0x55b022fd3c50 .functor MUXZ 1, L_0x7f1d8337b2f0, L_0x7f1d8337b2a8, L_0x55b022fd3b10, C4<>;
L_0x55b022fd4020 .concat [ 9 23 0 0], v0x55b022fb8c50_0, L_0x7f1d8337b338;
L_0x55b022fd4110 .cmp/eq 32, L_0x55b022fd4020, L_0x7f1d8337b380;
L_0x55b022fd4450 .functor MUXZ 1, L_0x7f1d8337b410, L_0x7f1d8337b3c8, L_0x55b022fd4110, C4<>;
L_0x55b022fd4630 .cmp/eq 8, v0x55b022fb94b0_0, L_0x7f1d8337b458;
L_0x55b022fd4930 .functor MUXZ 1, L_0x7f1d8337b4e8, L_0x7f1d8337b4a0, L_0x55b022fd4630, C4<>;
L_0x55b022fd4b10 .cmp/eq 8, v0x55b022fb94b0_0, L_0x7f1d8337b530;
L_0x55b022fd4e70 .functor MUXZ 1, L_0x7f1d8337b5c0, L_0x7f1d8337b578, L_0x55b022fd4b10, C4<>;
L_0x55b022fd5050 .cmp/eq 8, v0x55b022fb94b0_0, L_0x7f1d8337b608;
L_0x55b022fd5370 .functor MUXZ 1, L_0x7f1d8337b698, L_0x7f1d8337b650, L_0x55b022fd5050, C4<>;
L_0x55b022fd5550 .cmp/eq 8, v0x55b022fb94b0_0, L_0x7f1d8337b6e0;
L_0x55b022fd5830 .functor MUXZ 1, L_0x7f1d8337b770, L_0x7f1d8337b728, L_0x55b022fd5550, C4<>;
L_0x55b022fd5a10 .cmp/eq 8, v0x55b022fb94b0_0, L_0x7f1d8337b7b8;
L_0x55b022fd5d50 .functor MUXZ 1, L_0x7f1d8337b848, L_0x7f1d8337b800, L_0x55b022fd5a10, C4<>;
L_0x55b022fd5f30 .cmp/eq 8, v0x55b022fb94b0_0, L_0x7f1d8337b890;
L_0x55b022fd6280 .functor MUXZ 1, L_0x7f1d8337b920, L_0x7f1d8337b8d8, L_0x55b022fd5f30, C4<>;
L_0x55b022fd6460 .cmp/eq 8, v0x55b022fb94b0_0, L_0x7f1d8337b968;
L_0x55b022fd67c0 .functor MUXZ 1, L_0x7f1d8337b9f8, L_0x7f1d8337b9b0, L_0x55b022fd6460, C4<>;
L_0x55b022fd69a0 .cmp/eq 8, v0x55b022fb94b0_0, L_0x7f1d8337ba40;
L_0x55b022fd6d10 .functor MUXZ 1, L_0x7f1d8337bad0, L_0x7f1d8337ba88, L_0x55b022fd69a0, C4<>;
L_0x55b022fd6ef0 .cmp/eq 8, v0x55b022fb94b0_0, L_0x7f1d8337bb18;
L_0x55b022fd7270 .functor MUXZ 1, L_0x7f1d8337bba8, L_0x7f1d8337bb60, L_0x55b022fd6ef0, C4<>;
S_0x55b022f3cdc0 .scope module, "toCoins" "num_to_coins" 3 126, 4 3 0, S_0x55b022f36ab0;
 .timescale -9 -12;
    .port_info 0 /INPUT 14 "intNum"
    .port_info 1 /OUTPUT 14 "value"
L_0x55b022fd7750 .functor BUFZ 14, v0x55b022f89330_0, C4<00000000000000>, C4<00000000000000>, C4<00000000000000>;
v0x55b022f89330_0 .var "coins", 13 0;
v0x55b022f893d0_0 .var "dimes", 3 0;
v0x55b022faae60_0 .var "dollars", 3 0;
v0x55b022faaf20_0 .net "intNum", 13 0, v0x55b022fb8490_0;  1 drivers
v0x55b022fab000_0 .var "nickels", 3 0;
v0x55b022fab130_0 .var "number", 13 0;
v0x55b022fab210_0 .var "quarters", 3 0;
v0x55b022fab2f0_0 .net "value", 13 0, L_0x55b022fd7750;  alias, 1 drivers
E_0x55b022f90930/0 .event edge, v0x55b022faaf20_0, v0x55b022fab130_0, v0x55b022faae60_0, v0x55b022fab210_0;
E_0x55b022f90930/1 .event edge, v0x55b022f893d0_0, v0x55b022fab000_0;
E_0x55b022f90930 .event/or E_0x55b022f90930/0, E_0x55b022f90930/1;
S_0x55b022fab430 .scope module, "toDisp" "num_to_7SD" 3 125, 5 3 0, S_0x55b022f36ab0;
 .timescale -9 -12;
    .port_info 0 /INPUT 14 "intNum"
    .port_info 1 /INPUT 1 "decimal"
    .port_info 2 /INPUT 1 "negative"
    .port_info 3 /OUTPUT 8 "sSegAN0"
    .port_info 4 /OUTPUT 8 "sSegAN1"
    .port_info 5 /OUTPUT 8 "sSegAN2"
    .port_info 6 /OUTPUT 8 "sSegAN3"
L_0x55b022fd7450 .functor BUFZ 8, v0x55b022fab730_0, C4<00000000>, C4<00000000>, C4<00000000>;
L_0x55b022fd7510 .functor BUFZ 8, v0x55b022fab810_0, C4<00000000>, C4<00000000>, C4<00000000>;
L_0x55b022fd75d0 .functor BUFZ 8, v0x55b022fab8d0_0, C4<00000000>, C4<00000000>, C4<00000000>;
L_0x55b022fd7690 .functor BUFZ 8, v0x55b022fab9b0_0, C4<00000000>, C4<00000000>, C4<00000000>;
v0x55b022fab650_0 .net "decimal", 0 0, v0x55b022fb73d0_0;  1 drivers
v0x55b022fab730_0 .var "dispAN0", 7 0;
v0x55b022fab810_0 .var "dispAN1", 7 0;
v0x55b022fab8d0_0 .var "dispAN2", 7 0;
v0x55b022fab9b0_0 .var "dispAN3", 7 0;
v0x55b022fabae0_0 .var "hundreds", 3 0;
v0x55b022fabbc0_0 .net "intNum", 13 0, v0x55b022fb8490_0;  alias, 1 drivers
v0x55b022fabc80_0 .net "negative", 0 0, v0x55b022fb8350_0;  1 drivers
v0x55b022fabd20_0 .var "number", 13 0;
v0x55b022fabe00_0 .var "ones", 3 0;
v0x55b022fabee0_0 .net "sSegAN0", 7 0, L_0x55b022fd7450;  alias, 1 drivers
v0x55b022fabfc0_0 .net "sSegAN1", 7 0, L_0x55b022fd7510;  alias, 1 drivers
v0x55b022fac0a0_0 .net "sSegAN2", 7 0, L_0x55b022fd75d0;  alias, 1 drivers
v0x55b022fac180_0 .net "sSegAN3", 7 0, L_0x55b022fd7690;  alias, 1 drivers
v0x55b022fac260_0 .var "sseg", 7 0;
v0x55b022fac340_0 .var "tens", 3 0;
v0x55b022fac420_0 .var "thousands", 3 0;
E_0x55b022f648b0/0 .event edge, v0x55b022faaf20_0, v0x55b022fabd20_0, v0x55b022fac420_0, v0x55b022fabae0_0;
E_0x55b022f648b0/1 .event edge, v0x55b022fac340_0, v0x55b022fabc80_0, v0x55b022fac260_0, v0x55b022fab650_0;
E_0x55b022f648b0/2 .event edge, v0x55b022fabe00_0;
E_0x55b022f648b0 .event/or E_0x55b022f648b0/0, E_0x55b022f648b0/1, E_0x55b022f648b0/2;
    .scope S_0x55b022fab430;
T_0 ;
    %wait E_0x55b022f648b0;
    %load/vec4 v0x55b022fabbc0_0;
    %store/vec4 v0x55b022fabd20_0, 0, 14;
    %load/vec4 v0x55b022fabd20_0;
    %pad/u 32;
    %pushi/vec4 1000, 0, 32;
    %div;
    %pad/u 4;
    %store/vec4 v0x55b022fac420_0, 0, 4;
    %load/vec4 v0x55b022fabd20_0;
    %pad/u 32;
    %load/vec4 v0x55b022fac420_0;
    %pad/u 32;
    %muli 1000, 0, 32;
    %sub;
    %pushi/vec4 100, 0, 32;
    %div;
    %pad/u 4;
    %store/vec4 v0x55b022fabae0_0, 0, 4;
    %load/vec4 v0x55b022fabd20_0;
    %pad/u 32;
    %load/vec4 v0x55b022fac420_0;
    %pad/u 32;
    %muli 1000, 0, 32;
    %sub;
    %load/vec4 v0x55b022fabae0_0;
    %pad/u 32;
    %muli 100, 0, 32;
    %sub;
    %pushi/vec4 10, 0, 32;
    %div;
    %pad/u 4;
    %store/vec4 v0x55b022fac340_0, 0, 4;
    %load/vec4 v0x55b022fabd20_0;
    %load/vec4 v0x55b022fac420_0;
    %pad/u 14;
    %muli 1000, 0, 14;
    %sub;
    %load/vec4 v0x55b022fabae0_0;
    %pad/u 14;
    %muli 100, 0, 14;
    %sub;
    %load/vec4 v0x55b022fac340_0;
    %pad/u 14;
    %muli 10, 0, 14;
    %sub;
    %pad/u 4;
    %store/vec4 v0x55b022fabe00_0, 0, 4;
    %load/vec4 v0x55b022fac420_0;
    %dup/vec4;
    %pushi/vec4 0, 0, 4;
    %cmp/u;
    %jmp/1 T_0.0, 6;
    %dup/vec4;
    %pushi/vec4 1, 0, 4;
    %cmp/u;
    %jmp/1 T_0.1, 6;
    %dup/vec4;
    %pushi/vec4 2, 0, 4;
    %cmp/u;
    %jmp/1 T_0.2, 6;
    %dup/vec4;
    %pushi/vec4 3, 0, 4;
    %cmp/u;
    %jmp/1 T_0.3, 6;
    %dup/vec4;
    %pushi/vec4 4, 0, 4;
    %cmp/u;
    %jmp/1 T_0.4, 6;
    %dup/vec4;
    %pushi/vec4 5, 0, 4;
    %cmp/u;
    %jmp/1 T_0.5, 6;
    %dup/vec4;
    %pushi/vec4 6, 0, 4;
    %cmp/u;
    %jmp/1 T_0.6, 6;
    %dup/vec4;
    %pushi/vec4 7, 0, 4;
    %cmp/u;
    %jmp/1 T_0.7, 6;
    %dup/vec4;
    %pushi/vec4 8, 0, 4;
    %cmp/u;
    %jmp/1 T_0.8, 6;
    %dup/vec4;
    %pushi/vec4 9, 0, 4;
    %cmp/u;
    %jmp/1 T_0.9, 6;
    %jmp T_0.10;
T_0.0 ;
    %pushi/vec4 129, 0, 8;
    %store/vec4 v0x55b022fac260_0, 0, 8;
    %jmp T_0.10;
T_0.1 ;
    %pushi/vec4 243, 0, 8;
    %store/vec4 v0x55b022fac260_0, 0, 8;
    %jmp T_0.10;
T_0.2 ;
    %pushi/vec4 73, 0, 8;
    %store/vec4 v0x55b022fac260_0, 0, 8;
    %jmp T_0.10;
T_0.3 ;
    %pushi/vec4 97, 0, 8;
    %store/vec4 v0x55b022fac260_0, 0, 8;
    %jmp T_0.10;
T_0.4 ;
    %pushi/vec4 51, 0, 8;
    %store/vec4 v0x55b022fac260_0, 0, 8;
    %jmp T_0.10;
T_0.5 ;
    %pushi/vec4 37, 0, 8;
    %store/vec4 v0x55b022fac260_0, 0, 8;
    %jmp T_0.10;
T_0.6 ;
    %pushi/vec4 5, 0, 8;
    %store/vec4 v0x55b022fac260_0, 0, 8;
    %jmp T_0.10;
T_0.7 ;
    %pushi/vec4 241, 0, 8;
    %store/vec4 v0x55b022fac260_0, 0, 8;
    %jmp T_0.10;
T_0.8 ;
    %pushi/vec4 1, 0, 8;
    %store/vec4 v0x55b022fac260_0, 0, 8;
    %jmp T_0.10;
T_0.9 ;
    %pushi/vec4 33, 0, 8;
    %store/vec4 v0x55b022fac260_0, 0, 8;
    %jmp T_0.10;
T_0.10 ;
    %pop/vec4 1;
    %load/vec4 v0x55b022fabc80_0;
    %flag_set/vec4 8;
    %jmp/0xz  T_0.11, 8;
    %pushi/vec4 127, 0, 8;
    %store/vec4 v0x55b022fac260_0, 0, 8;
T_0.11 ;
    %load/vec4 v0x55b022fac260_0;
    %store/vec4 v0x55b022fab9b0_0, 0, 8;
    %load/vec4 v0x55b022fabae0_0;
    %dup/vec4;
    %pushi/vec4 0, 0, 4;
    %cmp/u;
    %jmp/1 T_0.13, 6;
    %dup/vec4;
    %pushi/vec4 1, 0, 4;
    %cmp/u;
    %jmp/1 T_0.14, 6;
    %dup/vec4;
    %pushi/vec4 2, 0, 4;
    %cmp/u;
    %jmp/1 T_0.15, 6;
    %dup/vec4;
    %pushi/vec4 3, 0, 4;
    %cmp/u;
    %jmp/1 T_0.16, 6;
    %dup/vec4;
    %pushi/vec4 4, 0, 4;
    %cmp/u;
    %jmp/1 T_0.17, 6;
    %dup/vec4;
    %pushi/vec4 5, 0, 4;
    %cmp/u;
    %jmp/1 T_0.18, 6;
    %dup/vec4;
    %pushi/vec4 6, 0, 4;
    %cmp/u;
    %jmp/1 T_0.19, 6;
    %dup/vec4;
    %pushi/vec4 7, 0, 4;
    %cmp/u;
    %jmp/1 T_0.20, 6;
    %dup/vec4;
    %pushi/vec4 8, 0, 4;
    %cmp/u;
    %jmp/1 T_0.21, 6;
    %dup/vec4;
    %pushi/vec4 9, 0, 4;
    %cmp/u;
    %jmp/1 T_0.22, 6;
    %jmp T_0.23;
T_0.13 ;
    %pushi/vec4 129, 0, 8;
    %store/vec4 v0x55b022fac260_0, 0, 8;
    %jmp T_0.23;
T_0.14 ;
    %pushi/vec4 243, 0, 8;
    %store/vec4 v0x55b022fac260_0, 0, 8;
    %jmp T_0.23;
T_0.15 ;
    %pushi/vec4 73, 0, 8;
    %store/vec4 v0x55b022fac260_0, 0, 8;
    %jmp T_0.23;
T_0.16 ;
    %pushi/vec4 97, 0, 8;
    %store/vec4 v0x55b022fac260_0, 0, 8;
    %jmp T_0.23;
T_0.17 ;
    %pushi/vec4 51, 0, 8;
    %store/vec4 v0x55b022fac260_0, 0, 8;
    %jmp T_0.23;
T_0.18 ;
    %pushi/vec4 37, 0, 8;
    %store/vec4 v0x55b022fac260_0, 0, 8;
    %jmp T_0.23;
T_0.19 ;
    %pushi/vec4 5, 0, 8;
    %store/vec4 v0x55b022fac260_0, 0, 8;
    %jmp T_0.23;
T_0.20 ;
    %pushi/vec4 241, 0, 8;
    %store/vec4 v0x55b022fac260_0, 0, 8;
    %jmp T_0.23;
T_0.21 ;
    %pushi/vec4 1, 0, 8;
    %store/vec4 v0x55b022fac260_0, 0, 8;
    %jmp T_0.23;
T_0.22 ;
    %pushi/vec4 33, 0, 8;
    %store/vec4 v0x55b022fac260_0, 0, 8;
    %jmp T_0.23;
T_0.23 ;
    %pop/vec4 1;
    %load/vec4 v0x55b022fab650_0;
    %flag_set/vec4 8;
    %jmp/0xz  T_0.24, 8;
    %pushi/vec4 0, 0, 1;
    %ix/load 4, 0, 0;
    %flag_set/imm 4, 0;
    %store/vec4 v0x55b022fac260_0, 4, 1;
T_0.24 ;
    %load/vec4 v0x55b022fac260_0;
    %store/vec4 v0x55b022fab8d0_0, 0, 8;
    %load/vec4 v0x55b022fac340_0;
    %dup/vec4;
    %pushi/vec4 0, 0, 4;
    %cmp/u;
    %jmp/1 T_0.26, 6;
    %dup/vec4;
    %pushi/vec4 1, 0, 4;
    %cmp/u;
    %jmp/1 T_0.27, 6;
    %dup/vec4;
    %pushi/vec4 2, 0, 4;
    %cmp/u;
    %jmp/1 T_0.28, 6;
    %dup/vec4;
    %pushi/vec4 3, 0, 4;
    %cmp/u;
    %jmp/1 T_0.29, 6;
    %dup/vec4;
    %pushi/vec4 4, 0, 4;
    %cmp/u;
    %jmp/1 T_0.30, 6;
    %dup/vec4;
    %pushi/vec4 5, 0, 4;
    %cmp/u;
    %jmp/1 T_0.31, 6;
    %dup/vec4;
    %pushi/vec4 6, 0, 4;
    %cmp/u;
    %jmp/1 T_0.32, 6;
    %dup/vec4;
    %pushi/vec4 7, 0, 4;
    %cmp/u;
    %jmp/1 T_0.33, 6;
    %dup/vec4;
    %pushi/vec4 8, 0, 4;
    %cmp/u;
    %jmp/1 T_0.34, 6;
    %dup/vec4;
    %pushi/vec4 9, 0, 4;
    %cmp/u;
    %jmp/1 T_0.35, 6;
    %jmp T_0.36;
T_0.26 ;
    %pushi/vec4 129, 0, 8;
    %store/vec4 v0x55b022fac260_0, 0, 8;
    %jmp T_0.36;
T_0.27 ;
    %pushi/vec4 243, 0, 8;
    %store/vec4 v0x55b022fac260_0, 0, 8;
    %jmp T_0.36;
T_0.28 ;
    %pushi/vec4 73, 0, 8;
    %store/vec4 v0x55b022fac260_0, 0, 8;
    %jmp T_0.36;
T_0.29 ;
    %pushi/vec4 97, 0, 8;
    %store/vec4 v0x55b022fac260_0, 0, 8;
    %jmp T_0.36;
T_0.30 ;
    %pushi/vec4 51, 0, 8;
    %store/vec4 v0x55b022fac260_0, 0, 8;
    %jmp T_0.36;
T_0.31 ;
    %pushi/vec4 37, 0, 8;
    %store/vec4 v0x55b022fac260_0, 0, 8;
    %jmp T_0.36;
T_0.32 ;
    %pushi/vec4 5, 0, 8;
    %store/vec4 v0x55b022fac260_0, 0, 8;
    %jmp T_0.36;
T_0.33 ;
    %pushi/vec4 241, 0, 8;
    %store/vec4 v0x55b022fac260_0, 0, 8;
    %jmp T_0.36;
T_0.34 ;
    %pushi/vec4 1, 0, 8;
    %store/vec4 v0x55b022fac260_0, 0, 8;
    %jmp T_0.36;
T_0.35 ;
    %pushi/vec4 33, 0, 8;
    %store/vec4 v0x55b022fac260_0, 0, 8;
    %jmp T_0.36;
T_0.36 ;
    %pop/vec4 1;
    %load/vec4 v0x55b022fac260_0;
    %store/vec4 v0x55b022fab810_0, 0, 8;
    %load/vec4 v0x55b022fabe00_0;
    %dup/vec4;
    %pushi/vec4 0, 0, 4;
    %cmp/u;
    %jmp/1 T_0.37, 6;
    %dup/vec4;
    %pushi/vec4 1, 0, 4;
    %cmp/u;
    %jmp/1 T_0.38, 6;
    %dup/vec4;
    %pushi/vec4 2, 0, 4;
    %cmp/u;
    %jmp/1 T_0.39, 6;
    %dup/vec4;
    %pushi/vec4 3, 0, 4;
    %cmp/u;
    %jmp/1 T_0.40, 6;
    %dup/vec4;
    %pushi/vec4 4, 0, 4;
    %cmp/u;
    %jmp/1 T_0.41, 6;
    %dup/vec4;
    %pushi/vec4 5, 0, 4;
    %cmp/u;
    %jmp/1 T_0.42, 6;
    %dup/vec4;
    %pushi/vec4 6, 0, 4;
    %cmp/u;
    %jmp/1 T_0.43, 6;
    %dup/vec4;
    %pushi/vec4 7, 0, 4;
    %cmp/u;
    %jmp/1 T_0.44, 6;
    %dup/vec4;
    %pushi/vec4 8, 0, 4;
    %cmp/u;
    %jmp/1 T_0.45, 6;
    %dup/vec4;
    %pushi/vec4 9, 0, 4;
    %cmp/u;
    %jmp/1 T_0.46, 6;
    %jmp T_0.47;
T_0.37 ;
    %pushi/vec4 129, 0, 8;
    %store/vec4 v0x55b022fac260_0, 0, 8;
    %jmp T_0.47;
T_0.38 ;
    %pushi/vec4 243, 0, 8;
    %store/vec4 v0x55b022fac260_0, 0, 8;
    %jmp T_0.47;
T_0.39 ;
    %pushi/vec4 73, 0, 8;
    %store/vec4 v0x55b022fac260_0, 0, 8;
    %jmp T_0.47;
T_0.40 ;
    %pushi/vec4 97, 0, 8;
    %store/vec4 v0x55b022fac260_0, 0, 8;
    %jmp T_0.47;
T_0.41 ;
    %pushi/vec4 51, 0, 8;
    %store/vec4 v0x55b022fac260_0, 0, 8;
    %jmp T_0.47;
T_0.42 ;
    %pushi/vec4 37, 0, 8;
    %store/vec4 v0x55b022fac260_0, 0, 8;
    %jmp T_0.47;
T_0.43 ;
    %pushi/vec4 5, 0, 8;
    %store/vec4 v0x55b022fac260_0, 0, 8;
    %jmp T_0.47;
T_0.44 ;
    %pushi/vec4 241, 0, 8;
    %store/vec4 v0x55b022fac260_0, 0, 8;
    %jmp T_0.47;
T_0.45 ;
    %pushi/vec4 1, 0, 8;
    %store/vec4 v0x55b022fac260_0, 0, 8;
    %jmp T_0.47;
T_0.46 ;
    %pushi/vec4 33, 0, 8;
    %store/vec4 v0x55b022fac260_0, 0, 8;
    %jmp T_0.47;
T_0.47 ;
    %pop/vec4 1;
    %load/vec4 v0x55b022fac260_0;
    %store/vec4 v0x55b022fab730_0, 0, 8;
    %load/vec4 v0x55b022fabd20_0;
    %pad/u 32;
    %pushi/vec4 0, 0, 32;
    %cmp/e;
    %flag_get/vec4 4;
    %load/vec4 v0x55b022fab650_0;
    %and;
    %flag_set/vec4 8;
    %jmp/0xz  T_0.48, 8;
    %pushi/vec4 127, 0, 8;
    %store/vec4 v0x55b022fab730_0, 0, 8;
    %pushi/vec4 127, 0, 8;
    %store/vec4 v0x55b022fab810_0, 0, 8;
    %pushi/vec4 127, 0, 8;
    %store/vec4 v0x55b022fab8d0_0, 0, 8;
    %pushi/vec4 127, 0, 8;
    %store/vec4 v0x55b022fab9b0_0, 0, 8;
T_0.48 ;
    %jmp T_0;
    .thread T_0, $push;
    .scope S_0x55b022f3cdc0;
T_1 ;
    %wait E_0x55b022f90930;
    %load/vec4 v0x55b022faaf20_0;
    %store/vec4 v0x55b022fab130_0, 0, 14;
    %load/vec4 v0x55b022fab130_0;
    %pad/u 32;
    %pushi/vec4 100, 0, 32;
    %div;
    %pad/u 4;
    %store/vec4 v0x55b022faae60_0, 0, 4;
    %load/vec4 v0x55b022fab130_0;
    %pad/u 32;
    %load/vec4 v0x55b022faae60_0;
    %pad/u 32;
    %muli 100, 0, 32;
    %sub;
    %pushi/vec4 25, 0, 32;
    %div;
    %pad/u 4;
    %store/vec4 v0x55b022fab210_0, 0, 4;
    %load/vec4 v0x55b022fab130_0;
    %pad/u 32;
    %load/vec4 v0x55b022faae60_0;
    %pad/u 32;
    %muli 100, 0, 32;
    %sub;
    %load/vec4 v0x55b022fab210_0;
    %pad/u 32;
    %muli 25, 0, 32;
    %sub;
    %pushi/vec4 10, 0, 32;
    %div;
    %pad/u 4;
    %store/vec4 v0x55b022f893d0_0, 0, 4;
    %load/vec4 v0x55b022fab130_0;
    %pad/u 32;
    %load/vec4 v0x55b022faae60_0;
    %pad/u 32;
    %muli 100, 0, 32;
    %sub;
    %load/vec4 v0x55b022fab210_0;
    %pad/u 32;
    %muli 25, 0, 32;
    %sub;
    %load/vec4 v0x55b022f893d0_0;
    %pad/u 32;
    %muli 10, 0, 32;
    %sub;
    %pushi/vec4 5, 0, 32;
    %div;
    %pad/u 4;
    %store/vec4 v0x55b022fab000_0, 0, 4;
    %load/vec4 v0x55b022faae60_0;
    %pad/u 14;
    %muli 1000, 0, 14;
    %load/vec4 v0x55b022fab210_0;
    %pad/u 14;
    %muli 100, 0, 14;
    %add;
    %load/vec4 v0x55b022f893d0_0;
    %pad/u 14;
    %muli 10, 0, 14;
    %add;
    %load/vec4 v0x55b022fab000_0;
    %pad/u 14;
    %add;
    %store/vec4 v0x55b022f89330_0, 0, 14;
    %jmp T_1;
    .thread T_1, $push;
    .scope S_0x55b022f36ab0;
T_2 ;
    %pushi/vec4 100, 0, 9;
    %store/vec4 v0x55b022fb8550_0, 0, 9;
    %pushi/vec4 0, 0, 9;
    %store/vec4 v0x55b022fb8630_0, 0, 9;
    %pushi/vec4 125, 0, 9;
    %store/vec4 v0x55b022fb8710_0, 0, 9;
    %pushi/vec4 175, 0, 9;
    %store/vec4 v0x55b022fb87f0_0, 0, 9;
    %pushi/vec4 225, 0, 9;
    %store/vec4 v0x55b022fb88d0_0, 0, 9;
    %pushi/vec4 250, 0, 9;
    %store/vec4 v0x55b022fb89b0_0, 0, 9;
    %pushi/vec4 100, 0, 9;
    %store/vec4 v0x55b022fb8a90_0, 0, 9;
    %pushi/vec4 325, 0, 9;
    %store/vec4 v0x55b022fb8b70_0, 0, 9;
    %pushi/vec4 375, 0, 9;
    %store/vec4 v0x55b022fb8c50_0, 0, 9;
    %pushi/vec4 500, 0, 9;
    %store/vec4 v0x55b022fb8270_0, 0, 9;
    %pushi/vec4 0, 0, 9;
    %store/vec4 v0x55b022fb98d0_0, 0, 9;
    %pushi/vec4 0, 0, 9;
    %store/vec4 v0x55b022fb6490_0, 0, 9;
    %pushi/vec4 0, 0, 9;
    %store/vec4 v0x55b022fb6710_0, 0, 9;
    %pushi/vec4 0, 0, 8;
    %store/vec4 v0x55b022fb94b0_0, 0, 8;
    %pushi/vec4 0, 0, 2;
    %store/vec4 v0x55b022fb6c30_0, 0, 2;
    %end;
    .thread T_2;
    .scope S_0x55b022f36ab0;
T_3 ;
    %wait E_0x55b022f04280;
    %load/vec4 v0x55b022fb6c30_0;
    %addi 1, 0, 2;
    %assign/vec4 v0x55b022fb6c30_0, 0;
    %jmp T_3;
    .thread T_3;
    .scope S_0x55b022f36ab0;
T_4 ;
    %wait E_0x55b022f04810;
    %load/vec4 v0x55b022fb6630_0;
    %dup/vec4;
    %pushi/vec4 0, 0, 2;
    %cmp/u;
    %jmp/1 T_4.0, 6;
    %dup/vec4;
    %pushi/vec4 1, 0, 2;
    %cmp/u;
    %jmp/1 T_4.1, 6;
    %dup/vec4;
    %pushi/vec4 2, 0, 2;
    %cmp/u;
    %jmp/1 T_4.2, 6;
    %dup/vec4;
    %pushi/vec4 3, 0, 2;
    %cmp/u;
    %jmp/1 T_4.3, 6;
    %jmp T_4.4;
T_4.0 ;
    %load/vec4 v0x55b022fb7510_0;
    %assign/vec4 v0x55b022fb9a70_0, 0;
    %pushi/vec4 14, 0, 4;
    %assign/vec4 v0x55b022fb7950_0, 0;
    %jmp T_4.4;
T_4.1 ;
    %load/vec4 v0x55b022fb75f0_0;
    %assign/vec4 v0x55b022fb9a70_0, 0;
    %pushi/vec4 13, 0, 4;
    %assign/vec4 v0x55b022fb7950_0, 0;
    %jmp T_4.4;
T_4.2 ;
    %load/vec4 v0x55b022fb76d0_0;
    %assign/vec4 v0x55b022fb9a70_0, 0;
    %pushi/vec4 11, 0, 4;
    %assign/vec4 v0x55b022fb7950_0, 0;
    %jmp T_4.4;
T_4.3 ;
    %load/vec4 v0x55b022fb77b0_0;
    %assign/vec4 v0x55b022fb9a70_0, 0;
    %pushi/vec4 7, 0, 4;
    %assign/vec4 v0x55b022fb7950_0, 0;
    %jmp T_4.4;
T_4.4 ;
    %pop/vec4 1;
    %jmp T_4;
    .thread T_4, $push;
    .scope S_0x55b022f36ab0;
T_5 ;
    %wait E_0x55b022f04df0;
    %load/vec4 v0x55b022fb77b0_0;
    %dup/vec4;
    %pushi/vec4 127, 0, 8;
    %cmp/u;
    %jmp/1 T_5.0, 6;
    %dup/vec4;
    %pushi/vec4 129, 0, 8;
    %cmp/u;
    %jmp/1 T_5.1, 6;
    %dup/vec4;
    %pushi/vec4 243, 0, 8;
    %cmp/u;
    %jmp/1 T_5.2, 6;
    %dup/vec4;
    %pushi/vec4 73, 0, 8;
    %cmp/u;
    %jmp/1 T_5.3, 6;
    %dup/vec4;
    %pushi/vec4 97, 0, 8;
    %cmp/u;
    %jmp/1 T_5.4, 6;
    %dup/vec4;
    %pushi/vec4 51, 0, 8;
    %cmp/u;
    %jmp/1 T_5.5, 6;
    %dup/vec4;
    %pushi/vec4 37, 0, 8;
    %cmp/u;
    %jmp/1 T_5.6, 6;
    %dup/vec4;
    %pushi/vec4 5, 0, 8;
    %cmp/u;
    %jmp/1 T_5.7, 6;
    %dup/vec4;
    %pushi/vec4 241, 0, 8;
    %cmp/u;
    %jmp/1 T_5.8, 6;
    %dup/vec4;
    %pushi/vec4 1, 0, 8;
    %cmp/u;
    %jmp/1 T_5.9, 6;
    %dup/vec4;
    %pushi/vec4 33, 0, 8;
    %cmp/u;
    %jmp/1 T_5.10, 6;
    %jmp T_5.11;
T_5.0 ;
    %vpi_call 3 168 "$write", "-" {0 0 0};
    %jmp T_5.11;
T_5.1 ;
    %vpi_call 3 169 "$write", "0" {0 0 0};
    %jmp T_5.11;
T_5.2 ;
    %vpi_call 3 170 "$write", "1" {0 0 0};
    %jmp T_5.11;
T_5.3 ;
    %vpi_call 3 171 "$write", "2" {0 0 0};
    %jmp T_5.11;
T_5.4 ;
    %vpi_call 3 172 "$write", "3" {0 0 0};
    %jmp T_5.11;
T_5.5 ;
    %vpi_call 3 173 "$write", "4" {0 0 0};
    %jmp T_5.11;
T_5.6 ;
    %vpi_call 3 174 "$write", "5" {0 0 0};
    %jmp T_5.11;
T_5.7 ;
    %vpi_call 3 175 "$write", "6" {0 0 0};
    %jmp T_5.11;
T_5.8 ;
    %vpi_call 3 176 "$write", "7" {0 0 0};
    %jmp T_5.11;
T_5.9 ;
    %vpi_call 3 177 "$write", "8" {0 0 0};
    %jmp T_5.11;
T_5.10 ;
    %vpi_call 3 178 "$write", "9" {0 0 0};
    %jmp T_5.11;
T_5.11 ;
    %pop/vec4 1;
    %load/vec4 v0x55b022fb76d0_0;
    %dup/vec4;
    %pushi/vec4 127, 0, 8;
    %cmp/u;
    %jmp/1 T_5.12, 6;
    %dup/vec4;
    %pushi/vec4 129, 0, 8;
    %cmp/u;
    %jmp/1 T_5.13, 6;
    %dup/vec4;
    %pushi/vec4 243, 0, 8;
    %cmp/u;
    %jmp/1 T_5.14, 6;
    %dup/vec4;
    %pushi/vec4 73, 0, 8;
    %cmp/u;
    %jmp/1 T_5.15, 6;
    %dup/vec4;
    %pushi/vec4 97, 0, 8;
    %cmp/u;
    %jmp/1 T_5.16, 6;
    %dup/vec4;
    %pushi/vec4 51, 0, 8;
    %cmp/u;
    %jmp/1 T_5.17, 6;
    %dup/vec4;
    %pushi/vec4 37, 0, 8;
    %cmp/u;
    %jmp/1 T_5.18, 6;
    %dup/vec4;
    %pushi/vec4 5, 0, 8;
    %cmp/u;
    %jmp/1 T_5.19, 6;
    %dup/vec4;
    %pushi/vec4 241, 0, 8;
    %cmp/u;
    %jmp/1 T_5.20, 6;
    %dup/vec4;
    %pushi/vec4 1, 0, 8;
    %cmp/u;
    %jmp/1 T_5.21, 6;
    %dup/vec4;
    %pushi/vec4 33, 0, 8;
    %cmp/u;
    %jmp/1 T_5.22, 6;
    %dup/vec4;
    %pushi/vec4 128, 0, 8;
    %cmp/u;
    %jmp/1 T_5.23, 6;
    %dup/vec4;
    %pushi/vec4 242, 0, 8;
    %cmp/u;
    %jmp/1 T_5.24, 6;
    %dup/vec4;
    %pushi/vec4 72, 0, 8;
    %cmp/u;
    %jmp/1 T_5.25, 6;
    %dup/vec4;
    %pushi/vec4 96, 0, 8;
    %cmp/u;
    %jmp/1 T_5.26, 6;
    %dup/vec4;
    %pushi/vec4 50, 0, 8;
    %cmp/u;
    %jmp/1 T_5.27, 6;
    %dup/vec4;
    %pushi/vec4 36, 0, 8;
    %cmp/u;
    %jmp/1 T_5.28, 6;
    %dup/vec4;
    %pushi/vec4 4, 0, 8;
    %cmp/u;
    %jmp/1 T_5.29, 6;
    %dup/vec4;
    %pushi/vec4 240, 0, 8;
    %cmp/u;
    %jmp/1 T_5.30, 6;
    %dup/vec4;
    %pushi/vec4 0, 0, 8;
    %cmp/u;
    %jmp/1 T_5.31, 6;
    %dup/vec4;
    %pushi/vec4 32, 0, 8;
    %cmp/u;
    %jmp/1 T_5.32, 6;
    %jmp T_5.33;
T_5.12 ;
    %vpi_call 3 182 "$write", "-" {0 0 0};
    %jmp T_5.33;
T_5.13 ;
    %vpi_call 3 183 "$write", "0" {0 0 0};
    %jmp T_5.33;
T_5.14 ;
    %vpi_call 3 184 "$write", "1" {0 0 0};
    %jmp T_5.33;
T_5.15 ;
    %vpi_call 3 185 "$write", "2" {0 0 0};
    %jmp T_5.33;
T_5.16 ;
    %vpi_call 3 186 "$write", "3" {0 0 0};
    %jmp T_5.33;
T_5.17 ;
    %vpi_call 3 187 "$write", "4" {0 0 0};
    %jmp T_5.33;
T_5.18 ;
    %vpi_call 3 188 "$write", "5" {0 0 0};
    %jmp T_5.33;
T_5.19 ;
    %vpi_call 3 189 "$write", "6" {0 0 0};
    %jmp T_5.33;
T_5.20 ;
    %vpi_call 3 190 "$write", "7" {0 0 0};
    %jmp T_5.33;
T_5.21 ;
    %vpi_call 3 191 "$write", "8" {0 0 0};
    %jmp T_5.33;
T_5.22 ;
    %vpi_call 3 192 "$write", "9" {0 0 0};
    %jmp T_5.33;
T_5.23 ;
    %vpi_call 3 193 "$write", "0." {0 0 0};
    %jmp T_5.33;
T_5.24 ;
    %vpi_call 3 194 "$write", "1." {0 0 0};
    %jmp T_5.33;
T_5.25 ;
    %vpi_call 3 195 "$write", "2." {0 0 0};
    %jmp T_5.33;
T_5.26 ;
    %vpi_call 3 196 "$write", "3." {0 0 0};
    %jmp T_5.33;
T_5.27 ;
    %vpi_call 3 197 "$write", "4." {0 0 0};
    %jmp T_5.33;
T_5.28 ;
    %vpi_call 3 198 "$write", "5." {0 0 0};
    %jmp T_5.33;
T_5.29 ;
    %vpi_call 3 199 "$write", "6." {0 0 0};
    %jmp T_5.33;
T_5.30 ;
    %vpi_call 3 200 "$write", "7." {0 0 0};
    %jmp T_5.33;
T_5.31 ;
    %vpi_call 3 201 "$write", "8." {0 0 0};
    %jmp T_5.33;
T_5.32 ;
    %vpi_call 3 202 "$write", "9." {0 0 0};
    %jmp T_5.33;
T_5.33 ;
    %pop/vec4 1;
    %load/vec4 v0x55b022fb75f0_0;
    %dup/vec4;
    %pushi/vec4 127, 0, 8;
    %cmp/u;
    %jmp/1 T_5.34, 6;
    %dup/vec4;
    %pushi/vec4 129, 0, 8;
    %cmp/u;
    %jmp/1 T_5.35, 6;
    %dup/vec4;
    %pushi/vec4 243, 0, 8;
    %cmp/u;
    %jmp/1 T_5.36, 6;
    %dup/vec4;
    %pushi/vec4 73, 0, 8;
    %cmp/u;
    %jmp/1 T_5.37, 6;
    %dup/vec4;
    %pushi/vec4 97, 0, 8;
    %cmp/u;
    %jmp/1 T_5.38, 6;
    %dup/vec4;
    %pushi/vec4 51, 0, 8;
    %cmp/u;
    %jmp/1 T_5.39, 6;
    %dup/vec4;
    %pushi/vec4 37, 0, 8;
    %cmp/u;
    %jmp/1 T_5.40, 6;
    %dup/vec4;
    %pushi/vec4 5, 0, 8;
    %cmp/u;
    %jmp/1 T_5.41, 6;
    %dup/vec4;
    %pushi/vec4 241, 0, 8;
    %cmp/u;
    %jmp/1 T_5.42, 6;
    %dup/vec4;
    %pushi/vec4 1, 0, 8;
    %cmp/u;
    %jmp/1 T_5.43, 6;
    %dup/vec4;
    %pushi/vec4 33, 0, 8;
    %cmp/u;
    %jmp/1 T_5.44, 6;
    %jmp T_5.45;
T_5.34 ;
    %vpi_call 3 206 "$write", "-" {0 0 0};
    %jmp T_5.45;
T_5.35 ;
    %vpi_call 3 207 "$write", "0" {0 0 0};
    %jmp T_5.45;
T_5.36 ;
    %vpi_call 3 208 "$write", "1" {0 0 0};
    %jmp T_5.45;
T_5.37 ;
    %vpi_call 3 209 "$write", "2" {0 0 0};
    %jmp T_5.45;
T_5.38 ;
    %vpi_call 3 210 "$write", "3" {0 0 0};
    %jmp T_5.45;
T_5.39 ;
    %vpi_call 3 211 "$write", "4" {0 0 0};
    %jmp T_5.45;
T_5.40 ;
    %vpi_call 3 212 "$write", "5" {0 0 0};
    %jmp T_5.45;
T_5.41 ;
    %vpi_call 3 213 "$write", "6" {0 0 0};
    %jmp T_5.45;
T_5.42 ;
    %vpi_call 3 214 "$write", "7" {0 0 0};
    %jmp T_5.45;
T_5.43 ;
    %vpi_call 3 215 "$write", "8" {0 0 0};
    %jmp T_5.45;
T_5.44 ;
    %vpi_call 3 216 "$write", "9" {0 0 0};
    %jmp T_5.45;
T_5.45 ;
    %pop/vec4 1;
    %load/vec4 v0x55b022fb7510_0;
    %dup/vec4;
    %pushi/vec4 127, 0, 8;
    %cmp/u;
    %jmp/1 T_5.46, 6;
    %dup/vec4;
    %pushi/vec4 129, 0, 8;
    %cmp/u;
    %jmp/1 T_5.47, 6;
    %dup/vec4;
    %pushi/vec4 243, 0, 8;
    %cmp/u;
    %jmp/1 T_5.48, 6;
    %dup/vec4;
    %pushi/vec4 73, 0, 8;
    %cmp/u;
    %jmp/1 T_5.49, 6;
    %dup/vec4;
    %pushi/vec4 97, 0, 8;
    %cmp/u;
    %jmp/1 T_5.50, 6;
    %dup/vec4;
    %pushi/vec4 51, 0, 8;
    %cmp/u;
    %jmp/1 T_5.51, 6;
    %dup/vec4;
    %pushi/vec4 37, 0, 8;
    %cmp/u;
    %jmp/1 T_5.52, 6;
    %dup/vec4;
    %pushi/vec4 5, 0, 8;
    %cmp/u;
    %jmp/1 T_5.53, 6;
    %dup/vec4;
    %pushi/vec4 241, 0, 8;
    %cmp/u;
    %jmp/1 T_5.54, 6;
    %dup/vec4;
    %pushi/vec4 1, 0, 8;
    %cmp/u;
    %jmp/1 T_5.55, 6;
    %dup/vec4;
    %pushi/vec4 33, 0, 8;
    %cmp/u;
    %jmp/1 T_5.56, 6;
    %jmp T_5.57;
T_5.46 ;
    %vpi_call 3 220 "$write", "-\012" {0 0 0};
    %jmp T_5.57;
T_5.47 ;
    %vpi_call 3 221 "$write", "0\012" {0 0 0};
    %jmp T_5.57;
T_5.48 ;
    %vpi_call 3 222 "$write", "1\012" {0 0 0};
    %jmp T_5.57;
T_5.49 ;
    %vpi_call 3 223 "$write", "2\012" {0 0 0};
    %jmp T_5.57;
T_5.50 ;
    %vpi_call 3 224 "$write", "3\012" {0 0 0};
    %jmp T_5.57;
T_5.51 ;
    %vpi_call 3 225 "$write", "4\012" {0 0 0};
    %jmp T_5.57;
T_5.52 ;
    %vpi_call 3 226 "$write", "5\012" {0 0 0};
    %jmp T_5.57;
T_5.53 ;
    %vpi_call 3 227 "$write", "6\012" {0 0 0};
    %jmp T_5.57;
T_5.54 ;
    %vpi_call 3 228 "$write", "7\012" {0 0 0};
    %jmp T_5.57;
T_5.55 ;
    %vpi_call 3 229 "$write", "8\012" {0 0 0};
    %jmp T_5.57;
T_5.56 ;
    %vpi_call 3 230 "$write", "9\012" {0 0 0};
    %jmp T_5.57;
T_5.57 ;
    %pop/vec4 1;
    %jmp T_5;
    .thread T_5, $push;
    .scope S_0x55b022f36ab0;
T_6 ;
    %wait E_0x55b022f053d0;
    %load/vec4 v0x55b022fac5e0_0;
    %flag_set/vec4 8;
    %load/vec4 v0x55b022fac6c0_0;
    %flag_set/vec4 9;
    %flag_or 9, 8;
    %load/vec4 v0x55b022fac780_0;
    %flag_set/vec4 8;
    %flag_or 8, 9;
    %load/vec4 v0x55b022fac820_0;
    %flag_set/vec4 9;
    %flag_or 9, 8;
    %load/vec4 v0x55b022fac8e0_0;
    %flag_set/vec4 8;
    %flag_or 8, 9;
    %load/vec4 v0x55b022fac9a0_0;
    %flag_set/vec4 9;
    %flag_or 9, 8;
    %load/vec4 v0x55b022faca60_0;
    %flag_set/vec4 8;
    %flag_or 8, 9;
    %load/vec4 v0x55b022facb20_0;
    %flag_set/vec4 9;
    %flag_or 9, 8;
    %load/vec4 v0x55b022facbe0_0;
    %flag_set/vec4 8;
    %flag_or 8, 9;
    %jmp/0xz  T_6.0, 8;
    %pushi/vec4 1, 0, 1;
    %store/vec4 v0x55b022fb73d0_0, 0, 1;
    %pushi/vec4 0, 0, 1;
    %store/vec4 v0x55b022fb8350_0, 0, 1;
    %load/vec4 v0x55b022fb98d0_0;
    %pad/u 32;
    %cmpi/e 0, 0, 32;
    %jmp/0xz  T_6.2, 4;
    %load/vec4 v0x55b022fac5e0_0;
    %flag_set/vec4 8;
    %jmp/0xz  T_6.4, 8;
    %load/vec4 v0x55b022fb8550_0;
    %pad/u 14;
    %store/vec4 v0x55b022fb8490_0, 0, 14;
    %jmp T_6.5;
T_6.4 ;
    %load/vec4 v0x55b022fac6c0_0;
    %flag_set/vec4 8;
    %jmp/0xz  T_6.6, 8;
    %load/vec4 v0x55b022fb8630_0;
    %pad/u 14;
    %store/vec4 v0x55b022fb8490_0, 0, 14;
    %jmp T_6.7;
T_6.6 ;
    %load/vec4 v0x55b022fac780_0;
    %flag_set/vec4 8;
    %jmp/0xz  T_6.8, 8;
    %load/vec4 v0x55b022fb8710_0;
    %pad/u 14;
    %store/vec4 v0x55b022fb8490_0, 0, 14;
    %jmp T_6.9;
T_6.8 ;
    %load/vec4 v0x55b022fac820_0;
    %flag_set/vec4 8;
    %jmp/0xz  T_6.10, 8;
    %load/vec4 v0x55b022fb87f0_0;
    %pad/u 14;
    %store/vec4 v0x55b022fb8490_0, 0, 14;
    %jmp T_6.11;
T_6.10 ;
    %load/vec4 v0x55b022fac8e0_0;
    %flag_set/vec4 8;
    %jmp/0xz  T_6.12, 8;
    %load/vec4 v0x55b022fb88d0_0;
    %pad/u 14;
    %store/vec4 v0x55b022fb8490_0, 0, 14;
    %jmp T_6.13;
T_6.12 ;
    %load/vec4 v0x55b022fac9a0_0;
    %flag_set/vec4 8;
    %jmp/0xz  T_6.14, 8;
    %load/vec4 v0x55b022fb89b0_0;
    %pad/u 14;
    %store/vec4 v0x55b022fb8490_0, 0, 14;
    %jmp T_6.15;
T_6.14 ;
    %load/vec4 v0x55b022faca60_0;
    %flag_set/vec4 8;
    %jmp/0xz  T_6.16, 8;
    %load/vec4 v0x55b022fb8a90_0;
    %pad/u 14;
    %store/vec4 v0x55b022fb8490_0, 0, 14;
    %jmp T_6.17;
T_6.16 ;
    %load/vec4 v0x55b022facb20_0;
    %flag_set/vec4 8;
    %jmp/0xz  T_6.18, 8;
    %load/vec4 v0x55b022fb8b70_0;
    %pad/u 14;
    %store/vec4 v0x55b022fb8490_0, 0, 14;
    %jmp T_6.19;
T_6.18 ;
    %load/vec4 v0x55b022facbe0_0;
    %flag_set/vec4 8;
    %jmp/0xz  T_6.20, 8;
    %load/vec4 v0x55b022fb8c50_0;
    %pad/u 14;
    %store/vec4 v0x55b022fb8490_0, 0, 14;
T_6.20 ;
T_6.19 ;
T_6.17 ;
T_6.15 ;
T_6.13 ;
T_6.11 ;
T_6.9 ;
T_6.7 ;
T_6.5 ;
    %jmp T_6.3;
T_6.2 ;
    %pushi/vec4 0, 0, 32;
    %load/vec4 v0x55b022fb98d0_0;
    %pad/u 32;
    %cmp/u;
    %jmp/0xz  T_6.22, 5;
    %load/vec4 v0x55b022fac5e0_0;
    %flag_set/vec4 8;
    %jmp/0xz  T_6.24, 8;
    %load/vec4 v0x55b022fb8550_0;
    %load/vec4 v0x55b022fb98d0_0;
    %cmp/u;
    %flag_get/vec4 4;
    %flag_get/vec4 5;
    %or;
    %load/vec4 v0x55b022fb8550_0;
    %pushi/vec4 0, 0, 9;
    %cmp/e;
    %flag_get/vec4 4;
    %inv;
    %and;
    %flag_set/vec4 8;
    %jmp/0xz  T_6.26, 8;
    %load/vec4 v0x55b022fb98d0_0;
    %load/vec4 v0x55b022fb8550_0;
    %sub;
    %store/vec4 v0x55b022fb6490_0, 0, 9;
    %load/vec4 v0x55b022fb6490_0;
    %pad/u 14;
    %store/vec4 v0x55b022fb8490_0, 0, 14;
    %pushi/vec4 161, 0, 8;
    %store/vec4 v0x55b022fb94b0_0, 0, 8;
    %jmp T_6.27;
T_6.26 ;
    %pushi/vec4 1, 0, 1;
    %store/vec4 v0x55b022fb8350_0, 0, 1;
    %load/vec4 v0x55b022fb8550_0;
    %pad/u 14;
    %load/vec4 v0x55b022fb98d0_0;
    %pad/u 14;
    %sub;
    %store/vec4 v0x55b022fb8490_0, 0, 14;
T_6.27 ;
    %jmp T_6.25;
T_6.24 ;
    %load/vec4 v0x55b022fac6c0_0;
    %flag_set/vec4 8;
    %jmp/0xz  T_6.28, 8;
    %load/vec4 v0x55b022fb8630_0;
    %load/vec4 v0x55b022fb98d0_0;
    %cmp/u;
    %flag_get/vec4 4;
    %flag_get/vec4 5;
    %or;
    %load/vec4 v0x55b022fb8630_0;
    %pushi/vec4 0, 0, 9;
    %cmp/e;
    %flag_get/vec4 4;
    %inv;
    %and;
    %flag_set/vec4 8;
    %jmp/0xz  T_6.30, 8;
    %load/vec4 v0x55b022fb98d0_0;
    %load/vec4 v0x55b022fb8630_0;
    %sub;
    %store/vec4 v0x55b022fb6490_0, 0, 9;
    %load/vec4 v0x55b022fb6490_0;
    %pad/u 14;
    %store/vec4 v0x55b022fb8490_0, 0, 14;
    %pushi/vec4 162, 0, 8;
    %store/vec4 v0x55b022fb94b0_0, 0, 8;
    %jmp T_6.31;
T_6.30 ;
    %pushi/vec4 1, 0, 1;
    %store/vec4 v0x55b022fb8350_0, 0, 1;
    %load/vec4 v0x55b022fb8630_0;
    %pad/u 14;
    %load/vec4 v0x55b022fb98d0_0;
    %pad/u 14;
    %sub;
    %store/vec4 v0x55b022fb8490_0, 0, 14;
T_6.31 ;
    %jmp T_6.29;
T_6.28 ;
    %load/vec4 v0x55b022fac780_0;
    %flag_set/vec4 8;
    %jmp/0xz  T_6.32, 8;
    %load/vec4 v0x55b022fb8710_0;
    %load/vec4 v0x55b022fb98d0_0;
    %cmp/u;
    %flag_get/vec4 4;
    %flag_get/vec4 5;
    %or;
    %load/vec4 v0x55b022fb8710_0;
    %pushi/vec4 0, 0, 9;
    %cmp/e;
    %flag_get/vec4 4;
    %inv;
    %and;
    %flag_set/vec4 8;
    %jmp/0xz  T_6.34, 8;
    %load/vec4 v0x55b022fb98d0_0;
    %load/vec4 v0x55b022fb8710_0;
    %sub;
    %store/vec4 v0x55b022fb6490_0, 0, 9;
    %load/vec4 v0x55b022fb6490_0;
    %pad/u 14;
    %store/vec4 v0x55b022fb8490_0, 0, 14;
    %pushi/vec4 163, 0, 8;
    %store/vec4 v0x55b022fb94b0_0, 0, 8;
    %jmp T_6.35;
T_6.34 ;
    %pushi/vec4 1, 0, 1;
    %store/vec4 v0x55b022fb8350_0, 0, 1;
    %load/vec4 v0x55b022fb8710_0;
    %pad/u 14;
    %load/vec4 v0x55b022fb98d0_0;
    %pad/u 14;
    %sub;
    %store/vec4 v0x55b022fb8490_0, 0, 14;
T_6.35 ;
    %jmp T_6.33;
T_6.32 ;
    %load/vec4 v0x55b022fac820_0;
    %flag_set/vec4 8;
    %jmp/0xz  T_6.36, 8;
    %load/vec4 v0x55b022fb87f0_0;
    %load/vec4 v0x55b022fb98d0_0;
    %cmp/u;
    %flag_get/vec4 4;
    %flag_get/vec4 5;
    %or;
    %load/vec4 v0x55b022fb87f0_0;
    %pushi/vec4 0, 0, 9;
    %cmp/e;
    %flag_get/vec4 4;
    %inv;
    %and;
    %flag_set/vec4 8;
    %jmp/0xz  T_6.38, 8;
    %load/vec4 v0x55b022fb98d0_0;
    %load/vec4 v0x55b022fb87f0_0;
    %sub;
    %store/vec4 v0x55b022fb6490_0, 0, 9;
    %load/vec4 v0x55b022fb6490_0;
    %pad/u 14;
    %store/vec4 v0x55b022fb8490_0, 0, 14;
    %pushi/vec4 177, 0, 8;
    %store/vec4 v0x55b022fb94b0_0, 0, 8;
    %jmp T_6.39;
T_6.38 ;
    %pushi/vec4 1, 0, 1;
    %store/vec4 v0x55b022fb8350_0, 0, 1;
    %load/vec4 v0x55b022fb87f0_0;
    %pad/u 14;
    %load/vec4 v0x55b022fb98d0_0;
    %pad/u 14;
    %sub;
    %store/vec4 v0x55b022fb8490_0, 0, 14;
T_6.39 ;
    %jmp T_6.37;
T_6.36 ;
    %load/vec4 v0x55b022fac8e0_0;
    %flag_set/vec4 8;
    %jmp/0xz  T_6.40, 8;
    %load/vec4 v0x55b022fb88d0_0;
    %load/vec4 v0x55b022fb98d0_0;
    %cmp/u;
    %flag_get/vec4 4;
    %flag_get/vec4 5;
    %or;
    %load/vec4 v0x55b022fb88d0_0;
    %pushi/vec4 0, 0, 9;
    %cmp/e;
    %flag_get/vec4 4;
    %inv;
    %and;
    %flag_set/vec4 8;
    %jmp/0xz  T_6.42, 8;
    %load/vec4 v0x55b022fb98d0_0;
    %load/vec4 v0x55b022fb88d0_0;
    %sub;
    %store/vec4 v0x55b022fb6490_0, 0, 9;
    %load/vec4 v0x55b022fb6490_0;
    %pad/u 14;
    %store/vec4 v0x55b022fb8490_0, 0, 14;
    %pushi/vec4 178, 0, 8;
    %store/vec4 v0x55b022fb94b0_0, 0, 8;
    %jmp T_6.43;
T_6.42 ;
    %pushi/vec4 1, 0, 1;
    %store/vec4 v0x55b022fb8350_0, 0, 1;
    %load/vec4 v0x55b022fb88d0_0;
    %pad/u 14;
    %load/vec4 v0x55b022fb98d0_0;
    %pad/u 14;
    %sub;
    %store/vec4 v0x55b022fb8490_0, 0, 14;
T_6.43 ;
    %jmp T_6.41;
T_6.40 ;
    %load/vec4 v0x55b022fac9a0_0;
    %flag_set/vec4 8;
    %jmp/0xz  T_6.44, 8;
    %load/vec4 v0x55b022fb89b0_0;
    %load/vec4 v0x55b022fb98d0_0;
    %cmp/u;
    %flag_get/vec4 4;
    %flag_get/vec4 5;
    %or;
    %load/vec4 v0x55b022fb89b0_0;
    %pushi/vec4 0, 0, 9;
    %cmp/e;
    %flag_get/vec4 4;
    %inv;
    %and;
    %flag_set/vec4 8;
    %jmp/0xz  T_6.46, 8;
    %load/vec4 v0x55b022fb98d0_0;
    %load/vec4 v0x55b022fb89b0_0;
    %sub;
    %store/vec4 v0x55b022fb6490_0, 0, 9;
    %load/vec4 v0x55b022fb6490_0;
    %pad/u 14;
    %store/vec4 v0x55b022fb8490_0, 0, 14;
    %pushi/vec4 179, 0, 8;
    %store/vec4 v0x55b022fb94b0_0, 0, 8;
    %jmp T_6.47;
T_6.46 ;
    %pushi/vec4 1, 0, 1;
    %store/vec4 v0x55b022fb8350_0, 0, 1;
    %load/vec4 v0x55b022fb89b0_0;
    %pad/u 14;
    %load/vec4 v0x55b022fb98d0_0;
    %pad/u 14;
    %sub;
    %store/vec4 v0x55b022fb8490_0, 0, 14;
T_6.47 ;
    %jmp T_6.45;
T_6.44 ;
    %load/vec4 v0x55b022faca60_0;
    %flag_set/vec4 8;
    %jmp/0xz  T_6.48, 8;
    %load/vec4 v0x55b022fb8a90_0;
    %load/vec4 v0x55b022fb98d0_0;
    %cmp/u;
    %flag_get/vec4 4;
    %flag_get/vec4 5;
    %or;
    %load/vec4 v0x55b022fb8a90_0;
    %pushi/vec4 0, 0, 9;
    %cmp/e;
    %flag_get/vec4 4;
    %inv;
    %and;
    %flag_set/vec4 8;
    %jmp/0xz  T_6.50, 8;
    %load/vec4 v0x55b022fb98d0_0;
    %load/vec4 v0x55b022fb8a90_0;
    %sub;
    %store/vec4 v0x55b022fb6490_0, 0, 9;
    %load/vec4 v0x55b022fb6490_0;
    %pad/u 14;
    %store/vec4 v0x55b022fb8490_0, 0, 14;
    %pushi/vec4 193, 0, 8;
    %store/vec4 v0x55b022fb94b0_0, 0, 8;
    %jmp T_6.51;
T_6.50 ;
    %pushi/vec4 1, 0, 1;
    %store/vec4 v0x55b022fb8350_0, 0, 1;
    %load/vec4 v0x55b022fb8a90_0;
    %pad/u 14;
    %load/vec4 v0x55b022fb98d0_0;
    %pad/u 14;
    %sub;
    %store/vec4 v0x55b022fb8490_0, 0, 14;
T_6.51 ;
    %jmp T_6.49;
T_6.48 ;
    %load/vec4 v0x55b022facb20_0;
    %flag_set/vec4 8;
    %jmp/0xz  T_6.52, 8;
    %load/vec4 v0x55b022fb8b70_0;
    %load/vec4 v0x55b022fb98d0_0;
    %cmp/u;
    %flag_get/vec4 4;
    %flag_get/vec4 5;
    %or;
    %load/vec4 v0x55b022fb8b70_0;
    %pushi/vec4 0, 0, 9;
    %cmp/e;
    %flag_get/vec4 4;
    %inv;
    %and;
    %flag_set/vec4 8;
    %jmp/0xz  T_6.54, 8;
    %load/vec4 v0x55b022fb98d0_0;
    %load/vec4 v0x55b022fb8b70_0;
    %sub;
    %store/vec4 v0x55b022fb6490_0, 0, 9;
    %load/vec4 v0x55b022fb6490_0;
    %pad/u 14;
    %store/vec4 v0x55b022fb8490_0, 0, 14;
    %pushi/vec4 194, 0, 8;
    %store/vec4 v0x55b022fb94b0_0, 0, 8;
    %jmp T_6.55;
T_6.54 ;
    %pushi/vec4 1, 0, 1;
    %store/vec4 v0x55b022fb8350_0, 0, 1;
    %load/vec4 v0x55b022fb8b70_0;
    %pad/u 14;
    %load/vec4 v0x55b022fb98d0_0;
    %pad/u 14;
    %sub;
    %store/vec4 v0x55b022fb8490_0, 0, 14;
T_6.55 ;
    %jmp T_6.53;
T_6.52 ;
    %load/vec4 v0x55b022facbe0_0;
    %flag_set/vec4 8;
    %jmp/0xz  T_6.56, 8;
    %load/vec4 v0x55b022fb8c50_0;
    %load/vec4 v0x55b022fb98d0_0;
    %cmp/u;
    %flag_get/vec4 4;
    %flag_get/vec4 5;
    %or;
    %load/vec4 v0x55b022fb8c50_0;
    %pushi/vec4 0, 0, 9;
    %cmp/e;
    %flag_get/vec4 4;
    %inv;
    %and;
    %flag_set/vec4 8;
    %jmp/0xz  T_6.58, 8;
    %load/vec4 v0x55b022fb98d0_0;
    %load/vec4 v0x55b022fb8c50_0;
    %sub;
    %store/vec4 v0x55b022fb6490_0, 0, 9;
    %load/vec4 v0x55b022fb6490_0;
    %pad/u 14;
    %store/vec4 v0x55b022fb8490_0, 0, 14;
    %pushi/vec4 195, 0, 8;
    %store/vec4 v0x55b022fb94b0_0, 0, 8;
    %jmp T_6.59;
T_6.58 ;
    %pushi/vec4 1, 0, 1;
    %store/vec4 v0x55b022fb8350_0, 0, 1;
    %load/vec4 v0x55b022fb8c50_0;
    %pad/u 14;
    %load/vec4 v0x55b022fb98d0_0;
    %pad/u 14;
    %sub;
    %store/vec4 v0x55b022fb8490_0, 0, 14;
T_6.59 ;
T_6.56 ;
T_6.53 ;
T_6.49 ;
T_6.45 ;
T_6.41 ;
T_6.37 ;
T_6.33 ;
T_6.29 ;
T_6.25 ;
    %load/vec4 v0x55b022fb94b0_0;
    %cmpi/ne 0, 0, 8;
    %jmp/0xz  T_6.60, 4;
    %pushi/vec4 0, 0, 9;
    %store/vec4 v0x55b022fb98d0_0, 0, 9;
    %pushi/vec4 0, 0, 9;
    %store/vec4 v0x55b022fb6490_0, 0, 9;
    %pushi/vec4 0, 0, 9;
    %store/vec4 v0x55b022fb6710_0, 0, 9;
T_6.60 ;
T_6.22 ;
T_6.3 ;
    %load/vec4 v0x55b022fb9650_0;
    %store/vec4 v0x55b022fb7510_0, 0, 8;
    %load/vec4 v0x55b022fb96f0_0;
    %store/vec4 v0x55b022fb75f0_0, 0, 8;
    %load/vec4 v0x55b022fb9790_0;
    %store/vec4 v0x55b022fb76d0_0, 0, 8;
    %load/vec4 v0x55b022fb9830_0;
    %store/vec4 v0x55b022fb77b0_0, 0, 8;
    %jmp T_6.1;
T_6.0 ;
    %load/vec4 v0x55b022fb83f0_0;
    %flag_set/vec4 8;
    %load/vec4 v0x55b022fb7470_0;
    %flag_set/vec4 9;
    %flag_or 9, 8;
    %load/vec4 v0x55b022fb8d30_0;
    %flag_set/vec4 8;
    %flag_or 8, 9;
    %load/vec4 v0x55b022fb7a30_0;
    %flag_set/vec4 9;
    %flag_or 9, 8;
    %load/vec4 v0x55b022fb7890_0;
    %flag_set/vec4 8;
    %flag_or 8, 9;
    %load/vec4 v0x55b022fb7af0_0;
    %flag_set/vec4 9;
    %flag_or 9, 8;
    %jmp/0xz  T_6.62, 9;
    %pushi/vec4 1, 0, 1;
    %store/vec4 v0x55b022fb73d0_0, 0, 1;
    %pushi/vec4 0, 0, 1;
    %store/vec4 v0x55b022fb8350_0, 0, 1;
    %load/vec4 v0x55b022fb83f0_0;
    %flag_set/vec4 8;
    %jmp/0xz  T_6.64, 8;
    %load/vec4 v0x55b022fb8270_0;
    %pad/u 32;
    %load/vec4 v0x55b022fb98d0_0;
    %pad/u 32;
    %addi 5, 0, 32;
    %cmp/u;
    %jmp/0xz  T_6.66, 5;
    %pushi/vec4 5, 0, 14;
    %store/vec4 v0x55b022fb8490_0, 0, 14;
    %load/vec4 v0x55b022fb6710_0;
    %pad/u 14;
    %load/vec4 v0x55b022fb9590_0;
    %add;
    %pad/u 9;
    %store/vec4 v0x55b022fb6710_0, 0, 9;
    %jmp T_6.67;
T_6.66 ;
    %load/vec4 v0x55b022fb98d0_0;
    %addi 5, 0, 9;
    %store/vec4 v0x55b022fb98d0_0, 0, 9;
    %load/vec4 v0x55b022fb98d0_0;
    %pad/u 14;
    %store/vec4 v0x55b022fb8490_0, 0, 14;
    %load/vec4 v0x55b022fb9650_0;
    %store/vec4 v0x55b022fb7510_0, 0, 8;
    %load/vec4 v0x55b022fb96f0_0;
    %store/vec4 v0x55b022fb75f0_0, 0, 8;
    %load/vec4 v0x55b022fb9790_0;
    %store/vec4 v0x55b022fb76d0_0, 0, 8;
    %load/vec4 v0x55b022fb9830_0;
    %store/vec4 v0x55b022fb77b0_0, 0, 8;
T_6.67 ;
    %jmp T_6.65;
T_6.64 ;
    %load/vec4 v0x55b022fb7470_0;
    %flag_set/vec4 8;
    %jmp/0xz  T_6.68, 8;
    %load/vec4 v0x55b022fb8270_0;
    %pad/u 32;
    %load/vec4 v0x55b022fb98d0_0;
    %pad/u 32;
    %addi 10, 0, 32;
    %cmp/u;
    %jmp/0xz  T_6.70, 5;
    %pushi/vec4 10, 0, 14;
    %store/vec4 v0x55b022fb8490_0, 0, 14;
    %load/vec4 v0x55b022fb6710_0;
    %pad/u 14;
    %load/vec4 v0x55b022fb9590_0;
    %add;
    %pad/u 9;
    %store/vec4 v0x55b022fb6710_0, 0, 9;
    %jmp T_6.71;
T_6.70 ;
    %load/vec4 v0x55b022fb98d0_0;
    %addi 10, 0, 9;
    %store/vec4 v0x55b022fb98d0_0, 0, 9;
    %load/vec4 v0x55b022fb98d0_0;
    %pad/u 14;
    %store/vec4 v0x55b022fb8490_0, 0, 14;
    %load/vec4 v0x55b022fb9650_0;
    %store/vec4 v0x55b022fb7510_0, 0, 8;
    %load/vec4 v0x55b022fb96f0_0;
    %store/vec4 v0x55b022fb75f0_0, 0, 8;
    %load/vec4 v0x55b022fb9790_0;
    %store/vec4 v0x55b022fb76d0_0, 0, 8;
    %load/vec4 v0x55b022fb9830_0;
    %store/vec4 v0x55b022fb77b0_0, 0, 8;
T_6.71 ;
    %jmp T_6.69;
T_6.68 ;
    %load/vec4 v0x55b022fb8d30_0;
    %flag_set/vec4 8;
    %jmp/0xz  T_6.72, 8;
    %load/vec4 v0x55b022fb8270_0;
    %pad/u 32;
    %load/vec4 v0x55b022fb98d0_0;
    %pad/u 32;
    %addi 25, 0, 32;
    %cmp/u;
    %jmp/0xz  T_6.74, 5;
    %pushi/vec4 25, 0, 14;
    %store/vec4 v0x55b022fb8490_0, 0, 14;
    %load/vec4 v0x55b022fb6710_0;
    %pad/u 14;
    %load/vec4 v0x55b022fb9590_0;
    %add;
    %pad/u 9;
    %store/vec4 v0x55b022fb6710_0, 0, 9;
    %jmp T_6.75;
T_6.74 ;
    %load/vec4 v0x55b022fb98d0_0;
    %addi 25, 0, 9;
    %store/vec4 v0x55b022fb98d0_0, 0, 9;
    %load/vec4 v0x55b022fb98d0_0;
    %pad/u 14;
    %store/vec4 v0x55b022fb8490_0, 0, 14;
    %load/vec4 v0x55b022fb9650_0;
    %store/vec4 v0x55b022fb7510_0, 0, 8;
    %load/vec4 v0x55b022fb96f0_0;
    %store/vec4 v0x55b022fb75f0_0, 0, 8;
    %load/vec4 v0x55b022fb9790_0;
    %store/vec4 v0x55b022fb76d0_0, 0, 8;
    %load/vec4 v0x55b022fb9830_0;
    %store/vec4 v0x55b022fb77b0_0, 0, 8;
T_6.75 ;
    %jmp T_6.73;
T_6.72 ;
    %load/vec4 v0x55b022fb7a30_0;
    %flag_set/vec4 8;
    %jmp/0xz  T_6.76, 8;
    %load/vec4 v0x55b022fb8270_0;
    %pad/u 32;
    %load/vec4 v0x55b022fb98d0_0;
    %pad/u 32;
    %addi 50, 0, 32;
    %cmp/u;
    %jmp/0xz  T_6.78, 5;
    %pushi/vec4 50, 0, 14;
    %store/vec4 v0x55b022fb8490_0, 0, 14;
    %load/vec4 v0x55b022fb6710_0;
    %pad/u 14;
    %load/vec4 v0x55b022fb9590_0;
    %add;
    %pad/u 9;
    %store/vec4 v0x55b022fb6710_0, 0, 9;
    %jmp T_6.79;
T_6.78 ;
    %load/vec4 v0x55b022fb98d0_0;
    %addi 50, 0, 9;
    %store/vec4 v0x55b022fb98d0_0, 0, 9;
    %load/vec4 v0x55b022fb98d0_0;
    %pad/u 14;
    %store/vec4 v0x55b022fb8490_0, 0, 14;
    %load/vec4 v0x55b022fb9650_0;
    %store/vec4 v0x55b022fb7510_0, 0, 8;
    %load/vec4 v0x55b022fb96f0_0;
    %store/vec4 v0x55b022fb75f0_0, 0, 8;
    %load/vec4 v0x55b022fb9790_0;
    %store/vec4 v0x55b022fb76d0_0, 0, 8;
    %load/vec4 v0x55b022fb9830_0;
    %store/vec4 v0x55b022fb77b0_0, 0, 8;
T_6.79 ;
    %jmp T_6.77;
T_6.76 ;
    %load/vec4 v0x55b022fb7890_0;
    %flag_set/vec4 8;
    %jmp/0xz  T_6.80, 8;
    %load/vec4 v0x55b022fb8270_0;
    %pad/u 32;
    %load/vec4 v0x55b022fb98d0_0;
    %pad/u 32;
    %addi 100, 0, 32;
    %cmp/u;
    %jmp/0xz  T_6.82, 5;
    %pushi/vec4 100, 0, 14;
    %store/vec4 v0x55b022fb8490_0, 0, 14;
    %load/vec4 v0x55b022fb6710_0;
    %pad/u 14;
    %load/vec4 v0x55b022fb9590_0;
    %add;
    %pad/u 9;
    %store/vec4 v0x55b022fb6710_0, 0, 9;
    %jmp T_6.83;
T_6.82 ;
    %load/vec4 v0x55b022fb98d0_0;
    %addi 100, 0, 9;
    %store/vec4 v0x55b022fb98d0_0, 0, 9;
    %load/vec4 v0x55b022fb98d0_0;
    %pad/u 14;
    %store/vec4 v0x55b022fb8490_0, 0, 14;
    %load/vec4 v0x55b022fb9650_0;
    %store/vec4 v0x55b022fb7510_0, 0, 8;
    %load/vec4 v0x55b022fb96f0_0;
    %store/vec4 v0x55b022fb75f0_0, 0, 8;
    %load/vec4 v0x55b022fb9790_0;
    %store/vec4 v0x55b022fb76d0_0, 0, 8;
    %load/vec4 v0x55b022fb9830_0;
    %store/vec4 v0x55b022fb77b0_0, 0, 8;
T_6.83 ;
    %jmp T_6.81;
T_6.80 ;
    %load/vec4 v0x55b022fb7af0_0;
    %flag_set/vec4 8;
    %jmp/0xz  T_6.84, 8;
    %load/vec4 v0x55b022fb8270_0;
    %pad/u 32;
    %load/vec4 v0x55b022fb98d0_0;
    %pad/u 32;
    %addi 500, 0, 32;
    %cmp/u;
    %jmp/0xz  T_6.86, 5;
    %pushi/vec4 500, 0, 14;
    %store/vec4 v0x55b022fb8490_0, 0, 14;
    %load/vec4 v0x55b022fb6710_0;
    %pad/u 14;
    %load/vec4 v0x55b022fb9590_0;
    %add;
    %pad/u 9;
    %store/vec4 v0x55b022fb6710_0, 0, 9;
    %jmp T_6.87;
T_6.86 ;
    %load/vec4 v0x55b022fb98d0_0;
    %pad/u 10;
    %addi 500, 0, 10;
    %pad/u 9;
    %store/vec4 v0x55b022fb98d0_0, 0, 9;
    %load/vec4 v0x55b022fb98d0_0;
    %pad/u 14;
    %store/vec4 v0x55b022fb8490_0, 0, 14;
    %load/vec4 v0x55b022fb9650_0;
    %store/vec4 v0x55b022fb7510_0, 0, 8;
    %load/vec4 v0x55b022fb96f0_0;
    %store/vec4 v0x55b022fb75f0_0, 0, 8;
    %load/vec4 v0x55b022fb9790_0;
    %store/vec4 v0x55b022fb76d0_0, 0, 8;
    %load/vec4 v0x55b022fb9830_0;
    %store/vec4 v0x55b022fb77b0_0, 0, 8;
T_6.87 ;
T_6.84 ;
T_6.81 ;
T_6.77 ;
T_6.73 ;
T_6.69 ;
T_6.65 ;
    %jmp T_6.63;
T_6.62 ;
    %load/vec4 v0x55b022fb63d0_0;
    %flag_set/vec4 8;
    %jmp/0xz  T_6.88, 8;
    %pushi/vec4 1, 0, 1;
    %store/vec4 v0x55b022fb73d0_0, 0, 1;
    %pushi/vec4 0, 0, 1;
    %store/vec4 v0x55b022fb8350_0, 0, 1;
    %pushi/vec4 0, 0, 32;
    %load/vec4 v0x55b022fb6490_0;
    %pad/u 32;
    %cmp/u;
    %jmp/0xz  T_6.90, 5;
    %load/vec4 v0x55b022fb6490_0;
    %pad/u 14;
    %store/vec4 v0x55b022fb8490_0, 0, 14;
    %jmp T_6.91;
T_6.90 ;
    %pushi/vec4 0, 0, 32;
    %load/vec4 v0x55b022fb98d0_0;
    %pad/u 32;
    %cmp/u;
    %jmp/0xz  T_6.92, 5;
    %load/vec4 v0x55b022fb98d0_0;
    %pad/u 14;
    %store/vec4 v0x55b022fb8490_0, 0, 14;
T_6.92 ;
T_6.91 ;
    %pushi/vec4 0, 0, 9;
    %store/vec4 v0x55b022fb98d0_0, 0, 9;
    %pushi/vec4 0, 0, 9;
    %store/vec4 v0x55b022fb6490_0, 0, 9;
    %pushi/vec4 0, 0, 9;
    %store/vec4 v0x55b022fb6710_0, 0, 9;
    %pushi/vec4 0, 0, 8;
    %store/vec4 v0x55b022fb94b0_0, 0, 8;
    %pushi/vec4 129, 0, 8;
    %store/vec4 v0x55b022fb7510_0, 0, 8;
    %pushi/vec4 129, 0, 8;
    %store/vec4 v0x55b022fb75f0_0, 0, 8;
    %pushi/vec4 129, 0, 8;
    %store/vec4 v0x55b022fb76d0_0, 0, 8;
    %pushi/vec4 129, 0, 8;
    %store/vec4 v0x55b022fb77b0_0, 0, 8;
    %jmp T_6.89;
T_6.88 ;
    %load/vec4 v0x55b022fb67f0_0;
    %flag_set/vec4 8;
    %jmp/0xz  T_6.94, 8;
    %pushi/vec4 0, 0, 1;
    %store/vec4 v0x55b022fb73d0_0, 0, 1;
    %pushi/vec4 0, 0, 1;
    %store/vec4 v0x55b022fb8350_0, 0, 1;
    %load/vec4 v0x55b022fb7510_0;
    %store/vec4 v0x55b022fb68b0_0, 0, 8;
    %load/vec4 v0x55b022fb75f0_0;
    %store/vec4 v0x55b022fb6990_0, 0, 8;
    %load/vec4 v0x55b022fb76d0_0;
    %store/vec4 v0x55b022fb6a70_0, 0, 8;
    %load/vec4 v0x55b022fb77b0_0;
    %store/vec4 v0x55b022fb6b50_0, 0, 8;
    %load/vec4 v0x55b022fb6710_0;
    %pad/u 14;
    %store/vec4 v0x55b022fb8490_0, 0, 14;
    %load/vec4 v0x55b022fb9650_0;
    %store/vec4 v0x55b022fb7510_0, 0, 8;
    %load/vec4 v0x55b022fb96f0_0;
    %store/vec4 v0x55b022fb75f0_0, 0, 8;
    %load/vec4 v0x55b022fb9790_0;
    %store/vec4 v0x55b022fb76d0_0, 0, 8;
    %load/vec4 v0x55b022fb9830_0;
    %store/vec4 v0x55b022fb77b0_0, 0, 8;
T_6.94 ;
T_6.89 ;
T_6.63 ;
T_6.1 ;
    %jmp T_6;
    .thread T_6;
    .scope S_0x55b022ec4340;
T_7 ;
    %vpi_call 2 108 "$monitor", "A1 %0b%0b A2 %0b%0b A3 %0b%0b\012B1 %0b%0b B2 %0b%0b B3 %0b%0b\012C1 %0b%0b C2 %0b%0b C3 %0b%0b\012\012A1 %0b A2 %0b A3 %0b B1 %0b B2 %0b B3 %0b C1 %0b C2 %0b C3 %0b", v0x55b022fbc130_0, v0x55b022fbb840_0, v0x55b022fbc200_0, v0x55b022fbb910_0, v0x55b022fbc2d0_0, v0x55b022fbb9e0_0, v0x55b022fbc3a0_0, v0x55b022fbbab0_0, v0x55b022fbc470_0, v0x55b022fbbb80_0, v0x55b022fbc540_0, v0x55b022fbbc50_0, v0x55b022fbc610_0, v0x55b022fbbd20_0, v0x55b022fbc6e0_0, v0x55b022fbbdf0_0, v0x55b022fbc7b0_0, v0x55b022fbbec0_0, v0x55b022fbadb0_0, v0x55b022fbae80_0, v0x55b022fbaf50_0, v0x55b022fbb020_0, v0x55b022fbb0f0_0, v0x55b022fbb1c0_0, v0x55b022fbb290_0, v0x55b022fbb360_0, v0x55b022fbb430_0 {0 0 0};
    %delay 1000, 0;
    %pushi/vec4 1, 0, 1;
    %store/vec4 v0x55b022fba2b0_0, 0, 1;
    %vpi_call 2 112 "$display", "\012A1 = 1" {0 0 0};
    %delay 1000, 0;
    %pushi/vec4 0, 0, 1;
    %store/vec4 v0x55b022fba2b0_0, 0, 1;
    %delay 1000, 0;
    %pushi/vec4 1, 0, 1;
    %store/vec4 v0x55b022fba3a0_0, 0, 1;
    %vpi_call 2 116 "$display", "A2 = 1" {0 0 0};
    %delay 1000, 0;
    %pushi/vec4 0, 0, 1;
    %store/vec4 v0x55b022fba3a0_0, 0, 1;
    %delay 1000, 0;
    %pushi/vec4 1, 0, 1;
    %store/vec4 v0x55b022fba470_0, 0, 1;
    %vpi_call 2 120 "$display", "A3 = 1" {0 0 0};
    %delay 1000, 0;
    %pushi/vec4 0, 0, 1;
    %store/vec4 v0x55b022fba470_0, 0, 1;
    %delay 1000, 0;
    %pushi/vec4 1, 0, 1;
    %store/vec4 v0x55b022fba570_0, 0, 1;
    %vpi_call 2 124 "$display", "B1 = 1" {0 0 0};
    %delay 1000, 0;
    %pushi/vec4 0, 0, 1;
    %store/vec4 v0x55b022fba570_0, 0, 1;
    %delay 1000, 0;
    %pushi/vec4 1, 0, 1;
    %store/vec4 v0x55b022fba640_0, 0, 1;
    %vpi_call 2 128 "$display", "B2 = 1" {0 0 0};
    %delay 1000, 0;
    %pushi/vec4 0, 0, 1;
    %store/vec4 v0x55b022fba640_0, 0, 1;
    %delay 1000, 0;
    %pushi/vec4 1, 0, 1;
    %store/vec4 v0x55b022fba730_0, 0, 1;
    %vpi_call 2 132 "$display", "B3 = 1" {0 0 0};
    %delay 1000, 0;
    %pushi/vec4 0, 0, 1;
    %store/vec4 v0x55b022fba730_0, 0, 1;
    %delay 1000, 0;
    %pushi/vec4 1, 0, 1;
    %store/vec4 v0x55b022fba800_0, 0, 1;
    %vpi_call 2 136 "$display", "C1 = 1" {0 0 0};
    %delay 1000, 0;
    %pushi/vec4 0, 0, 1;
    %store/vec4 v0x55b022fba800_0, 0, 1;
    %delay 1000, 0;
    %pushi/vec4 1, 0, 1;
    %store/vec4 v0x55b022fba8d0_0, 0, 1;
    %vpi_call 2 140 "$display", "C2 = 1" {0 0 0};
    %delay 1000, 0;
    %pushi/vec4 0, 0, 1;
    %store/vec4 v0x55b022fba8d0_0, 0, 1;
    %delay 1000, 0;
    %pushi/vec4 1, 0, 1;
    %store/vec4 v0x55b022fba9a0_0, 0, 1;
    %vpi_call 2 152 "$display", "C3 = 1" {0 0 0};
    %delay 1000, 0;
    %pushi/vec4 0, 0, 1;
    %store/vec4 v0x55b022fba9a0_0, 0, 1;
    %delay 1000, 0;
    %pushi/vec4 1, 0, 1;
    %store/vec4 v0x55b022fbbf90_0, 0, 1;
    %vpi_call 2 156 "$display", "nickel = 1" {0 0 0};
    %delay 1000, 0;
    %pushi/vec4 0, 0, 1;
    %store/vec4 v0x55b022fbbf90_0, 0, 1;
    %delay 1000, 0;
    %pushi/vec4 1, 0, 1;
    %store/vec4 v0x55b022fba2b0_0, 0, 1;
    %vpi_call 2 166 "$display", "A1 = 1" {0 0 0};
    %delay 1000, 0;
    %pushi/vec4 0, 0, 1;
    %store/vec4 v0x55b022fba2b0_0, 0, 1;
    %delay 1000, 0;
    %pushi/vec4 1, 0, 1;
    %store/vec4 v0x55b022fbbf90_0, 0, 1;
    %vpi_call 2 171 "$display", "nickel = 1" {0 0 0};
    %delay 1000, 0;
    %pushi/vec4 0, 0, 1;
    %store/vec4 v0x55b022fbbf90_0, 0, 1;
    %delay 1000, 0;
    %pushi/vec4 1, 0, 1;
    %store/vec4 v0x55b022fbbf90_0, 0, 1;
    %vpi_call 2 175 "$display", "nickel = 1" {0 0 0};
    %delay 1000, 0;
    %pushi/vec4 0, 0, 1;
    %store/vec4 v0x55b022fbbf90_0, 0, 1;
    %delay 1000, 0;
    %pushi/vec4 1, 0, 1;
    %store/vec4 v0x55b022fba2b0_0, 0, 1;
    %vpi_call 2 179 "$display", "A1 = 1" {0 0 0};
    %delay 1000, 0;
    %pushi/vec4 0, 0, 1;
    %store/vec4 v0x55b022fba2b0_0, 0, 1;
    %delay 1000, 0;
    %pushi/vec4 1, 0, 1;
    %store/vec4 v0x55b022fbbf90_0, 0, 1;
    %vpi_call 2 183 "$display", "nickel = 1" {0 0 0};
    %delay 1000, 0;
    %pushi/vec4 0, 0, 1;
    %store/vec4 v0x55b022fbbf90_0, 0, 1;
    %delay 1000, 0;
    %pushi/vec4 1, 0, 1;
    %store/vec4 v0x55b022fbb5d0_0, 0, 1;
    %vpi_call 2 187 "$display", "dollar = 1" {0 0 0};
    %delay 1000, 0;
    %pushi/vec4 0, 0, 1;
    %store/vec4 v0x55b022fbb5d0_0, 0, 1;
    %delay 1000, 0;
    %pushi/vec4 1, 0, 1;
    %store/vec4 v0x55b022fba2b0_0, 0, 1;
    %vpi_call 2 191 "$display", "A1 = 1" {0 0 0};
    %delay 1000, 0;
    %pushi/vec4 0, 0, 1;
    %store/vec4 v0x55b022fba2b0_0, 0, 1;
    %delay 1000000, 0;
    %vpi_call 2 194 "$finish" {0 0 0};
    %end;
    .thread T_7;
# The file index is used to find the file name in the following table.
:file_names 6;
    "N/A";
    "<interactive>";
    "vending_machine_tb.v";
    "./../hdl/vending_machine.v";
    "./../hdl/num_to_coins.v";
    "./../hdl/num_to_7SD.v";
